#
# There is insufficient memory for the Java Runtime Environment to continue.
# Native memory allocation (mmap) failed to map 145752064 bytes for G1 virtual space
# Possible reasons:
#   The system is out of physical RAM or swap space
#   The process is running with CompressedOops enabled, and the Java Heap may be blocking the growth of the native heap
# Possible solutions:
#   Reduce memory load on the system
#   Increase physical memory or swap space
#   Check if swap backing store is full
#   Decrease Java heap size (-Xmx/-Xms)
#   Decrease number of Java threads
#   Decrease Java thread stack sizes (-Xss)
#   Set larger code cache with -XX:ReservedCodeCacheSize=
#   JVM is running with Unscaled Compressed Oops mode in which the Java heap is
#     placed in the first 4GB address space. The Java Heap base address is the
#     maximum limit for the native heap growth. Please use -XX:HeapBaseMinAddress
#     to set the Java Heap base and to place the Java Heap above 4GB virtual address.
# This output file may be truncated or incomplete.
#
#  Out of Memory Error (os_windows.cpp:3769), pid=7496, tid=10612
#
# JRE version: OpenJDK Runtime Environment (17.0.6) (build 17.0.6+0-b2043.56-10027231)
# Java VM: OpenJDK 64-Bit Server VM (17.0.6+0-b2043.56-10027231, mixed mode, tiered, compressed oops, compressed class ptrs, g1 gc, windows-amd64)
# No core dump will be written. Minidumps are not enabled by default on client versions of Windows
#

---------------  S U M M A R Y ------------

Command Line: --add-opens=java.base/java.util=ALL-UNNAMED --add-opens=java.base/java.lang=ALL-UNNAMED --add-opens=java.base/java.lang.invoke=ALL-UNNAMED --add-opens=java.base/java.util=ALL-UNNAMED --add-opens=java.prefs/java.util.prefs=ALL-UNNAMED --add-opens=java.prefs/java.util.prefs=ALL-UNNAMED --add-opens=java.base/java.nio.charset=ALL-UNNAMED --add-opens=java.base/java.net=ALL-UNNAMED --add-opens=java.base/java.util.concurrent.atomic=ALL-UNNAMED -Xmx2048m -Dfile.encoding=UTF-8 -Duser.country=US -Duser.language=en -Duser.variant org.gradle.launcher.daemon.bootstrap.GradleDaemon 7.3.3

Host: Intel(R) Core(TM) i7-4600U CPU @ 2.10GHz, 4 cores, 7G,  Windows 10 , 64 bit Build 19041 (10.0.19041.3570)
Time: Sat Oct 21 00:29:53 2023 SE Asia Standard Time elapsed time: 35.794012 seconds (0d 0h 0m 35s)

---------------  T H R E A D  ---------------

Current thread (0x00000224bdca8540):  VMThread "VM Thread" [stack: 0x0000007d93a00000,0x0000007d93b00000] [id=10612]

Stack: [0x0000007d93a00000,0x0000007d93b00000]
Native frames: (J=compiled Java code, j=interpreted, Vv=VM code, C=native code)
V  [jvm.dll+0x683c9a]
V  [jvm.dll+0x8427a4]
V  [jvm.dll+0x843f9e]
V  [jvm.dll+0x844603]
V  [jvm.dll+0x249b75]
V  [jvm.dll+0x680b69]
V  [jvm.dll+0x67505a]
V  [jvm.dll+0x309acb]
V  [jvm.dll+0x310f86]
V  [jvm.dll+0x3608ee]
V  [jvm.dll+0x360b1f]
V  [jvm.dll+0x2dfbf8]
V  [jvm.dll+0x2ddec4]
V  [jvm.dll+0x2dd4cc]
V  [jvm.dll+0x321f3b]
V  [jvm.dll+0x848ccb]
V  [jvm.dll+0x849a04]
V  [jvm.dll+0x849f1d]
V  [jvm.dll+0x84a2f4]
V  [jvm.dll+0x84a3c0]
V  [jvm.dll+0x7f274a]
V  [jvm.dll+0x682ad5]
C  [ucrtbase.dll+0x21bb2]
C  [KERNEL32.DLL+0x17344]
C  [ntdll.dll+0x526b1]

VM_Operation (0x0000007d993fcb30): G1CollectForAllocation, mode: safepoint, requested by thread 0x00000224bed5b120


---------------  P R O C E S S  ---------------

Threads class SMR info:
_java_thread_list=0x00000224c4a35090, length=87, elements={
0x00000224a278b320, 0x00000224bdcae4a0, 0x00000224bdcb0110, 0x00000224bdcec010,
0x00000224bdcee500, 0x00000224be808810, 0x00000224be809870, 0x00000224be80d3c0,
0x00000224be80e460, 0x00000224be8345e0, 0x00000224be9cd010, 0x00000224be9cf900,
0x00000224c0d86030, 0x00000224c028b1e0, 0x00000224c02f6b10, 0x00000224c0d368d0,
0x00000224bfe12570, 0x00000224c02429c0, 0x00000224c0243260, 0x00000224beb5fe60,
0x00000224beb5eff0, 0x00000224beb60330, 0x00000224beb60800, 0x00000224beb5e650,
0x00000224beb61670, 0x00000224beb60cd0, 0x00000224beb5eb20, 0x00000224beb5f4c0,
0x00000224beb5dcb0, 0x00000224beb5f990, 0x00000224c2901f70, 0x00000224c2902910,
0x00000224c29032b0, 0x00000224c2903780, 0x00000224c28fef50, 0x00000224c2902de0,
0x00000224c2901100, 0x00000224c2902440, 0x00000224c29015d0, 0x00000224c2903c50,
0x00000224c28ffdc0, 0x00000224c2900290, 0x00000224c2904120, 0x00000224c2900760,
0x00000224c28fea80, 0x00000224c2900c30, 0x00000224c28fcda0, 0x00000224c2901aa0,
0x00000224c28fd270, 0x00000224c28fd740, 0x00000224c28fe5b0, 0x00000224c16e7b00,
0x00000224c16eb990, 0x00000224c16eaff0, 0x00000224c16e84a0, 0x00000224c16eab20,
0x00000224c16e6c90, 0x00000224c16eb4c0, 0x00000224c16e7630, 0x00000224c16e7fd0,
0x00000224c16e8970, 0x00000224c16ebe60, 0x00000224c16ec330, 0x00000224c16ec800,
0x00000224c16e9cb0, 0x00000224c16eccd0, 0x00000224c16e8e40, 0x00000224c16ed1a0,
0x00000224c16e9310, 0x00000224c16e7160, 0x00000224c16ed670, 0x00000224c16edb40,
0x00000224c16e97e0, 0x00000224c16ee010, 0x00000224c16ee4e0, 0x00000224c16ea180,
0x00000224c16ea650, 0x00000224bed5e140, 0x00000224bed5f950, 0x00000224bed5b5f0,
0x00000224bed61160, 0x00000224bed5efb0, 0x00000224bed624a0, 0x00000224bed5dc70,
0x00000224bed62970, 0x00000224bed61b00, 0x00000224bed5b120
}

Java Threads: ( => current thread )
  0x00000224a278b320 JavaThread "main" [_thread_blocked, id=14324, stack(0x0000007d93400000,0x0000007d93500000)]
  0x00000224bdcae4a0 JavaThread "Reference Handler" daemon [_thread_blocked, id=3804, stack(0x0000007d93b00000,0x0000007d93c00000)]
  0x00000224bdcb0110 JavaThread "Finalizer" daemon [_thread_blocked, id=9116, stack(0x0000007d93c00000,0x0000007d93d00000)]
  0x00000224bdcec010 JavaThread "Signal Dispatcher" daemon [_thread_blocked, id=12648, stack(0x0000007d93d00000,0x0000007d93e00000)]
  0x00000224bdcee500 JavaThread "Attach Listener" daemon [_thread_blocked, id=12916, stack(0x0000007d93e00000,0x0000007d93f00000)]
  0x00000224be808810 JavaThread "Service Thread" daemon [_thread_blocked, id=9256, stack(0x0000007d93f00000,0x0000007d94000000)]
  0x00000224be809870 JavaThread "Monitor Deflation Thread" daemon [_thread_blocked, id=11836, stack(0x0000007d94000000,0x0000007d94100000)]
  0x00000224be80d3c0 JavaThread "C2 CompilerThread0" daemon [_thread_blocked, id=12992, stack(0x0000007d94100000,0x0000007d94200000)]
  0x00000224be80e460 JavaThread "C1 CompilerThread0" daemon [_thread_blocked, id=13760, stack(0x0000007d94200000,0x0000007d94300000)]
  0x00000224be8345e0 JavaThread "Sweeper thread" daemon [_thread_blocked, id=2460, stack(0x0000007d94300000,0x0000007d94400000)]
  0x00000224be9cd010 JavaThread "Common-Cleaner" daemon [_thread_blocked, id=15104, stack(0x0000007d94400000,0x0000007d94500000)]
  0x00000224be9cf900 JavaThread "Notification Thread" daemon [_thread_blocked, id=2204, stack(0x0000007d94500000,0x0000007d94600000)]
  0x00000224c0d86030 JavaThread "Daemon health stats" [_thread_blocked, id=8956, stack(0x0000007d94b00000,0x0000007d94c00000)]
  0x00000224c028b1e0 JavaThread "Incoming local TCP Connector on port 49197" [_thread_in_native, id=7696, stack(0x0000007d94c00000,0x0000007d94d00000)]
  0x00000224c02f6b10 JavaThread "Daemon periodic checks" [_thread_blocked, id=1376, stack(0x0000007d94d00000,0x0000007d94e00000)]
  0x00000224c0d368d0 JavaThread "Daemon" [_thread_blocked, id=15912, stack(0x0000007d94e00000,0x0000007d94f00000)]
  0x00000224bfe12570 JavaThread "Handler for socket connection from /127.0.0.1:49197 to /127.0.0.1:49198" [_thread_in_native, id=12468, stack(0x0000007d94f00000,0x0000007d95000000)]
  0x00000224c02429c0 JavaThread "Cancel handler" [_thread_blocked, id=15784, stack(0x0000007d95000000,0x0000007d95100000)]
  0x00000224c0243260 JavaThread "Daemon worker" [_thread_blocked, id=11984, stack(0x0000007d95100000,0x0000007d95200000)]
  0x00000224beb5fe60 JavaThread "Asynchronous log dispatcher for DefaultDaemonConnection: socket connection from /127.0.0.1:49197 to /127.0.0.1:49198" [_thread_blocked, id=13600, stack(0x0000007d95200000,0x0000007d95300000)]
  0x00000224beb5eff0 JavaThread "Stdin handler" [_thread_blocked, id=10992, stack(0x0000007d95300000,0x0000007d95400000)]
  0x00000224beb60330 JavaThread "Daemon client event forwarder" [_thread_blocked, id=10272, stack(0x0000007d95400000,0x0000007d95500000)]
  0x00000224beb60800 JavaThread "Cache worker for journal cache (C:\Users\admin\.gradle\caches\journal-1)" [_thread_blocked, id=5964, stack(0x0000007d95500000,0x0000007d95600000)]
  0x00000224beb5e650 JavaThread "File lock request listener" [_thread_in_native, id=10020, stack(0x0000007d95600000,0x0000007d95700000)]
  0x00000224beb61670 JavaThread "Cache worker for file hash cache (C:\Users\admin\.gradle\caches\7.3.3\fileHashes)" [_thread_blocked, id=14832, stack(0x0000007d95700000,0x0000007d95800000)]
  0x00000224beb60cd0 JavaThread "Cache worker for file hash cache (E:\Downloads\UngDungBanHang\AppBanHang\.gradle\7.3.3\fileHashes)" [_thread_blocked, id=9120, stack(0x0000007d95800000,0x0000007d95900000)]
  0x00000224beb5eb20 JavaThread "File watcher server" daemon [_thread_blocked, id=12100, stack(0x0000007d95900000,0x0000007d95a00000)]
  0x00000224beb5f4c0 JavaThread "File watcher consumer" daemon [_thread_blocked, id=976, stack(0x0000007d95a00000,0x0000007d95b00000)]
  0x00000224beb5dcb0 JavaThread "Cache worker for checksums cache (E:\Downloads\UngDungBanHang\AppBanHang\.gradle\7.3.3\checksums)" [_thread_blocked, id=12976, stack(0x0000007d94700000,0x0000007d94800000)]
  0x00000224beb5f990 JavaThread "Cache worker for cache directory md-supplier (C:\Users\admin\.gradle\caches\7.3.3\md-supplier)" [_thread_blocked, id=7852, stack(0x0000007d95b00000,0x0000007d95c00000)]
  0x00000224c2901f70 JavaThread "Cache worker for cache directory md-rule (C:\Users\admin\.gradle\caches\7.3.3\md-rule)" [_thread_blocked, id=5504, stack(0x0000007d95d00000,0x0000007d95e00000)]
  0x00000224c2902910 JavaThread "Cache worker for execution history cache (C:\Users\admin\.gradle\caches\7.3.3\executionHistory)" [_thread_blocked, id=7120, stack(0x0000007d95e00000,0x0000007d95f00000)]
  0x00000224c29032b0 JavaThread "jar transforms" [_thread_blocked, id=15940, stack(0x0000007d95c00000,0x0000007d95d00000)]
  0x00000224c2903780 JavaThread "jar transforms Thread 2" [_thread_blocked, id=6844, stack(0x0000007d95f00000,0x0000007d96000000)]
  0x00000224c28fef50 JavaThread "Cache worker for file content cache (C:\Users\admin\.gradle\caches\7.3.3\fileContent)" [_thread_blocked, id=15140, stack(0x0000007d96100000,0x0000007d96200000)]
  0x00000224c2902de0 JavaThread "jar transforms Thread 3" [_thread_blocked, id=14556, stack(0x0000007d96000000,0x0000007d96100000)]
  0x00000224c2901100 JavaThread "jar transforms Thread 4" [_thread_blocked, id=2884, stack(0x0000007d96300000,0x0000007d96400000)]
  0x00000224c2902440 JavaThread "Cache worker for dependencies-accessors (E:\Downloads\UngDungBanHang\AppBanHang\.gradle\7.3.3\dependencies-accessors)" [_thread_blocked, id=11212, stack(0x0000007d96400000,0x0000007d96500000)]
  0x00000224c29015d0 JavaThread "Cache worker for Build Output Cleanup Cache (E:\Downloads\UngDungBanHang\AppBanHang\.gradle\buildOutputCleanup)" [_thread_blocked, id=13068, stack(0x0000007d96200000,0x0000007d96300000)]
  0x00000224c2903c50 JavaThread "Unconstrained build operations" [_thread_blocked, id=9360, stack(0x0000007d96500000,0x0000007d96600000)]
  0x00000224c28ffdc0 JavaThread "Unconstrained build operations Thread 2" [_thread_blocked, id=3444, stack(0x0000007d96600000,0x0000007d96700000)]
  0x00000224c2900290 JavaThread "Unconstrained build operations Thread 3" [_thread_blocked, id=14480, stack(0x0000007d96700000,0x0000007d96800000)]
  0x00000224c2904120 JavaThread "Unconstrained build operations Thread 4" [_thread_blocked, id=15636, stack(0x0000007d96800000,0x0000007d96900000)]
  0x00000224c2900760 JavaThread "Unconstrained build operations Thread 5" [_thread_blocked, id=12832, stack(0x0000007d96900000,0x0000007d96a00000)]
  0x00000224c28fea80 JavaThread "Unconstrained build operations Thread 6" [_thread_blocked, id=14684, stack(0x0000007d96a00000,0x0000007d96b00000)]
  0x00000224c2900c30 JavaThread "Unconstrained build operations Thread 7" [_thread_blocked, id=11284, stack(0x0000007d96b00000,0x0000007d96c00000)]
  0x00000224c28fcda0 JavaThread "Unconstrained build operations Thread 8" [_thread_blocked, id=512, stack(0x0000007d96c00000,0x0000007d96d00000)]
  0x00000224c2901aa0 JavaThread "Unconstrained build operations Thread 9" [_thread_blocked, id=14492, stack(0x0000007d96d00000,0x0000007d96e00000)]
  0x00000224c28fd270 JavaThread "Unconstrained build operations Thread 10" [_thread_blocked, id=15716, stack(0x0000007d96e00000,0x0000007d96f00000)]
  0x00000224c28fd740 JavaThread "Unconstrained build operations Thread 11" [_thread_blocked, id=14012, stack(0x0000007d96f00000,0x0000007d97000000)]
  0x00000224c28fe5b0 JavaThread "Unconstrained build operations Thread 12" [_thread_blocked, id=13044, stack(0x0000007d97000000,0x0000007d97100000)]
  0x00000224c16e7b00 JavaThread "Unconstrained build operations Thread 13" [_thread_blocked, id=13040, stack(0x0000007d97100000,0x0000007d97200000)]
  0x00000224c16eb990 JavaThread "Unconstrained build operations Thread 14" [_thread_blocked, id=16048, stack(0x0000007d97200000,0x0000007d97300000)]
  0x00000224c16eaff0 JavaThread "Unconstrained build operations Thread 15" [_thread_blocked, id=13076, stack(0x0000007d97300000,0x0000007d97400000)]
  0x00000224c16e84a0 JavaThread "Unconstrained build operations Thread 16" [_thread_blocked, id=9464, stack(0x0000007d97400000,0x0000007d97500000)]
  0x00000224c16eab20 JavaThread "Unconstrained build operations Thread 17" [_thread_blocked, id=14500, stack(0x0000007d97500000,0x0000007d97600000)]
  0x00000224c16e6c90 JavaThread "Unconstrained build operations Thread 18" [_thread_blocked, id=16108, stack(0x0000007d97600000,0x0000007d97700000)]
  0x00000224c16eb4c0 JavaThread "Unconstrained build operations Thread 19" [_thread_blocked, id=15752, stack(0x0000007d97700000,0x0000007d97800000)]
  0x00000224c16e7630 JavaThread "Unconstrained build operations Thread 20" [_thread_blocked, id=10632, stack(0x0000007d97800000,0x0000007d97900000)]
  0x00000224c16e7fd0 JavaThread "Unconstrained build operations Thread 21" [_thread_blocked, id=10424, stack(0x0000007d97900000,0x0000007d97a00000)]
  0x00000224c16e8970 JavaThread "Unconstrained build operations Thread 22" [_thread_blocked, id=11640, stack(0x0000007d97a00000,0x0000007d97b00000)]
  0x00000224c16ebe60 JavaThread "Unconstrained build operations Thread 23" [_thread_blocked, id=13092, stack(0x0000007d97b00000,0x0000007d97c00000)]
  0x00000224c16ec330 JavaThread "Unconstrained build operations Thread 24" [_thread_blocked, id=2872, stack(0x0000007d97c00000,0x0000007d97d00000)]
  0x00000224c16ec800 JavaThread "Unconstrained build operations Thread 25" [_thread_blocked, id=14944, stack(0x0000007d97d00000,0x0000007d97e00000)]
  0x00000224c16e9cb0 JavaThread "Unconstrained build operations Thread 26" [_thread_blocked, id=14916, stack(0x0000007d97e00000,0x0000007d97f00000)]
  0x00000224c16eccd0 JavaThread "Unconstrained build operations Thread 27" [_thread_blocked, id=6436, stack(0x0000007d97f00000,0x0000007d98000000)]
  0x00000224c16e8e40 JavaThread "Unconstrained build operations Thread 28" [_thread_blocked, id=4668, stack(0x0000007d98000000,0x0000007d98100000)]
  0x00000224c16ed1a0 JavaThread "Unconstrained build operations Thread 29" [_thread_blocked, id=16116, stack(0x0000007d98100000,0x0000007d98200000)]
  0x00000224c16e9310 JavaThread "Unconstrained build operations Thread 30" [_thread_blocked, id=4812, stack(0x0000007d98200000,0x0000007d98300000)]
  0x00000224c16e7160 JavaThread "Unconstrained build operations Thread 31" [_thread_blocked, id=11552, stack(0x0000007d98300000,0x0000007d98400000)]
  0x00000224c16ed670 JavaThread "Unconstrained build operations Thread 32" [_thread_blocked, id=10300, stack(0x0000007d98400000,0x0000007d98500000)]
  0x00000224c16edb40 JavaThread "Unconstrained build operations Thread 33" [_thread_blocked, id=356, stack(0x0000007d98500000,0x0000007d98600000)]
  0x00000224c16e97e0 JavaThread "Unconstrained build operations Thread 34" [_thread_blocked, id=1064, stack(0x0000007d98600000,0x0000007d98700000)]
  0x00000224c16ee010 JavaThread "Unconstrained build operations Thread 35" [_thread_blocked, id=2324, stack(0x0000007d98700000,0x0000007d98800000)]
  0x00000224c16ee4e0 JavaThread "Unconstrained build operations Thread 36" [_thread_blocked, id=7516, stack(0x0000007d98800000,0x0000007d98900000)]
  0x00000224c16ea180 JavaThread "Unconstrained build operations Thread 37" [_thread_blocked, id=11844, stack(0x0000007d98900000,0x0000007d98a00000)]
  0x00000224c16ea650 JavaThread "Unconstrained build operations Thread 38" [_thread_blocked, id=7800, stack(0x0000007d98a00000,0x0000007d98b00000)]
  0x00000224bed5e140 JavaThread "Unconstrained build operations Thread 39" [_thread_blocked, id=3908, stack(0x0000007d98b00000,0x0000007d98c00000)]
  0x00000224bed5f950 JavaThread "Unconstrained build operations Thread 40" [_thread_blocked, id=8844, stack(0x0000007d98c00000,0x0000007d98d00000)]
  0x00000224bed5b5f0 JavaThread "Memory manager" [_thread_blocked, id=14744, stack(0x0000007d98d00000,0x0000007d98e00000)]
  0x00000224bed61160 JavaThread "build event listener" [_thread_blocked, id=15812, stack(0x0000007d93200000,0x0000007d93300000)]
  0x00000224bed5efb0 JavaThread "pool-3-thread-1" [_thread_blocked, id=12260, stack(0x0000007d98e00000,0x0000007d98f00000)]
  0x00000224bed624a0 JavaThread "build event listener" [_thread_blocked, id=10156, stack(0x0000007d98f00000,0x0000007d99000000)]
  0x00000224bed5dc70 JavaThread "Execution worker for ':'" [_thread_blocked, id=724, stack(0x0000007d99000000,0x0000007d99100000)]
  0x00000224bed62970 JavaThread "Execution worker for ':' Thread 2" [_thread_blocked, id=7140, stack(0x0000007d99100000,0x0000007d99200000)]
  0x00000224bed61b00 JavaThread "Execution worker for ':' Thread 3" [_thread_blocked, id=8176, stack(0x0000007d99200000,0x0000007d99300000)]
  0x00000224bed5b120 JavaThread "Cache worker for execution history cache (E:\Downloads\UngDungBanHang\AppBanHang\.gradle\7.3.3\executionHistory)" [_thread_blocked, id=11664, stack(0x0000007d99300000,0x0000007d99400000)]

Other Threads:
=>0x00000224bdca8540 VMThread "VM Thread" [stack: 0x0000007d93a00000,0x0000007d93b00000] [id=10612]
  0x00000224be9b7050 WatcherThread [stack: 0x0000007d94600000,0x0000007d94700000] [id=12784]
  0x00000224a27e9970 GCTaskThread "GC Thread#0" [stack: 0x0000007d93500000,0x0000007d93600000] [id=11852]
  0x00000224bf1ab770 GCTaskThread "GC Thread#1" [stack: 0x0000007d94800000,0x0000007d94900000] [id=9712]
  0x00000224bf1aba20 GCTaskThread "GC Thread#2" [stack: 0x0000007d94900000,0x0000007d94a00000] [id=14256]
  0x00000224bf85ad60 GCTaskThread "GC Thread#3" [stack: 0x0000007d94a00000,0x0000007d94b00000] [id=2720]
  0x00000224a27fa7c0 ConcurrentGCThread "G1 Main Marker" [stack: 0x0000007d93600000,0x0000007d93700000] [id=13472]
  0x00000224a27fb0e0 ConcurrentGCThread "G1 Conc#0" [stack: 0x0000007d93700000,0x0000007d93800000] [id=9956]
  0x00000224a285e0c0 ConcurrentGCThread "G1 Refine#0" [stack: 0x0000007d93800000,0x0000007d93900000] [id=5924]
  0x00000224a285e9f0 ConcurrentGCThread "G1 Service" [stack: 0x0000007d93900000,0x0000007d93a00000] [id=8916]

Threads with active compile tasks:
C2 CompilerThread0    35859 9769  s    4       java.io.BufferedInputStream::read (113 bytes)

VM state: at safepoint (normal execution)

VM Mutex/Monitor currently owned by a thread:  ([mutex/lock_event])
[0x00000224a2785c50] Threads_lock - owner thread: 0x00000224bdca8540
[0x00000224a2786700] Heap_lock - owner thread: 0x00000224bed5b120

Heap address: 0x0000000080000000, size: 2048 MB, Compressed Oops mode: 32-bit

CDS archive(s) not mapped
Compressed class space mapped at: 0x0000000100000000-0x0000000140000000, reserved size: 1073741824
Narrow klass base: 0x0000000000000000, Narrow klass shift: 3, Narrow klass range: 0x140000000

GC Precious Log:
 CPUs: 4 total, 4 available
 Memory: 8097M
 Large Page Support: Disabled
 NUMA Support: Disabled
 Compressed Oops: Enabled (32-bit)
 Heap Region Size: 1M
 Heap Min Capacity: 8M
 Heap Initial Capacity: 128M
 Heap Max Capacity: 2G
 Pre-touch: Disabled
 Parallel Workers: 4
 Concurrent Workers: 1
 Concurrent Refinement Workers: 4
 Periodic GC: Disabled

Heap:
 garbage-first heap   total 142336K, used 82152K [0x0000000080000000, 0x0000000100000000)
  region size 1024K, 4 young (4096K), 4 survivors (4096K)
 Metaspace       used 85608K, committed 86208K, reserved 1130496K
  class space    used 11436K, committed 11712K, reserved 1048576K

Heap Regions: E=young(eden), S=young(survivor), O=old, HS=humongous(starts), HC=humongous(continues), CS=collection set, F=free, OA=open archive, CA=closed archive, TAMS=top-at-mark-start (previous, next)
|   0|0x0000000080000000, 0x0000000080100000, 0x0000000080100000|100%|HS|  |TAMS 0x0000000080100000, 0x0000000080100000| Complete 
|   1|0x0000000080100000, 0x0000000080200000, 0x0000000080200000|100%|HC|  |TAMS 0x0000000080200000, 0x0000000080200000| Complete 
|   2|0x0000000080200000, 0x0000000080300000, 0x0000000080300000|100%|HC|  |TAMS 0x0000000080300000, 0x0000000080300000| Complete 
|   3|0x0000000080300000, 0x0000000080400000, 0x0000000080400000|100%| O|  |TAMS 0x0000000080400000, 0x0000000080400000| Untracked 
|   4|0x0000000080400000, 0x0000000080500000, 0x0000000080500000|100%| O|  |TAMS 0x0000000080500000, 0x0000000080500000| Untracked 
|   5|0x0000000080500000, 0x0000000080600000, 0x0000000080600000|100%| O|  |TAMS 0x0000000080600000, 0x0000000080600000| Untracked 
|   6|0x0000000080600000, 0x0000000080700000, 0x0000000080700000|100%| O|  |TAMS 0x0000000080700000, 0x0000000080700000| Untracked 
|   7|0x0000000080700000, 0x0000000080800000, 0x0000000080800000|100%| O|  |TAMS 0x0000000080800000, 0x0000000080800000| Untracked 
|   8|0x0000000080800000, 0x0000000080900000, 0x0000000080900000|100%| O|  |TAMS 0x0000000080900000, 0x0000000080900000| Untracked 
|   9|0x0000000080900000, 0x0000000080a00000, 0x0000000080a00000|100%| O|  |TAMS 0x0000000080a00000, 0x0000000080a00000| Untracked 
|  10|0x0000000080a00000, 0x0000000080b00000, 0x0000000080b00000|100%| O|  |TAMS 0x0000000080b00000, 0x0000000080b00000| Untracked 
|  11|0x0000000080b00000, 0x0000000080c00000, 0x0000000080c00000|100%| O|  |TAMS 0x0000000080b00000, 0x0000000080c00000| Untracked 
|  12|0x0000000080c00000, 0x0000000080d00000, 0x0000000080d00000|100%| O|  |TAMS 0x0000000080d00000, 0x0000000080d00000| Untracked 
|  13|0x0000000080d00000, 0x0000000080e00000, 0x0000000080e00000|100%| O|  |TAMS 0x0000000080e00000, 0x0000000080e00000| Untracked 
|  14|0x0000000080e00000, 0x0000000080f00000, 0x0000000080f00000|100%| O|  |TAMS 0x0000000080f00000, 0x0000000080f00000| Untracked 
|  15|0x0000000080f00000, 0x0000000081000000, 0x0000000081000000|100%| O|  |TAMS 0x0000000081000000, 0x0000000081000000| Untracked 
|  16|0x0000000081000000, 0x0000000081100000, 0x0000000081100000|100%| O|  |TAMS 0x0000000081100000, 0x0000000081100000| Untracked 
|  17|0x0000000081100000, 0x0000000081200000, 0x0000000081200000|100%| O|  |TAMS 0x0000000081200000, 0x0000000081200000| Untracked 
|  18|0x0000000081200000, 0x0000000081300000, 0x0000000081300000|100%| O|  |TAMS 0x0000000081300000, 0x0000000081300000| Untracked 
|  19|0x0000000081300000, 0x0000000081400000, 0x0000000081400000|100%| O|  |TAMS 0x0000000081400000, 0x0000000081400000| Untracked 
|  20|0x0000000081400000, 0x0000000081500000, 0x0000000081500000|100%| O|  |TAMS 0x0000000081500000, 0x0000000081500000| Untracked 
|  21|0x0000000081500000, 0x0000000081600000, 0x0000000081600000|100%| O|  |TAMS 0x0000000081600000, 0x0000000081600000| Untracked 
|  22|0x0000000081600000, 0x0000000081700000, 0x0000000081700000|100%| O|  |TAMS 0x0000000081700000, 0x0000000081700000| Untracked 
|  23|0x0000000081700000, 0x0000000081800000, 0x0000000081800000|100%| O|  |TAMS 0x0000000081800000, 0x0000000081800000| Untracked 
|  24|0x0000000081800000, 0x0000000081900000, 0x0000000081900000|100%| O|  |TAMS 0x0000000081900000, 0x0000000081900000| Untracked 
|  25|0x0000000081900000, 0x0000000081a00000, 0x0000000081a00000|100%| O|  |TAMS 0x0000000081a00000, 0x0000000081a00000| Untracked 
|  26|0x0000000081a00000, 0x0000000081b00000, 0x0000000081b00000|100%| O|  |TAMS 0x0000000081b00000, 0x0000000081b00000| Untracked 
|  27|0x0000000081b00000, 0x0000000081c00000, 0x0000000081c00000|100%| O|  |TAMS 0x0000000081c00000, 0x0000000081c00000| Untracked 
|  28|0x0000000081c00000, 0x0000000081d00000, 0x0000000081d00000|100%| O|  |TAMS 0x0000000081d00000, 0x0000000081d00000| Untracked 
|  29|0x0000000081d00000, 0x0000000081e00000, 0x0000000081e00000|100%| O|  |TAMS 0x0000000081e00000, 0x0000000081e00000| Untracked 
|  30|0x0000000081e00000, 0x0000000081f00000, 0x0000000081f00000|100%| O|  |TAMS 0x0000000081f00000, 0x0000000081f00000| Untracked 
|  31|0x0000000081f00000, 0x0000000082000000, 0x0000000082000000|100%| O|  |TAMS 0x0000000082000000, 0x0000000082000000| Untracked 
|  32|0x0000000082000000, 0x0000000082100000, 0x0000000082100000|100%| O|  |TAMS 0x0000000082100000, 0x0000000082100000| Untracked 
|  33|0x0000000082100000, 0x0000000082200000, 0x0000000082200000|100%| O|  |TAMS 0x0000000082200000, 0x0000000082200000| Untracked 
|  34|0x0000000082200000, 0x0000000082300000, 0x0000000082300000|100%|HS|  |TAMS 0x0000000082300000, 0x0000000082300000| Complete 
|  35|0x0000000082300000, 0x0000000082400000, 0x0000000082400000|100%|HS|  |TAMS 0x0000000082400000, 0x0000000082400000| Complete 
|  36|0x0000000082400000, 0x0000000082500000, 0x0000000082500000|100%| O|  |TAMS 0x0000000082500000, 0x0000000082500000| Untracked 
|  37|0x0000000082500000, 0x0000000082600000, 0x0000000082600000|100%| O|  |TAMS 0x0000000082600000, 0x0000000082600000| Untracked 
|  38|0x0000000082600000, 0x0000000082700000, 0x0000000082700000|100%| O|  |TAMS 0x0000000082700000, 0x0000000082700000| Untracked 
|  39|0x0000000082700000, 0x0000000082800000, 0x0000000082800000|100%|HS|  |TAMS 0x0000000082800000, 0x0000000082800000| Complete 
|  40|0x0000000082800000, 0x0000000082900000, 0x0000000082900000|100%|HC|  |TAMS 0x0000000082900000, 0x0000000082900000| Complete 
|  41|0x0000000082900000, 0x0000000082a00000, 0x0000000082a00000|100%| O|  |TAMS 0x0000000082a00000, 0x0000000082a00000| Untracked 
|  42|0x0000000082a00000, 0x0000000082b00000, 0x0000000082b00000|100%| O|  |TAMS 0x0000000082b00000, 0x0000000082b00000| Untracked 
|  43|0x0000000082b00000, 0x0000000082c00000, 0x0000000082c00000|100%| O|  |TAMS 0x0000000082c00000, 0x0000000082c00000| Untracked 
|  44|0x0000000082c00000, 0x0000000082d00000, 0x0000000082d00000|100%| O|  |TAMS 0x0000000082d00000, 0x0000000082d00000| Untracked 
|  45|0x0000000082d00000, 0x0000000082e00000, 0x0000000082e00000|100%| O|  |TAMS 0x0000000082e00000, 0x0000000082e00000| Untracked 
|  46|0x0000000082e00000, 0x0000000082f00000, 0x0000000082f00000|100%| O|  |TAMS 0x0000000082f00000, 0x0000000082f00000| Untracked 
|  47|0x0000000082f00000, 0x0000000083000000, 0x0000000083000000|100%| O|  |TAMS 0x0000000083000000, 0x0000000083000000| Untracked 
|  48|0x0000000083000000, 0x0000000083100000, 0x0000000083100000|100%| O|  |TAMS 0x0000000083100000, 0x0000000083100000| Untracked 
|  49|0x0000000083100000, 0x0000000083200000, 0x0000000083200000|100%| O|  |TAMS 0x0000000083200000, 0x0000000083200000| Untracked 
|  50|0x0000000083200000, 0x0000000083300000, 0x0000000083300000|100%| O|  |TAMS 0x0000000083300000, 0x0000000083300000| Untracked 
|  51|0x0000000083300000, 0x0000000083400000, 0x0000000083400000|100%| O|  |TAMS 0x0000000083400000, 0x0000000083400000| Untracked 
|  52|0x0000000083400000, 0x0000000083500000, 0x0000000083500000|100%| O|  |TAMS 0x0000000083500000, 0x0000000083500000| Untracked 
|  53|0x0000000083500000, 0x0000000083600000, 0x0000000083600000|100%| O|  |TAMS 0x0000000083600000, 0x0000000083600000| Untracked 
|  54|0x0000000083600000, 0x0000000083700000, 0x0000000083700000|100%| O|  |TAMS 0x0000000083700000, 0x0000000083700000| Untracked 
|  55|0x0000000083700000, 0x0000000083800000, 0x0000000083800000|100%| O|  |TAMS 0x0000000083800000, 0x0000000083800000| Untracked 
|  56|0x0000000083800000, 0x0000000083900000, 0x0000000083900000|100%| O|  |TAMS 0x0000000083900000, 0x0000000083900000| Untracked 
|  57|0x0000000083900000, 0x0000000083a00000, 0x0000000083a00000|100%| O|  |TAMS 0x0000000083a00000, 0x0000000083a00000| Untracked 
|  58|0x0000000083a00000, 0x0000000083b00000, 0x0000000083b00000|100%| O|  |TAMS 0x0000000083b00000, 0x0000000083b00000| Untracked 
|  59|0x0000000083b00000, 0x0000000083c00000, 0x0000000083c00000|100%| O|  |TAMS 0x0000000083c00000, 0x0000000083c00000| Untracked 
|  60|0x0000000083c00000, 0x0000000083d00000, 0x0000000083d00000|100%| O|  |TAMS 0x0000000083d00000, 0x0000000083d00000| Untracked 
|  61|0x0000000083d00000, 0x0000000083e00000, 0x0000000083e00000|100%| O|  |TAMS 0x0000000083e00000, 0x0000000083e00000| Untracked 
|  62|0x0000000083e00000, 0x0000000083f00000, 0x0000000083f00000|100%| O|  |TAMS 0x0000000083f00000, 0x0000000083f00000| Untracked 
|  63|0x0000000083f00000, 0x0000000084000000, 0x0000000084000000|100%| O|  |TAMS 0x0000000084000000, 0x0000000084000000| Untracked 
|  64|0x0000000084000000, 0x0000000084100000, 0x0000000084100000|100%| O|  |TAMS 0x0000000084100000, 0x0000000084100000| Untracked 
|  65|0x0000000084100000, 0x0000000084200000, 0x0000000084200000|100%| O|  |TAMS 0x0000000084200000, 0x0000000084200000| Untracked 
|  66|0x0000000084200000, 0x0000000084300000, 0x0000000084300000|100%| O|  |TAMS 0x0000000084300000, 0x0000000084300000| Untracked 
|  67|0x0000000084300000, 0x0000000084400000, 0x0000000084400000|100%| O|  |TAMS 0x0000000084400000, 0x0000000084400000| Untracked 
|  68|0x0000000084400000, 0x0000000084500000, 0x0000000084500000|100%| O|  |TAMS 0x0000000084500000, 0x0000000084500000| Untracked 
|  69|0x0000000084500000, 0x0000000084500000, 0x0000000084600000|  0%| F|  |TAMS 0x0000000084500000, 0x0000000084500000| Untracked 
|  70|0x0000000084600000, 0x0000000084700000, 0x0000000084700000|100%| O|  |TAMS 0x0000000084600000, 0x0000000084700000| Untracked 
|  71|0x0000000084700000, 0x0000000084800000, 0x0000000084800000|100%| O|  |TAMS 0x0000000084700000, 0x0000000084800000| Untracked 
|  72|0x0000000084800000, 0x0000000084900000, 0x0000000084900000|100%| O|  |TAMS 0x0000000084800000, 0x0000000084900000| Untracked 
|  73|0x0000000084900000, 0x0000000084a00000, 0x0000000084a00000|100%| O|  |TAMS 0x0000000084900000, 0x0000000084a00000| Untracked 
|  74|0x0000000084a00000, 0x0000000084b00000, 0x0000000084b00000|100%| O|  |TAMS 0x0000000084a00000, 0x0000000084b00000| Untracked 
|  75|0x0000000084b00000, 0x0000000084c00000, 0x0000000084c00000|100%| O|  |TAMS 0x0000000084b00000, 0x0000000084c00000| Untracked 
|  76|0x0000000084c00000, 0x0000000084d00000, 0x0000000084d00000|100%| O|  |TAMS 0x0000000084c00000, 0x0000000084d00000| Untracked 
|  77|0x0000000084d00000, 0x0000000084dd1c00, 0x0000000084e00000| 81%| O|  |TAMS 0x0000000084d00000, 0x0000000084dd1c00| Untracked 
|  78|0x0000000084e00000, 0x0000000084e00000, 0x0000000084f00000|  0%| F|  |TAMS 0x0000000084e00000, 0x0000000084e00000| Untracked 
|  79|0x0000000084f00000, 0x0000000084f00000, 0x0000000085000000|  0%| F|  |TAMS 0x0000000084f00000, 0x0000000084f00000| Untracked 
|  80|0x0000000085000000, 0x0000000085000000, 0x0000000085100000|  0%| F|  |TAMS 0x0000000085000000, 0x0000000085000000| Untracked 
|  81|0x0000000085100000, 0x0000000085100000, 0x0000000085200000|  0%| F|  |TAMS 0x0000000085100000, 0x0000000085100000| Untracked 
|  82|0x0000000085200000, 0x0000000085200000, 0x0000000085300000|  0%| F|  |TAMS 0x0000000085200000, 0x0000000085200000| Untracked 
|  83|0x0000000085300000, 0x0000000085300000, 0x0000000085400000|  0%| F|  |TAMS 0x0000000085300000, 0x0000000085300000| Untracked 
|  84|0x0000000085400000, 0x0000000085400000, 0x0000000085500000|  0%| F|  |TAMS 0x0000000085400000, 0x0000000085400000| Untracked 
|  85|0x0000000085500000, 0x0000000085500000, 0x0000000085600000|  0%| F|  |TAMS 0x0000000085500000, 0x0000000085500000| Untracked 
|  86|0x0000000085600000, 0x0000000085600000, 0x0000000085700000|  0%| F|  |TAMS 0x0000000085600000, 0x0000000085600000| Untracked 
|  87|0x0000000085700000, 0x0000000085700000, 0x0000000085800000|  0%| F|  |TAMS 0x0000000085700000, 0x0000000085700000| Untracked 
|  88|0x0000000085800000, 0x0000000085800000, 0x0000000085900000|  0%| F|  |TAMS 0x0000000085800000, 0x0000000085800000| Untracked 
|  89|0x0000000085900000, 0x0000000085900000, 0x0000000085a00000|  0%| F|  |TAMS 0x0000000085900000, 0x0000000085900000| Untracked 
|  90|0x0000000085a00000, 0x0000000085a00000, 0x0000000085b00000|  0%| F|  |TAMS 0x0000000085a00000, 0x0000000085a00000| Untracked 
|  91|0x0000000085b00000, 0x0000000085b00000, 0x0000000085c00000|  0%| F|  |TAMS 0x0000000085b00000, 0x0000000085b00000| Untracked 
|  92|0x0000000085c00000, 0x0000000085c00000, 0x0000000085d00000|  0%| F|  |TAMS 0x0000000085c00000, 0x0000000085c00000| Untracked 
|  93|0x0000000085d00000, 0x0000000085d00000, 0x0000000085e00000|  0%| F|  |TAMS 0x0000000085d00000, 0x0000000085d00000| Untracked 
|  94|0x0000000085e00000, 0x0000000085e00000, 0x0000000085f00000|  0%| F|  |TAMS 0x0000000085e00000, 0x0000000085e00000| Untracked 
|  95|0x0000000085f00000, 0x0000000085f00000, 0x0000000086000000|  0%| F|  |TAMS 0x0000000085f00000, 0x0000000085f00000| Untracked 
|  96|0x0000000086000000, 0x0000000086000000, 0x0000000086100000|  0%| F|  |TAMS 0x0000000086000000, 0x0000000086000000| Untracked 
|  97|0x0000000086100000, 0x0000000086100000, 0x0000000086200000|  0%| F|  |TAMS 0x0000000086100000, 0x0000000086100000| Untracked 
|  98|0x0000000086200000, 0x0000000086200000, 0x0000000086300000|  0%| F|  |TAMS 0x0000000086200000, 0x0000000086200000| Untracked 
|  99|0x0000000086300000, 0x00000000863685a8, 0x0000000086400000| 40%| S|CS|TAMS 0x0000000086300000, 0x0000000086300000| Complete 
| 100|0x0000000086400000, 0x0000000086500000, 0x0000000086500000|100%| S|CS|TAMS 0x0000000086400000, 0x0000000086400000| Complete 
| 101|0x0000000086500000, 0x0000000086600000, 0x0000000086600000|100%| S|CS|TAMS 0x0000000086500000, 0x0000000086500000| Complete 
| 102|0x0000000086600000, 0x0000000086700000, 0x0000000086700000|100%| S|CS|TAMS 0x0000000086600000, 0x0000000086600000| Complete 
| 103|0x0000000086700000, 0x0000000086700000, 0x0000000086800000|  0%| F|  |TAMS 0x0000000086700000, 0x0000000086700000| Untracked 
| 104|0x0000000086800000, 0x0000000086800000, 0x0000000086900000|  0%| F|  |TAMS 0x0000000086800000, 0x0000000086800000| Untracked 
| 105|0x0000000086900000, 0x0000000086900000, 0x0000000086a00000|  0%| F|  |TAMS 0x0000000086900000, 0x0000000086900000| Untracked 
| 106|0x0000000086a00000, 0x0000000086a00000, 0x0000000086b00000|  0%| F|  |TAMS 0x0000000086a00000, 0x0000000086a00000| Untracked 
| 107|0x0000000086b00000, 0x0000000086b00000, 0x0000000086c00000|  0%| F|  |TAMS 0x0000000086b00000, 0x0000000086b00000| Untracked 
| 108|0x0000000086c00000, 0x0000000086c00000, 0x0000000086d00000|  0%| F|  |TAMS 0x0000000086c00000, 0x0000000086c00000| Untracked 
| 109|0x0000000086d00000, 0x0000000086d00000, 0x0000000086e00000|  0%| F|  |TAMS 0x0000000086d00000, 0x0000000086d00000| Untracked 
| 110|0x0000000086e00000, 0x0000000086e00000, 0x0000000086f00000|  0%| F|  |TAMS 0x0000000086e00000, 0x0000000086e00000| Untracked 
| 111|0x0000000086f00000, 0x0000000086f00000, 0x0000000087000000|  0%| F|  |TAMS 0x0000000086f00000, 0x0000000086f00000| Untracked 
| 112|0x0000000087000000, 0x0000000087000000, 0x0000000087100000|  0%| F|  |TAMS 0x0000000087000000, 0x0000000087000000| Untracked 
| 113|0x0000000087100000, 0x0000000087100000, 0x0000000087200000|  0%| F|  |TAMS 0x0000000087100000, 0x0000000087100000| Untracked 
| 114|0x0000000087200000, 0x0000000087200000, 0x0000000087300000|  0%| F|  |TAMS 0x0000000087200000, 0x0000000087200000| Untracked 
| 115|0x0000000087300000, 0x0000000087300000, 0x0000000087400000|  0%| F|  |TAMS 0x0000000087300000, 0x0000000087300000| Untracked 
| 116|0x0000000087400000, 0x0000000087400000, 0x0000000087500000|  0%| F|  |TAMS 0x0000000087400000, 0x0000000087400000| Untracked 
| 117|0x0000000087500000, 0x0000000087500000, 0x0000000087600000|  0%| F|  |TAMS 0x0000000087500000, 0x0000000087500000| Untracked 
| 118|0x0000000087600000, 0x0000000087600000, 0x0000000087700000|  0%| F|  |TAMS 0x0000000087600000, 0x0000000087600000| Untracked 
| 119|0x0000000087700000, 0x0000000087700000, 0x0000000087800000|  0%| F|  |TAMS 0x0000000087700000, 0x0000000087700000| Untracked 
| 120|0x0000000087800000, 0x0000000087800000, 0x0000000087900000|  0%| F|  |TAMS 0x0000000087800000, 0x0000000087800000| Untracked 
| 121|0x0000000087900000, 0x0000000087900000, 0x0000000087a00000|  0%| F|  |TAMS 0x0000000087900000, 0x0000000087900000| Untracked 
| 122|0x0000000087a00000, 0x0000000087a00000, 0x0000000087b00000|  0%| F|  |TAMS 0x0000000087a00000, 0x0000000087a00000| Untracked 
| 123|0x0000000087b00000, 0x0000000087b00000, 0x0000000087c00000|  0%| F|  |TAMS 0x0000000087b00000, 0x0000000087b00000| Untracked 
| 124|0x0000000087c00000, 0x0000000087c00000, 0x0000000087d00000|  0%| F|  |TAMS 0x0000000087c00000, 0x0000000087c00000| Untracked 
| 125|0x0000000087d00000, 0x0000000087d00000, 0x0000000087e00000|  0%| F|  |TAMS 0x0000000087d00000, 0x0000000087d00000| Untracked 
| 126|0x0000000087e00000, 0x0000000087e00000, 0x0000000087f00000|  0%| F|  |TAMS 0x0000000087e00000, 0x0000000087e00000| Untracked 
| 127|0x0000000087f00000, 0x0000000087f00000, 0x0000000088000000|  0%| F|  |TAMS 0x0000000087f00000, 0x0000000087f00000| Untracked 
| 128|0x0000000088000000, 0x0000000088000000, 0x0000000088100000|  0%| F|  |TAMS 0x0000000088000000, 0x0000000088000000| Untracked 
| 129|0x0000000088100000, 0x0000000088100000, 0x0000000088200000|  0%| F|  |TAMS 0x0000000088100000, 0x0000000088100000| Untracked 
| 130|0x0000000088200000, 0x0000000088200000, 0x0000000088300000|  0%| F|  |TAMS 0x0000000088200000, 0x0000000088200000| Untracked 
| 131|0x0000000088300000, 0x0000000088300000, 0x0000000088400000|  0%| F|  |TAMS 0x0000000088300000, 0x0000000088300000| Untracked 
| 132|0x0000000088400000, 0x0000000088400000, 0x0000000088500000|  0%| F|  |TAMS 0x0000000088400000, 0x0000000088400000| Untracked 
| 133|0x0000000088500000, 0x0000000088500000, 0x0000000088600000|  0%| F|  |TAMS 0x0000000088500000, 0x0000000088500000| Untracked 
| 134|0x0000000088600000, 0x0000000088600000, 0x0000000088700000|  0%| F|  |TAMS 0x0000000088600000, 0x0000000088600000| Untracked 
| 135|0x0000000088700000, 0x0000000088700000, 0x0000000088800000|  0%| F|  |TAMS 0x0000000088700000, 0x0000000088700000| Untracked 
| 136|0x0000000088800000, 0x0000000088800000, 0x0000000088900000|  0%| F|  |TAMS 0x0000000088800000, 0x0000000088800000| Untracked 
| 137|0x0000000088900000, 0x0000000088900000, 0x0000000088a00000|  0%| F|  |TAMS 0x0000000088900000, 0x0000000088900000| Untracked 
| 138|0x0000000088a00000, 0x0000000088a00000, 0x0000000088b00000|  0%| F|  |TAMS 0x0000000088a00000, 0x0000000088a00000| Untracked 

Card table byte_map: [0x00000224b6e50000,0x00000224b7250000] _byte_map_base: 0x00000224b6a50000

Marking Bits (Prev, Next): (CMBitMap*) 0x00000224a27e9e90, (CMBitMap*) 0x00000224a27e9ed0
 Prev Bits: [0x00000224b7650000, 0x00000224b9650000)
 Next Bits: [0x00000224b9650000, 0x00000224bb650000)

Polling page: 0x00000224a2620000

Metaspace:

Usage:
  Non-class:     72.43 MB used.
      Class:     11.17 MB used.
       Both:     83.60 MB used.

Virtual space:
  Non-class space:       80.00 MB reserved,      72.75 MB ( 91%) committed,  10 nodes.
      Class space:        1.00 GB reserved,      11.44 MB (  1%) committed,  1 nodes.
             Both:        1.08 GB reserved,      84.19 MB (  8%) committed. 

Chunk freelists:
   Non-Class:  2.54 MB
       Class:  558.00 KB
        Both:  3.09 MB

MaxMetaspaceSize: unlimited
CompressedClassSpaceSize: 1.00 GB
Initial GC threshold: 21.00 MB
Current GC threshold: 139.38 MB
CDS: off
MetaspaceReclaimPolicy: balanced
 - commit_granule_bytes: 65536.
 - commit_granule_words: 8192.
 - virtual_space_node_default_size: 1048576.
 - enlarge_chunks_in_place: 1.
 - new_chunks_are_fully_committed: 0.
 - uncommit_free_chunks: 1.
 - use_allocation_guard: 0.
 - handle_deallocations: 1.


Internal statistics:

num_allocs_failed_limit: 9.
num_arena_births: 732.
num_arena_deaths: 0.
num_vsnodes_births: 11.
num_vsnodes_deaths: 0.
num_space_committed: 1347.
num_space_uncommitted: 0.
num_chunks_returned_to_freelist: 9.
num_chunks_taken_from_freelist: 3816.
num_chunk_merges: 3.
num_chunk_splits: 2497.
num_chunks_enlarged: 1657.
num_purges: 0.
num_inconsistent_stats: 0.

CodeHeap 'non-profiled nmethods': size=120000Kb used=4452Kb max_used=4452Kb free=115548Kb
 bounds [0x00000224aef00000, 0x00000224af360000, 0x00000224b6430000]
CodeHeap 'profiled nmethods': size=120000Kb used=18037Kb max_used=18037Kb free=101962Kb
 bounds [0x00000224a7430000, 0x00000224a85d0000, 0x00000224ae960000]
CodeHeap 'non-nmethods': size=5760Kb used=2367Kb max_used=2413Kb free=3392Kb
 bounds [0x00000224ae960000, 0x00000224aebd0000, 0x00000224aef00000]
 total_blobs=9795 nmethods=8901 adapters=806
 compilation: enabled
              stopped_count=0, restarted_count=0
 full_count=0

Compilation events (20 events):
Event: 35.767 Thread 0x00000224be80e460 9760       3       java.io.ObjectOutputStream$BlockDataOutputStream::write (152 bytes)
Event: 35.768 Thread 0x00000224be80e460 nmethod 9760 0x00000224a85cb690 code [0x00000224a85cb8c0, 0x00000224a85cc0f8]
Event: 35.768 Thread 0x00000224be80e460 9764       3       org.gradle.execution.plan.ValuedVfsHierarchy$2::handleAsDescendantOfChild (10 bytes)
Event: 35.768 Thread 0x00000224be80e460 nmethod 9764 0x00000224a85cc390 code [0x00000224a85cc540, 0x00000224a85cc688]
Event: 35.768 Thread 0x00000224be80d3c0 nmethod 9559 0x00000224af358090 code [0x00000224af358220, 0x00000224af358378]
Event: 35.768 Thread 0x00000224be80d3c0 9573       4       org.gradle.internal.hash.HashCode::fromBytes (50 bytes)
Event: 35.771 Thread 0x00000224be80d3c0 nmethod 9573 0x00000224af358490 code [0x00000224af358620, 0x00000224af3587d8]
Event: 35.771 Thread 0x00000224be80d3c0 9745       4       java.io.Bits::putInt (36 bytes)
Event: 35.772 Thread 0x00000224be80e460 9765       3       sun.nio.ch.IOUtil::acquireScope (11 bytes)
Event: 35.772 Thread 0x00000224be80d3c0 nmethod 9745 0x00000224af358910 code [0x00000224af358a80, 0x00000224af358b78]
Event: 35.772 Thread 0x00000224be80d3c0 9557       4       com.google.common.collect.ImmutableMap::entrySet (23 bytes)
Event: 35.772 Thread 0x00000224be80e460 nmethod 9765 0x00000224a85cc790 code [0x00000224a85cc920, 0x00000224a85cca48]
Event: 35.772 Thread 0x00000224be80e460 9766       3       sun.nio.ch.IOUtil::bufferAddress (10 bytes)
Event: 35.772 Thread 0x00000224be80e460 nmethod 9766 0x00000224a85ccb10 code [0x00000224a85ccca0, 0x00000224a85ccdf8]
Event: 35.772 Thread 0x00000224be80e460 9767       3       java.nio.Buffer$1::getBufferAddress (5 bytes)
Event: 35.772 Thread 0x00000224be80e460 nmethod 9767 0x00000224a85ccf10 code [0x00000224a85cd0a0, 0x00000224a85cd1b8]
Event: 35.773 Thread 0x00000224be80e460 9770       3       org.gradle.internal.execution.steps.AssignWorkspaceStep$$Lambda$849/0x0000000100b2ac00::<init> (20 bytes)
Event: 35.773 Thread 0x00000224be80e460 nmethod 9770 0x00000224a85cd290 code [0x00000224a85cd440, 0x00000224a85cd6b8]
Event: 35.774 Thread 0x00000224be80d3c0 nmethod 9557 0x00000224af358c90 code [0x00000224af358e00, 0x00000224af358f58]
Event: 35.774 Thread 0x00000224be80d3c0 9769  s    4       java.io.BufferedInputStream::read (113 bytes)

GC Heap History (20 events):
Event: 27.309 GC heap after
{Heap after GC invocations=38 (full 0):
 garbage-first heap   total 97280K, used 55852K [0x0000000080000000, 0x0000000100000000)
  region size 1024K, 4 young (4096K), 4 survivors (4096K)
 Metaspace       used 68684K, committed 69184K, reserved 1114112K
  class space    used 8906K, committed 9088K, reserved 1048576K
}
Event: 28.223 GC heap before
{Heap before GC invocations=39 (full 0):
 garbage-first heap   total 101376K, used 78380K [0x0000000080000000, 0x0000000100000000)
  region size 1024K, 26 young (26624K), 4 survivors (4096K)
 Metaspace       used 71620K, committed 72064K, reserved 1114112K
  class space    used 9483K, committed 9664K, reserved 1048576K
}
Event: 28.233 GC heap after
{Heap after GC invocations=40 (full 0):
 garbage-first heap   total 101376K, used 57740K [0x0000000080000000, 0x0000000100000000)
  region size 1024K, 4 young (4096K), 4 survivors (4096K)
 Metaspace       used 71620K, committed 72064K, reserved 1114112K
  class space    used 9483K, committed 9664K, reserved 1048576K
}
Event: 29.144 GC heap before
{Heap before GC invocations=40 (full 0):
 garbage-first heap   total 101376K, used 82316K [0x0000000080000000, 0x0000000100000000)
  region size 1024K, 28 young (28672K), 4 survivors (4096K)
 Metaspace       used 74214K, committed 74688K, reserved 1114112K
  class space    used 9884K, committed 10112K, reserved 1048576K
}
Event: 29.153 GC heap after
{Heap after GC invocations=41 (full 0):
 garbage-first heap   total 101376K, used 59601K [0x0000000080000000, 0x0000000100000000)
  region size 1024K, 4 young (4096K), 4 survivors (4096K)
 Metaspace       used 74214K, committed 74688K, reserved 1114112K
  class space    used 9884K, committed 10112K, reserved 1048576K
}
Event: 29.983 GC heap before
{Heap before GC invocations=42 (full 0):
 garbage-first heap   total 111616K, used 82129K [0x0000000080000000, 0x0000000100000000)
  region size 1024K, 26 young (26624K), 4 survivors (4096K)
 Metaspace       used 76794K, committed 77312K, reserved 1122304K
  class space    used 10295K, committed 10560K, reserved 1048576K
}
Event: 29.992 GC heap after
{Heap after GC invocations=43 (full 0):
 garbage-first heap   total 111616K, used 60457K [0x0000000080000000, 0x0000000100000000)
  region size 1024K, 3 young (3072K), 3 survivors (3072K)
 Metaspace       used 76794K, committed 77312K, reserved 1122304K
  class space    used 10295K, committed 10560K, reserved 1048576K
}
Event: 31.160 GC heap before
{Heap before GC invocations=43 (full 0):
 garbage-first heap   total 111616K, used 91177K [0x0000000080000000, 0x0000000100000000)
  region size 1024K, 33 young (33792K), 3 survivors (3072K)
 Metaspace       used 80540K, committed 81024K, reserved 1122304K
  class space    used 10781K, committed 11008K, reserved 1048576K
}
Event: 31.169 GC heap after
{Heap after GC invocations=44 (full 0):
 garbage-first heap   total 134144K, used 63396K [0x0000000080000000, 0x0000000100000000)
  region size 1024K, 4 young (4096K), 4 survivors (4096K)
 Metaspace       used 80540K, committed 81024K, reserved 1122304K
  class space    used 10781K, committed 11008K, reserved 1048576K
}
Event: 32.191 GC heap before
{Heap before GC invocations=45 (full 0):
 garbage-first heap   total 134144K, used 107428K [0x0000000080000000, 0x0000000100000000)
  region size 1024K, 47 young (48128K), 4 survivors (4096K)
 Metaspace       used 81345K, committed 81856K, reserved 1122304K
  class space    used 10887K, committed 11136K, reserved 1048576K
}
Event: 32.208 GC heap after
{Heap after GC invocations=46 (full 0):
 garbage-first heap   total 134144K, used 69922K [0x0000000080000000, 0x0000000100000000)
  region size 1024K, 6 young (6144K), 6 survivors (6144K)
 Metaspace       used 81345K, committed 81856K, reserved 1122304K
  class space    used 10887K, committed 11136K, reserved 1048576K
}
Event: 32.223 GC heap before
{Heap before GC invocations=46 (full 0):
 garbage-first heap   total 134144K, used 70946K [0x0000000080000000, 0x0000000100000000)
  region size 1024K, 7 young (7168K), 6 survivors (6144K)
 Metaspace       used 81345K, committed 81856K, reserved 1122304K
  class space    used 10887K, committed 11136K, reserved 1048576K
}
Event: 32.231 GC heap after
{Heap after GC invocations=47 (full 0):
 garbage-first heap   total 134144K, used 71368K [0x0000000080000000, 0x0000000100000000)
  region size 1024K, 1 young (1024K), 1 survivors (1024K)
 Metaspace       used 81345K, committed 81856K, reserved 1122304K
  class space    used 10887K, committed 11136K, reserved 1048576K
}
Event: 33.773 GC heap before
{Heap before GC invocations=47 (full 0):
 garbage-first heap   total 134144K, used 106184K [0x0000000080000000, 0x0000000100000000)
  region size 1024K, 36 young (36864K), 1 survivors (1024K)
 Metaspace       used 84787K, committed 85312K, reserved 1130496K
  class space    used 11347K, committed 11584K, reserved 1048576K
}
Event: 33.785 GC heap after
{Heap after GC invocations=48 (full 0):
 garbage-first heap   total 134144K, used 76600K [0x0000000080000000, 0x0000000100000000)
  region size 1024K, 5 young (5120K), 5 survivors (5120K)
 Metaspace       used 84787K, committed 85312K, reserved 1130496K
  class space    used 11347K, committed 11584K, reserved 1048576K
}
Event: 34.714 GC heap before
{Heap before GC invocations=49 (full 0):
 garbage-first heap   total 142336K, used 106296K [0x0000000080000000, 0x0000000100000000)
  region size 1024K, 35 young (35840K), 5 survivors (5120K)
 Metaspace       used 85200K, committed 85760K, reserved 1130496K
  class space    used 11400K, committed 11648K, reserved 1048576K
}
Event: 34.725 GC heap after
{Heap after GC invocations=50 (full 0):
 garbage-first heap   total 142336K, used 79395K [0x0000000080000000, 0x0000000100000000)
  region size 1024K, 3 young (3072K), 3 survivors (3072K)
 Metaspace       used 85200K, committed 85760K, reserved 1130496K
  class space    used 11400K, committed 11648K, reserved 1048576K
}
Event: 34.797 GC heap before
{Heap before GC invocations=50 (full 0):
 garbage-first heap   total 142336K, used 81443K [0x0000000080000000, 0x0000000100000000)
  region size 1024K, 6 young (6144K), 3 survivors (3072K)
 Metaspace       used 85200K, committed 85760K, reserved 1130496K
  class space    used 11400K, committed 11648K, reserved 1048576K
}
Event: 34.801 GC heap after
{Heap after GC invocations=51 (full 0):
 garbage-first heap   total 142336K, used 79194K [0x0000000080000000, 0x0000000100000000)
  region size 1024K, 1 young (1024K), 1 survivors (1024K)
 Metaspace       used 85200K, committed 85760K, reserved 1130496K
  class space    used 11400K, committed 11648K, reserved 1048576K
}
Event: 35.782 GC heap before
{Heap before GC invocations=51 (full 0):
 garbage-first heap   total 142336K, used 114010K [0x0000000080000000, 0x0000000100000000)
  region size 1024K, 36 young (36864K), 1 survivors (1024K)
 Metaspace       used 85608K, committed 86208K, reserved 1130496K
  class space    used 11436K, committed 11712K, reserved 1048576K
}

Dll operation events (2 events):
Event: 0.010 Loaded shared library C:\Program Files\Android\Android Studio\jbr\bin\java.dll
Event: 0.724 Loaded shared library C:\Program Files\Android\Android Studio\jbr\bin\verify.dll

Deoptimization events (20 events):
Event: 35.445 Thread 0x00000224c0243260 Uncommon trap: trap_request=0xffffff45 fr.pc=0x00000224af32fda4 relative=0x0000000000000c04
Event: 35.446 Thread 0x00000224c0243260 Uncommon trap: reason=unstable_if action=reinterpret pc=0x00000224af32fda4 method=org.gradle.internal.snapshot.VfsRelativePath.lengthOfCommonPrefix(Ljava/lang/String;Lorg/gradle/internal/snapshot/CaseSensitivity;)I @ 107 c2
Event: 35.446 Thread 0x00000224c0243260 DEOPT PACKING pc=0x00000224af32fda4 sp=0x0000007d951f91f0
Event: 35.446 Thread 0x00000224c0243260 DEOPT UNPACKING pc=0x00000224ae9b69a3 sp=0x0000007d951f9178 mode 2
Event: 35.485 Thread 0x00000224c0243260 Uncommon trap: trap_request=0xffffff45 fr.pc=0x00000224af336fa4 relative=0x0000000000001064
Event: 35.485 Thread 0x00000224c0243260 Uncommon trap: reason=unstable_if action=reinterpret pc=0x00000224af336fa4 method=org.gradle.internal.snapshot.VfsRelativePath.compareToFirstSegment(Ljava/lang/String;Lorg/gradle/internal/snapshot/CaseSensitivity;)I @ 134 c2
Event: 35.485 Thread 0x00000224c0243260 DEOPT PACKING pc=0x00000224af336fa4 sp=0x0000007d951f8ef0
Event: 35.485 Thread 0x00000224c0243260 DEOPT UNPACKING pc=0x00000224ae9b69a3 sp=0x0000007d951f8d88 mode 2
Event: 35.485 Thread 0x00000224c0243260 Uncommon trap: trap_request=0xffffff45 fr.pc=0x00000224af201bdc relative=0x00000000000007bc
Event: 35.485 Thread 0x00000224c0243260 Uncommon trap: reason=unstable_if action=reinterpret pc=0x00000224af201bdc method=org.gradle.internal.snapshot.VfsRelativePath.compareToFirstSegment(Ljava/lang/String;Lorg/gradle/internal/snapshot/CaseSensitivity;)I @ 134 c2
Event: 35.485 Thread 0x00000224c0243260 DEOPT PACKING pc=0x00000224af201bdc sp=0x0000007d951f8de0
Event: 35.485 Thread 0x00000224c0243260 DEOPT UNPACKING pc=0x00000224ae9b69a3 sp=0x0000007d951f8d78 mode 2
Event: 35.526 Thread 0x00000224c28fd270 Uncommon trap: trap_request=0xffffff45 fr.pc=0x00000224af2f0418 relative=0x0000000000000558
Event: 35.526 Thread 0x00000224c28fd270 Uncommon trap: reason=unstable_if action=reinterpret pc=0x00000224af2f0418 method=sun.security.provider.DigestBase.engineUpdate([BII)V @ 1 c2
Event: 35.526 Thread 0x00000224c28fd270 DEOPT PACKING pc=0x00000224af2f0418 sp=0x0000007d96efd900
Event: 35.526 Thread 0x00000224c28fd270 DEOPT UNPACKING pc=0x00000224ae9b69a3 sp=0x0000007d96efd8d8 mode 2
Event: 35.567 Thread 0x00000224c0243260 Uncommon trap: trap_request=0xffffffc6 fr.pc=0x00000224af347e2c relative=0x00000000000012cc
Event: 35.567 Thread 0x00000224c0243260 Uncommon trap: reason=bimorphic_or_optimized_type_check action=maybe_recompile pc=0x00000224af347e2c method=org.gradle.internal.snapshot.SnapshotUtil$1.handleAsDescendantOfChild(Lorg/gradle/internal/snapshot/VfsRelativePath;Lorg/gradle/internal/snapshot/F
Event: 35.567 Thread 0x00000224c0243260 DEOPT PACKING pc=0x00000224af347e2c sp=0x0000007d951f85a0
Event: 35.567 Thread 0x00000224c0243260 DEOPT UNPACKING pc=0x00000224ae9b69a3 sp=0x0000007d951f8490 mode 2

Classes unloaded (0 events):
No events

Classes redefined (0 events):
No events

Internal exceptions (20 events):
Event: 32.686 Thread 0x00000224c0243260 Exception <a 'sun/nio/fs/WindowsException'{0x00000000872f83e0}> (0x00000000872f83e0) 
thrown [s\src\hotspot\share\prims\jni.cpp, line 517]
Event: 32.797 Thread 0x00000224beb60330 Exception <a 'java/lang/NoSuchMethodError'{0x0000000086d07af8}: static Lorg/gradle/internal/build/event/types/DefaultTaskStartedProgressEvent;.<clinit>()V> (0x0000000086d07af8) 
thrown [s\src\hotspot\share\prims\jni.cpp, line 1108]
Event: 32.798 Thread 0x00000224beb60330 Exception <a 'java/lang/NoSuchMethodError'{0x0000000086d14098}: static Lorg/gradle/internal/build/event/types/DefaultTaskDescriptor;.<clinit>()V> (0x0000000086d14098) 
thrown [s\src\hotspot\share\prims\jni.cpp, line 1108]
Event: 32.855 Thread 0x00000224bed61160 Exception <a 'java/lang/NoSuchMethodError'{0x0000000087cdbf70}: static Lcom/android/ide/common/attribution/AndroidGradlePluginAttributionData$BuildInfo;.<clinit>()V> (0x0000000087cdbf70) 
thrown [s\src\hotspot\share\prims\jni.cpp, line 1108]
Event: 32.863 Thread 0x00000224bed61160 Exception <a 'java/lang/NoSuchMethodError'{0x0000000087cf1bf0}: static Lcom/android/ide/common/attribution/AndroidGradlePluginAttributionData$JavaInfo;.<clinit>()V> (0x0000000087cf1bf0) 
thrown [s\src\hotspot\share\prims\jni.cpp, line 1108]
Event: 32.865 Thread 0x00000224beb60330 Exception <a 'java/lang/NoSuchMethodError'{0x0000000086c92fb0}: static Lorg/gradle/internal/build/event/types/DefaultTaskFinishedProgressEvent;.<clinit>()V> (0x0000000086c92fb0) 
thrown [s\src\hotspot\share\prims\jni.cpp, line 1108]
Event: 32.866 Thread 0x00000224bed61160 Exception <a 'java/lang/NoSuchMethodError'{0x0000000086c6a710}: static [Ljava/lang/String;.<clinit>()V> (0x0000000086c6a710) 
thrown [s\src\hotspot\share\prims\jni.cpp, line 1108]
Event: 32.867 Thread 0x00000224beb60330 Exception <a 'java/lang/NoSuchMethodError'{0x0000000086cb3138}: static Lorg/gradle/internal/build/event/types/DefaultTaskSuccessResult;.<clinit>()V> (0x0000000086cb3138) 
thrown [s\src\hotspot\share\prims\jni.cpp, line 1108]
Event: 32.867 Thread 0x00000224beb60330 Exception <a 'java/lang/NoSuchMethodError'{0x0000000086cb4830}: static Lorg/gradle/internal/build/event/types/AbstractTaskResult;.<clinit>()V> (0x0000000086cb4830) 
thrown [s\src\hotspot\share\prims\jni.cpp, line 1108]
Event: 32.921 Thread 0x00000224c0243260 Exception <a 'java/lang/IncompatibleClassChangeError'{0x0000000086dfcd98}: Found class java.lang.Object, but interface was expected> (0x0000000086dfcd98) 
thrown [s\src\hotspot\share\interpreter\linkResolver.cpp, line 838]
Event: 32.962 Thread 0x00000224c0243260 Exception <a 'java/lang/NoSuchMethodError'{0x0000000086bfcce8}: 'java.lang.Object java.lang.invoke.DirectMethodHandle$Holder.invokeInterface(java.lang.Object, java.lang.Object, int)'> (0x0000000086bfcce8) 
thrown [s\src\hotspot\share\interpreter\linkResolver.cpp, line 771]
Event: 32.965 Thread 0x00000224c0243260 Exception <a 'java/lang/NoSuchMethodError'{0x0000000086a10f78}: 'void java.lang.invoke.DirectMethodHandle$Holder.invokeStatic(java.lang.Object, java.lang.Object, java.lang.Object, int)'> (0x0000000086a10f78) 
thrown [s\src\hotspot\share\interpreter\linkResolver.cpp, line 771]
Event: 32.965 Thread 0x00000224beb60330 Exception <a 'java/lang/NoSuchMethodError'{0x0000000086a89e38}: static Lorg/gradle/internal/build/event/types/DefaultTaskSkippedResult;.<clinit>()V> (0x0000000086a89e38) 
thrown [s\src\hotspot\share\prims\jni.cpp, line 1108]
Event: 33.049 Thread 0x00000224c0243260 Implicit null exception at 0x00000224af2001d7 to 0x00000224af200374
Event: 33.105 Thread 0x00000224c0243260 Exception <a 'java/lang/IncompatibleClassChangeError'{0x0000000086953210}: Found class java.lang.Object, but interface was expected> (0x0000000086953210) 
thrown [s\src\hotspot\share\interpreter\linkResolver.cpp, line 838]
Event: 33.168 Thread 0x00000224c0243260 Exception <a 'java/lang/NoSuchMethodError'{0x0000000086750260}: 'int java.lang.invoke.DirectMethodHandle$Holder.invokeStaticInit(java.lang.Object, java.lang.Object, java.lang.Object, java.lang.Object, java.lang.Object)'> (0x0000000086750260) 
thrown [s\src\hotspot\share\interpreter\linkResolver.cpp, line 771]
Event: 33.760 Thread 0x00000224c0243260 Exception <a 'java/lang/NoSuchMethodError'{0x0000000085f6acd0}: 'void java.lang.invoke.DirectMethodHandle$Holder.invokeStatic(java.lang.Object, java.lang.Object, java.lang.Object, java.lang.Object, int, java.lang.Object, java.lang.Object)'> (0x0000000085f6acd0) 
thrown [s\src\hotspot\share\interpreter\linkResolver.cpp, line 771]
Event: 33.840 Thread 0x00000224c2900290 Exception <a 'java/lang/NoSuchMethodError'{0x0000000088035ef0}: 'java.lang.Object java.lang.invoke.DirectMethodHandle$Holder.invokeSpecialIFC(java.lang.Object, java.lang.Object, java.lang.Object)'> (0x0000000088035ef0) 
thrown [s\src\hotspot\share\interpreter\linkResolver.cpp, line 771]
Event: 33.840 Thread 0x00000224c28ffdc0 Exception <a 'java/lang/NoSuchMethodError'{0x000000008803e028}: 'java.lang.Object java.lang.invoke.DirectMethodHandle$Holder.invokeSpecialIFC(java.lang.Object, java.lang.Object, java.lang.Object)'> (0x000000008803e028) 
thrown [s\src\hotspot\share\interpreter\linkResolver.cpp, line 771]
Event: 33.989 Thread 0x00000224c16eaff0 Exception <a 'java/lang/NoSuchMethodError'{0x0000000087c3e590}: 'void java.lang.invoke.DirectMethodHandle$Holder.invokeVirtual(java.lang.Object, java.lang.Object)'> (0x0000000087c3e590) 
thrown [s\src\hotspot\share\interpreter\linkResolver.cpp, line 771]

VM Operations (20 events):
Event: 33.191 Executing VM operation: ICBufferFull done
Event: 33.722 Executing VM operation: ICBufferFull
Event: 33.722 Executing VM operation: ICBufferFull done
Event: 33.773 Executing VM operation: G1CollectForAllocation
Event: 33.787 Executing VM operation: G1CollectForAllocation done
Event: 34.038 Executing VM operation: G1Concurrent
Event: 34.045 Executing VM operation: G1Concurrent done
Event: 34.154 Executing VM operation: G1Concurrent
Event: 34.154 Executing VM operation: G1Concurrent done
Event: 34.714 Executing VM operation: G1CollectForAllocation
Event: 34.725 Executing VM operation: G1CollectForAllocation done
Event: 34.797 Executing VM operation: G1CollectForAllocation
Event: 34.802 Executing VM operation: G1CollectForAllocation done
Event: 35.173 Executing VM operation: ICBufferFull
Event: 35.190 Executing VM operation: ICBufferFull done
Event: 35.517 Executing VM operation: HandshakeAllThreads
Event: 35.518 Executing VM operation: HandshakeAllThreads done
Event: 35.526 Executing VM operation: ICBufferFull
Event: 35.527 Executing VM operation: ICBufferFull done
Event: 35.782 Executing VM operation: G1CollectForAllocation

Events (20 events):
Event: 32.866 loading class java/io/ObjectStreamClass$ExceptionInfo
Event: 32.866 loading class java/io/ObjectStreamClass$ExceptionInfo done
Event: 32.878 loading class java/time/Instant$1
Event: 32.878 loading class java/time/Instant$1 done
Event: 33.022 loading class java/util/stream/ReduceOps$6
Event: 33.022 loading class java/util/stream/ReduceOps$6 done
Event: 33.022 loading class java/util/stream/ReduceOps$5ReducingSink
Event: 33.023 loading class java/util/stream/ReduceOps$5ReducingSink done
Event: 33.114 loading class com/sun/org/apache/xerces/internal/util/URI
Event: 33.116 loading class com/sun/org/apache/xerces/internal/util/URI done
Event: 33.116 loading class java/net/HttpURLConnection
Event: 33.116 loading class java/net/HttpURLConnection done
Event: 33.117 loading class sun/net/ProgressMonitor
Event: 33.117 loading class sun/net/ProgressMonitor done
Event: 33.117 loading class sun/net/DefaultProgressMeteringPolicy
Event: 33.117 loading class sun/net/ProgressMeteringPolicy
Event: 33.117 loading class sun/net/ProgressMeteringPolicy done
Event: 33.117 loading class sun/net/DefaultProgressMeteringPolicy done
Event: 35.140 loading class java/util/stream/SortedOps$SizedRefSortingSink
Event: 35.141 loading class java/util/stream/SortedOps$SizedRefSortingSink done


Dynamic libraries:
0x00007ff66e380000 - 0x00007ff66e38a000 	C:\Program Files\Android\Android Studio\jbr\bin\java.exe
0x00007ff81df70000 - 0x00007ff81e167000 	C:\Windows\SYSTEM32\ntdll.dll
0x00007ff81c150000 - 0x00007ff81c20d000 	C:\Windows\System32\KERNEL32.DLL
0x00007ff81b850000 - 0x00007ff81bb46000 	C:\Windows\System32\KERNELBASE.dll
0x00007ff81bb50000 - 0x00007ff81bc50000 	C:\Windows\System32\ucrtbase.dll
0x00007ff8053d0000 - 0x00007ff8053e7000 	C:\Program Files\Android\Android Studio\jbr\bin\jli.dll
0x00007ff81dc20000 - 0x00007ff81ddbe000 	C:\Windows\System32\USER32.dll
0x00007ff81be00000 - 0x00007ff81be22000 	C:\Windows\System32\win32u.dll
0x00007ff80aaf0000 - 0x00007ff80ad8a000 	C:\Windows\WinSxS\amd64_microsoft.windows.common-controls_6595b64144ccf1df_6.0.19041.3570_none_60bb2a3971f3e41a\COMCTL32.dll
0x00007ff81c370000 - 0x00007ff81c39c000 	C:\Windows\System32\GDI32.dll
0x00007ff81beb0000 - 0x00007ff81bfca000 	C:\Windows\System32\gdi32full.dll
0x00007ffff9c60000 - 0x00007ffff9c7b000 	C:\Program Files\Android\Android Studio\jbr\bin\VCRUNTIME140.dll
0x00007ff81b7b0000 - 0x00007ff81b84d000 	C:\Windows\System32\msvcp_win.dll
0x00007ff81cd20000 - 0x00007ff81cdbe000 	C:\Windows\System32\msvcrt.dll
0x00007ff81c210000 - 0x00007ff81c240000 	C:\Windows\System32\IMM32.DLL
0x00007fffff630000 - 0x00007fffff63c000 	C:\Program Files\Android\Android Studio\jbr\bin\vcruntime140_1.dll
0x00007ffff0f90000 - 0x00007ffff101d000 	C:\Program Files\Android\Android Studio\jbr\bin\msvcp140.dll
0x00007fffe6080000 - 0x00007fffe6cee000 	C:\Program Files\Android\Android Studio\jbr\bin\server\jvm.dll
0x00007ff81bfd0000 - 0x00007ff81c07e000 	C:\Windows\System32\ADVAPI32.dll
0x00007ff81d620000 - 0x00007ff81d6bc000 	C:\Windows\System32\sechost.dll
0x00007ff81d860000 - 0x00007ff81d986000 	C:\Windows\System32\RPCRT4.dll
0x00007ff816ab0000 - 0x00007ff816ad7000 	C:\Windows\SYSTEM32\WINMM.dll
0x00007ff816230000 - 0x00007ff816239000 	C:\Windows\SYSTEM32\WSOCK32.dll
0x00007ff81d990000 - 0x00007ff81d9fb000 	C:\Windows\System32\WS2_32.dll
0x00007ff80f6a0000 - 0x00007ff80f6aa000 	C:\Windows\SYSTEM32\VERSION.dll
0x00007ff819e80000 - 0x00007ff819e92000 	C:\Windows\SYSTEM32\kernel.appcore.dll
0x00007ff814310000 - 0x00007ff81431a000 	C:\Program Files\Android\Android Studio\jbr\bin\jimage.dll
0x00007ff80f930000 - 0x00007ff80fb14000 	C:\Windows\SYSTEM32\DBGHELP.DLL
0x00007ff80f6b0000 - 0x00007ff80f6e4000 	C:\Windows\SYSTEM32\dbgcore.DLL
0x00007ff81bd70000 - 0x00007ff81bdf2000 	C:\Windows\System32\bcryptPrimitives.dll
0x00007ff80cc90000 - 0x00007ff80ccb5000 	C:\Program Files\Android\Android Studio\jbr\bin\java.dll
0x00007ff8067e0000 - 0x00007ff8067f8000 	C:\Program Files\Android\Android Studio\jbr\bin\zip.dll
0x00007ff81ce70000 - 0x00007ff81d5b4000 	C:\Windows\System32\SHELL32.dll
0x00007ff8196d0000 - 0x00007ff819e6b000 	C:\Windows\SYSTEM32\windows.storage.dll
0x00007ff81c550000 - 0x00007ff81c8a4000 	C:\Windows\System32\combase.dll
0x00007ff81b090000 - 0x00007ff81b0bd000 	C:\Windows\SYSTEM32\Wldp.dll
0x00007ff81cdc0000 - 0x00007ff81ce6d000 	C:\Windows\System32\SHCORE.dll
0x00007ff81d5c0000 - 0x00007ff81d615000 	C:\Windows\System32\shlwapi.dll
0x00007ff81b580000 - 0x00007ff81b5a5000 	C:\Windows\SYSTEM32\profapi.dll
0x00007ff806770000 - 0x00007ff806789000 	C:\Program Files\Android\Android Studio\jbr\bin\net.dll
0x00007ff812fc0000 - 0x00007ff8130ca000 	C:\Windows\SYSTEM32\WINHTTP.dll
0x00007ff81adf0000 - 0x00007ff81ae5a000 	C:\Windows\system32\mswsock.dll
0x00007ff805ff0000 - 0x00007ff806006000 	C:\Program Files\Android\Android Studio\jbr\bin\nio.dll
0x00007ff814160000 - 0x00007ff814170000 	C:\Program Files\Android\Android Studio\jbr\bin\verify.dll
0x00007ffffc3f0000 - 0x00007ffffc417000 	C:\Users\admin\.gradle\native\e1d6ef7f7dcc3fd88c89a11ec53ec762bb8ba0a96d01ffa2cd45eb1d1d8dd5c5\windows-amd64\native-platform.dll
0x00007fffe8dd0000 - 0x00007fffe8f14000 	C:\Users\admin\.gradle\native\5664cfc778a61ccfe75a443a1ab52a65af34e5dc3c78e0209fed803814484fcb\windows-amd64\native-platform-file-events.dll
0x00007ff80fd40000 - 0x00007ff80fd49000 	C:\Program Files\Android\Android Studio\jbr\bin\management.dll
0x00007ff80e760000 - 0x00007ff80e76b000 	C:\Program Files\Android\Android Studio\jbr\bin\management_ext.dll
0x00007ff81c240000 - 0x00007ff81c248000 	C:\Windows\System32\PSAPI.DLL
0x00007ff81aff0000 - 0x00007ff81b008000 	C:\Windows\SYSTEM32\CRYPTSP.dll
0x00007ff81a690000 - 0x00007ff81a6c4000 	C:\Windows\system32\rsaenh.dll
0x00007ff81be80000 - 0x00007ff81bea7000 	C:\Windows\System32\bcrypt.dll
0x00007ff81b540000 - 0x00007ff81b56e000 	C:\Windows\SYSTEM32\USERENV.dll
0x00007ff81afe0000 - 0x00007ff81afec000 	C:\Windows\SYSTEM32\CRYPTBASE.dll
0x00007ff81aa90000 - 0x00007ff81aacb000 	C:\Windows\SYSTEM32\IPHLPAPI.DLL
0x00007ff81dde0000 - 0x00007ff81dde8000 	C:\Windows\System32\NSI.dll
0x00007ff813d50000 - 0x00007ff813d67000 	C:\Windows\SYSTEM32\dhcpcsvc6.DLL
0x00007ff8139d0000 - 0x00007ff8139ed000 	C:\Windows\SYSTEM32\dhcpcsvc.DLL
0x00007ff81aad0000 - 0x00007ff81ab9a000 	C:\Windows\SYSTEM32\DNSAPI.dll
0x00007ff80d9c0000 - 0x00007ff80d9c7000 	C:\Windows\system32\wshunix.dll

dbghelp: loaded successfully - version: 4.0.5 - missing functions: none
symbol engine: initialized successfully - sym options: 0x614 - pdb path: .;C:\Program Files\Android\Android Studio\jbr\bin;C:\Windows\SYSTEM32;C:\Windows\WinSxS\amd64_microsoft.windows.common-controls_6595b64144ccf1df_6.0.19041.3570_none_60bb2a3971f3e41a;C:\Program Files\Android\Android Studio\jbr\bin\server;C:\Users\admin\.gradle\native\e1d6ef7f7dcc3fd88c89a11ec53ec762bb8ba0a96d01ffa2cd45eb1d1d8dd5c5\windows-amd64;C:\Users\admin\.gradle\native\5664cfc778a61ccfe75a443a1ab52a65af34e5dc3c78e0209fed803814484fcb\windows-amd64

VM Arguments:
jvm_args: --add-opens=java.base/java.util=ALL-UNNAMED --add-opens=java.base/java.lang=ALL-UNNAMED --add-opens=java.base/java.lang.invoke=ALL-UNNAMED --add-opens=java.base/java.util=ALL-UNNAMED --add-opens=java.prefs/java.util.prefs=ALL-UNNAMED --add-opens=java.prefs/java.util.prefs=ALL-UNNAMED --add-opens=java.base/java.nio.charset=ALL-UNNAMED --add-opens=java.base/java.net=ALL-UNNAMED --add-opens=java.base/java.util.concurrent.atomic=ALL-UNNAMED -Xmx2048m -Dfile.encoding=UTF-8 -Duser.country=US -Duser.language=en -Duser.variant 
java_command: org.gradle.launcher.daemon.bootstrap.GradleDaemon 7.3.3
java_class_path (initial): C:\Users\admin\.gradle\wrapper\dists\gradle-7.3.3-bin\6a41zxkdtcxs8rphpq6y0069z\gradle-7.3.3\lib\gradle-launcher-7.3.3.jar
Launcher Type: SUN_STANDARD

[Global flags]
     intx CICompilerCount                          = 3                                         {product} {ergonomic}
     uint ConcGCThreads                            = 1                                         {product} {ergonomic}
     uint G1ConcRefinementThreads                  = 4                                         {product} {ergonomic}
   size_t G1HeapRegionSize                         = 1048576                                   {product} {ergonomic}
    uintx GCDrainStackTargetSize                   = 64                                        {product} {ergonomic}
   size_t InitialHeapSize                          = 134217728                                 {product} {ergonomic}
   size_t MarkStackSize                            = 4194304                                   {product} {ergonomic}
   size_t MaxHeapSize                              = 2147483648                                {product} {command line}
   size_t MaxNewSize                               = 1287651328                                {product} {ergonomic}
   size_t MinHeapDeltaBytes                        = 1048576                                   {product} {ergonomic}
   size_t MinHeapSize                              = 8388608                                   {product} {ergonomic}
    uintx NonNMethodCodeHeapSize                   = 5832780                                {pd product} {ergonomic}
    uintx NonProfiledCodeHeapSize                  = 122912730                              {pd product} {ergonomic}
    uintx ProfiledCodeHeapSize                     = 122912730                              {pd product} {ergonomic}
    uintx ReservedCodeCacheSize                    = 251658240                              {pd product} {ergonomic}
     bool SegmentedCodeCache                       = true                                      {product} {ergonomic}
   size_t SoftMaxHeapSize                          = 2147483648                             {manageable} {ergonomic}
     bool UseCompressedClassPointers               = true                           {product lp64_product} {ergonomic}
     bool UseCompressedOops                        = true                           {product lp64_product} {ergonomic}
     bool UseG1GC                                  = true                                      {product} {ergonomic}
     bool UseLargePagesIndividualAllocation        = false                                  {pd product} {ergonomic}

Logging:
Log output configuration:
 #0: stdout all=warning uptime,level,tags
 #1: stderr all=off uptime,level,tags

Environment Variables:
JAVA_HOME=C:\Program Files\Java\jdk-20\
PATH=C:\Program Files (x86)\VMware\VMware Workstation\bin\;C:\Program Files\Common Files\Oracle\Java\javapath;C:\Windows\system32;C:\Windows;C:\Windows\System32\Wbem;C:\Windows\System32\WindowsPowerShell\v1.0\;C:\Windows\System32\OpenSSH\;C:\Program Files\Azure Data Studio\bin;C:\Program Files\Git\cmd;E:\;C:\Program Files\Microsoft SQL Server\130\Tools\Binn\;C:\Program Files\Microsoft SQL Server\Client SDK\ODBC\170\Tools\Binn\;C:\Program Files (x86)\Microsoft SQL Server\150\Tools\Binn\;C:\Program Files\Microsoft SQL Server\150\Tools\Binn\;C:\Program Files\Microsoft SQL Server\150\DTS\Binn\;C:\Program Files (x86)\Microsoft SQL Server\160\DTS\Binn\;C:\Users\admin\AppData\Local\Microsoft\WindowsApps;C:\Program Files\Azure Data Studio\bin;C:\Users\admin\AppData\Local\Programs\Microsoft VS Code\bin;C:\Users\admin\AppData\Roaming\npm
USERNAME=admin
OS=Windows_NT
PROCESSOR_IDENTIFIER=Intel64 Family 6 Model 69 Stepping 1, GenuineIntel
TMP=C:\Users\admin\AppData\Local\Temp
TEMP=C:\Users\admin\AppData\Local\Temp


JNI global refs:
JNI global refs: 23, weak refs: 3

JNI global refs memory usage: 843, weak refs: 841


---------------  S Y S T E M  ---------------

OS:
 Windows 10 , 64 bit Build 19041 (10.0.19041.3570)
OS uptime: 3 days 5:04 hours

CPU: total 4 (initial active 4) (2 cores per cpu, 2 threads per core) family 6 model 69 stepping 1 microcode 0x25, cx8, cmov, fxsr, ht, mmx, sse, sse2, sse3, ssse3, sse4.1, sse4.2, popcnt, lzcnt, tsc, tscinvbit, avx, avx2, aes, erms, clmul, bmi1, bmi2, fma, vzeroupper, clflush

Memory: 4k page, system-wide physical 8097M (147M free)
TotalPageFile size 13359M (AvailPageFile size 94M)
current process WorkingSet (physical memory assigned to process): 356M, peak: 365M
current process commit charge ("private bytes"): 382M, peak: 521M

vm_info: OpenJDK 64-Bit Server VM (17.0.6+0-b2043.56-10027231) for windows-amd64 JRE (17.0.6+0-b2043.56-10027231), built on Apr 28 2023 00:43:19 by "androidbuild" with MS VC++ 16.10 / 16.11 (VS2019)

END.
