#
# There is insufficient memory for the Java Runtime Environment to continue.
# Native memory allocation (mmap) failed to map 16777216 bytes for G1 virtual space
# Possible reasons:
#   The system is out of physical RAM or swap space
#   The process is running with CompressedOops enabled, and the Java Heap may be blocking the growth of the native heap
# Possible solutions:
#   Reduce memory load on the system
#   Increase physical memory or swap space
#   Check if swap backing store is full
#   Decrease Java heap size (-Xmx/-Xms)
#   Decrease number of Java threads
#   Decrease Java thread stack sizes (-Xss)
#   Set larger code cache with -XX:ReservedCodeCacheSize=
#   JVM is running with Unscaled Compressed Oops mode in which the Java heap is
#     placed in the first 4GB address space. The Java Heap base address is the
#     maximum limit for the native heap growth. Please use -XX:HeapBaseMinAddress
#     to set the Java Heap base and to place the Java Heap above 4GB virtual address.
# This output file may be truncated or incomplete.
#
#  Out of Memory Error (os_windows.cpp:3769), pid=12448, tid=3632
#
# JRE version: OpenJDK Runtime Environment (17.0.6) (build 17.0.6+0-b2043.56-10027231)
# Java VM: OpenJDK 64-Bit Server VM (17.0.6+0-b2043.56-10027231, mixed mode, tiered, compressed oops, compressed class ptrs, g1 gc, windows-amd64)
# No core dump will be written. Minidumps are not enabled by default on client versions of Windows
#

---------------  S U M M A R Y ------------

Command Line: --add-opens=java.base/java.util=ALL-UNNAMED --add-opens=java.base/java.lang=ALL-UNNAMED --add-opens=java.base/java.lang.invoke=ALL-UNNAMED --add-opens=java.base/java.util=ALL-UNNAMED --add-opens=java.prefs/java.util.prefs=ALL-UNNAMED --add-opens=java.prefs/java.util.prefs=ALL-UNNAMED --add-opens=java.base/java.nio.charset=ALL-UNNAMED --add-opens=java.base/java.net=ALL-UNNAMED --add-opens=java.base/java.util.concurrent.atomic=ALL-UNNAMED -Xmx2048m -Dfile.encoding=UTF-8 -Duser.country=US -Duser.language=en -Duser.variant org.gradle.launcher.daemon.bootstrap.GradleDaemon 7.3.3

Host: Intel(R) Core(TM) i7-4600U CPU @ 2.10GHz, 4 cores, 7G,  Windows 10 , 64 bit Build 19041 (10.0.19041.3570)
Time: Sat Oct 21 00:30:30 2023 SE Asia Standard Time elapsed time: 28.624931 seconds (0d 0h 0m 28s)

---------------  T H R E A D  ---------------

Current thread (0x000001e8e46991a0):  VMThread "VM Thread" [stack: 0x000000dbc6b00000,0x000000dbc6c00000] [id=3632]

Stack: [0x000000dbc6b00000,0x000000dbc6c00000]
Native frames: (J=compiled Java code, j=interpreted, Vv=VM code, C=native code)
V  [jvm.dll+0x683c9a]
V  [jvm.dll+0x8427a4]
V  [jvm.dll+0x843f9e]
V  [jvm.dll+0x844603]
V  [jvm.dll+0x249b75]
V  [jvm.dll+0x680b69]
V  [jvm.dll+0x67505a]
V  [jvm.dll+0x309acb]
V  [jvm.dll+0x310f86]
V  [jvm.dll+0x3608ee]
V  [jvm.dll+0x360b1f]
V  [jvm.dll+0x2dfbf8]
V  [jvm.dll+0x2ddec4]
V  [jvm.dll+0x2dd4cc]
V  [jvm.dll+0x321f3b]
V  [jvm.dll+0x848ccb]
V  [jvm.dll+0x849a04]
V  [jvm.dll+0x849f1d]
V  [jvm.dll+0x84a2f4]
V  [jvm.dll+0x84a3c0]
V  [jvm.dll+0x7f274a]
V  [jvm.dll+0x682ad5]
C  [ucrtbase.dll+0x21bb2]
C  [KERNEL32.DLL+0x17344]
C  [ntdll.dll+0x526b1]

VM_Operation (0x000000dbc81f6b20): G1CollectForAllocation, mode: safepoint, requested by thread 0x000001e8e5d45720


---------------  P R O C E S S  ---------------

Threads class SMR info:
_java_thread_list=0x000001e8ec611380, length=80, elements={
0x000001e8cb0ea560, 0x000001e8e469dcf0, 0x000001e8e469ea70, 0x000001e8e46bf7d0,
0x000001e8e46c10a0, 0x000001e8e46e6120, 0x000001e8e46e69e0, 0x000001e8e46e7350,
0x000001e8e46ee490, 0x000001e8e46ee9a0, 0x000001e8e51b2340, 0x000001e8e5183620,
0x000001e8e560c730, 0x000001e8e5483700, 0x000001e8e5c6d050, 0x000001e8e52d2940,
0x000001e8e6a58030, 0x000001e8e668cc30, 0x000001e8e5d45720, 0x000001e8e645f5f0,
0x000001e8e645e2b0, 0x000001e8e645e780, 0x000001e8e645ec50, 0x000001e8e6460460,
0x000001e8e645cf70, 0x000001e8e645f120, 0x000001e8e645ff90, 0x000001e8e6460930,
0x000001e8e645d440, 0x000001e8e645dde0, 0x000001e8e7c396d0, 0x000001e8e7c349d0,
0x000001e8e7c34500, 0x000001e8e7c3a070, 0x000001e8e7c3aee0, 0x000001e8e7c36b80,
0x000001e8e7c3a540, 0x000001e8e7c39200, 0x000001e8e7c3aa10, 0x000001e8e7c379f0,
0x000001e8e7c361e0, 0x000001e8e7c3b880, 0x000001e8e7c34ea0, 0x000001e8e7c38390,
0x000001e8e7c38d30, 0x000001e8e7c34030, 0x000001e8e7c35370, 0x000001e8e7c35840,
0x000001e8e7c35d10, 0x000001e8e7c366b0, 0x000001e8e7c37050, 0x000001e8e9e1e190,
0x000001e8e9e1dcc0, 0x000001e8e9e1a7d0, 0x000001e8e9e1bfe0, 0x000001e8e9e1d7f0,
0x000001e8e9e1ce50, 0x000001e8e9e1d320, 0x000001e8e9e1c4b0, 0x000001e8e9e1c980,
0x000001e8e9e1aca0, 0x000001e8e9e1b170, 0x000001e8e9e1b640, 0x000001e8e9e1bb10,
0x000001e8e96d9a10, 0x000001e8e96d5b80, 0x000001e8e96d6050, 0x000001e8e96d9ee0,
0x000001e8e96d56b0, 0x000001e8e96d8ba0, 0x000001e8e96db220, 0x000001e8e96d7860,
0x000001e8e96d4370, 0x000001e8e96d4d10, 0x000001e8e96d51e0, 0x000001e8e96d7390,
0x000001e8e96d8200, 0x000001e8e96d9540, 0x000001e8e96dad50, 0x000001e8e96dbbc0
}

Java Threads: ( => current thread )
  0x000001e8cb0ea560 JavaThread "main" [_thread_blocked, id=10404, stack(0x000000dbc6500000,0x000000dbc6600000)]
  0x000001e8e469dcf0 JavaThread "Reference Handler" daemon [_thread_blocked, id=1792, stack(0x000000dbc6c00000,0x000000dbc6d00000)]
  0x000001e8e469ea70 JavaThread "Finalizer" daemon [_thread_blocked, id=3188, stack(0x000000dbc6d00000,0x000000dbc6e00000)]
  0x000001e8e46bf7d0 JavaThread "Signal Dispatcher" daemon [_thread_blocked, id=200, stack(0x000000dbc6e00000,0x000000dbc6f00000)]
  0x000001e8e46c10a0 JavaThread "Attach Listener" daemon [_thread_blocked, id=16240, stack(0x000000dbc6f00000,0x000000dbc7000000)]
  0x000001e8e46e6120 JavaThread "Service Thread" daemon [_thread_blocked, id=12364, stack(0x000000dbc7000000,0x000000dbc7100000)]
  0x000001e8e46e69e0 JavaThread "Monitor Deflation Thread" daemon [_thread_blocked, id=14608, stack(0x000000dbc7100000,0x000000dbc7200000)]
  0x000001e8e46e7350 JavaThread "C2 CompilerThread0" daemon [_thread_blocked, id=7916, stack(0x000000dbc7200000,0x000000dbc7300000)]
  0x000001e8e46ee490 JavaThread "C1 CompilerThread0" daemon [_thread_blocked, id=12752, stack(0x000000dbc7300000,0x000000dbc7400000)]
  0x000001e8e46ee9a0 JavaThread "Sweeper thread" daemon [_thread_blocked, id=12620, stack(0x000000dbc7400000,0x000000dbc7500000)]
  0x000001e8e51b2340 JavaThread "Common-Cleaner" daemon [_thread_blocked, id=16112, stack(0x000000dbc7500000,0x000000dbc7600000)]
  0x000001e8e5183620 JavaThread "Notification Thread" daemon [_thread_blocked, id=10104, stack(0x000000dbc7600000,0x000000dbc7700000)]
  0x000001e8e560c730 JavaThread "Daemon health stats" [_thread_blocked, id=8940, stack(0x000000dbc7b00000,0x000000dbc7c00000)]
  0x000001e8e5483700 JavaThread "Incoming local TCP Connector on port 49235" [_thread_in_native, id=2992, stack(0x000000dbc7c00000,0x000000dbc7d00000)]
  0x000001e8e5c6d050 JavaThread "Daemon periodic checks" [_thread_blocked, id=15296, stack(0x000000dbc7d00000,0x000000dbc7e00000)]
  0x000001e8e52d2940 JavaThread "Daemon" [_thread_blocked, id=14792, stack(0x000000dbc7e00000,0x000000dbc7f00000)]
  0x000001e8e6a58030 JavaThread "Handler for socket connection from /127.0.0.1:49235 to /127.0.0.1:49236" [_thread_in_native, id=14424, stack(0x000000dbc7f00000,0x000000dbc8000000)]
  0x000001e8e668cc30 JavaThread "Cancel handler" [_thread_blocked, id=3204, stack(0x000000dbc8000000,0x000000dbc8100000)]
  0x000001e8e5d45720 JavaThread "Daemon worker" [_thread_blocked, id=11176, stack(0x000000dbc8100000,0x000000dbc8200000)]
  0x000001e8e645f5f0 JavaThread "Asynchronous log dispatcher for DefaultDaemonConnection: socket connection from /127.0.0.1:49235 to /127.0.0.1:49236" [_thread_blocked, id=11744, stack(0x000000dbc8200000,0x000000dbc8300000)]
  0x000001e8e645e2b0 JavaThread "Stdin handler" [_thread_blocked, id=8404, stack(0x000000dbc8300000,0x000000dbc8400000)]
  0x000001e8e645e780 JavaThread "Daemon client event forwarder" [_thread_blocked, id=14340, stack(0x000000dbc8400000,0x000000dbc8500000)]
  0x000001e8e645ec50 JavaThread "Cache worker for journal cache (C:\Users\admin\.gradle\caches\journal-1)" [_thread_blocked, id=16328, stack(0x000000dbc8500000,0x000000dbc8600000)]
  0x000001e8e6460460 JavaThread "File lock request listener" [_thread_in_native, id=14376, stack(0x000000dbc8600000,0x000000dbc8700000)]
  0x000001e8e645cf70 JavaThread "Cache worker for file hash cache (C:\Users\admin\.gradle\caches\7.3.3\fileHashes)" [_thread_blocked, id=2440, stack(0x000000dbc8700000,0x000000dbc8800000)]
  0x000001e8e645f120 JavaThread "Cache worker for file hash cache (E:\Downloads\UngDungBanHang\AppBanHang\.gradle\7.3.3\fileHashes)" [_thread_blocked, id=1328, stack(0x000000dbc8800000,0x000000dbc8900000)]
  0x000001e8e645ff90 JavaThread "File watcher server" daemon [_thread_in_native, id=12244, stack(0x000000dbc8900000,0x000000dbc8a00000)]
  0x000001e8e6460930 JavaThread "File watcher consumer" daemon [_thread_blocked, id=2728, stack(0x000000dbc8a00000,0x000000dbc8b00000)]
  0x000001e8e645d440 JavaThread "Cache worker for checksums cache (E:\Downloads\UngDungBanHang\AppBanHang\.gradle\7.3.3\checksums)" [_thread_blocked, id=7104, stack(0x000000dbc8b00000,0x000000dbc8c00000)]
  0x000001e8e645dde0 JavaThread "Cache worker for cache directory md-supplier (C:\Users\admin\.gradle\caches\7.3.3\md-supplier)" [_thread_blocked, id=5140, stack(0x000000dbc8c00000,0x000000dbc8d00000)]
  0x000001e8e7c396d0 JavaThread "Cache worker for cache directory md-rule (C:\Users\admin\.gradle\caches\7.3.3\md-rule)" [_thread_blocked, id=14688, stack(0x000000dbc8d00000,0x000000dbc8e00000)]
  0x000001e8e7c349d0 JavaThread "Cache worker for execution history cache (C:\Users\admin\.gradle\caches\7.3.3\executionHistory)" [_thread_blocked, id=9756, stack(0x000000dbc8e00000,0x000000dbc8f00000)]
  0x000001e8e7c34500 JavaThread "jar transforms" [_thread_blocked, id=532, stack(0x000000dbc8f00000,0x000000dbc9000000)]
  0x000001e8e7c3a070 JavaThread "jar transforms Thread 2" [_thread_blocked, id=12312, stack(0x000000dbc9000000,0x000000dbc9100000)]
  0x000001e8e7c3aee0 JavaThread "Cache worker for file content cache (C:\Users\admin\.gradle\caches\7.3.3\fileContent)" [_thread_blocked, id=15116, stack(0x000000dbc9100000,0x000000dbc9200000)]
  0x000001e8e7c36b80 JavaThread "jar transforms Thread 3" [_thread_blocked, id=13672, stack(0x000000dbc9200000,0x000000dbc9300000)]
  0x000001e8e7c3a540 JavaThread "jar transforms Thread 4" [_thread_blocked, id=7108, stack(0x000000dbc9300000,0x000000dbc9400000)]
  0x000001e8e7c39200 JavaThread "Cache worker for dependencies-accessors (E:\Downloads\UngDungBanHang\AppBanHang\.gradle\7.3.3\dependencies-accessors)" [_thread_blocked, id=2760, stack(0x000000dbc9400000,0x000000dbc9500000)]
  0x000001e8e7c3aa10 JavaThread "Cache worker for Build Output Cleanup Cache (E:\Downloads\UngDungBanHang\AppBanHang\.gradle\buildOutputCleanup)" [_thread_blocked, id=10348, stack(0x000000dbc9500000,0x000000dbc9600000)]
  0x000001e8e7c379f0 JavaThread "Unconstrained build operations" [_thread_blocked, id=1740, stack(0x000000dbc9600000,0x000000dbc9700000)]
  0x000001e8e7c361e0 JavaThread "Unconstrained build operations Thread 2" [_thread_blocked, id=8704, stack(0x000000dbc9700000,0x000000dbc9800000)]
  0x000001e8e7c3b880 JavaThread "Unconstrained build operations Thread 3" [_thread_blocked, id=12036, stack(0x000000dbc9800000,0x000000dbc9900000)]
  0x000001e8e7c34ea0 JavaThread "Unconstrained build operations Thread 4" [_thread_blocked, id=3376, stack(0x000000dbc9900000,0x000000dbc9a00000)]
  0x000001e8e7c38390 JavaThread "Unconstrained build operations Thread 5" [_thread_blocked, id=14056, stack(0x000000dbc9a00000,0x000000dbc9b00000)]
  0x000001e8e7c38d30 JavaThread "Unconstrained build operations Thread 6" [_thread_blocked, id=460, stack(0x000000dbc9b00000,0x000000dbc9c00000)]
  0x000001e8e7c34030 JavaThread "Unconstrained build operations Thread 7" [_thread_blocked, id=10500, stack(0x000000dbc9c00000,0x000000dbc9d00000)]
  0x000001e8e7c35370 JavaThread "Unconstrained build operations Thread 8" [_thread_blocked, id=14320, stack(0x000000dbc9d00000,0x000000dbc9e00000)]
  0x000001e8e7c35840 JavaThread "Unconstrained build operations Thread 9" [_thread_blocked, id=11436, stack(0x000000dbc9e00000,0x000000dbc9f00000)]
  0x000001e8e7c35d10 JavaThread "Unconstrained build operations Thread 10" [_thread_blocked, id=8736, stack(0x000000dbc9f00000,0x000000dbca000000)]
  0x000001e8e7c366b0 JavaThread "Unconstrained build operations Thread 11" [_thread_blocked, id=14752, stack(0x000000dbca000000,0x000000dbca100000)]
  0x000001e8e7c37050 JavaThread "Unconstrained build operations Thread 12" [_thread_blocked, id=3512, stack(0x000000dbca100000,0x000000dbca200000)]
  0x000001e8e9e1e190 JavaThread "Unconstrained build operations Thread 13" [_thread_blocked, id=10820, stack(0x000000dbca200000,0x000000dbca300000)]
  0x000001e8e9e1dcc0 JavaThread "Unconstrained build operations Thread 14" [_thread_blocked, id=15620, stack(0x000000dbca300000,0x000000dbca400000)]
  0x000001e8e9e1a7d0 JavaThread "Unconstrained build operations Thread 15" [_thread_blocked, id=11312, stack(0x000000dbca400000,0x000000dbca500000)]
  0x000001e8e9e1bfe0 JavaThread "Unconstrained build operations Thread 16" [_thread_blocked, id=8428, stack(0x000000dbca500000,0x000000dbca600000)]
  0x000001e8e9e1d7f0 JavaThread "Unconstrained build operations Thread 17" [_thread_blocked, id=3800, stack(0x000000dbca600000,0x000000dbca700000)]
  0x000001e8e9e1ce50 JavaThread "Unconstrained build operations Thread 18" [_thread_blocked, id=15520, stack(0x000000dbca700000,0x000000dbca800000)]
  0x000001e8e9e1d320 JavaThread "Unconstrained build operations Thread 19" [_thread_blocked, id=15068, stack(0x000000dbca800000,0x000000dbca900000)]
  0x000001e8e9e1c4b0 JavaThread "Unconstrained build operations Thread 20" [_thread_blocked, id=11672, stack(0x000000dbca900000,0x000000dbcaa00000)]
  0x000001e8e9e1c980 JavaThread "Unconstrained build operations Thread 21" [_thread_blocked, id=5996, stack(0x000000dbcaa00000,0x000000dbcab00000)]
  0x000001e8e9e1aca0 JavaThread "Unconstrained build operations Thread 22" [_thread_blocked, id=7900, stack(0x000000dbcab00000,0x000000dbcac00000)]
  0x000001e8e9e1b170 JavaThread "Unconstrained build operations Thread 23" [_thread_blocked, id=13852, stack(0x000000dbcac00000,0x000000dbcad00000)]
  0x000001e8e9e1b640 JavaThread "Unconstrained build operations Thread 24" [_thread_blocked, id=12560, stack(0x000000dbcad00000,0x000000dbcae00000)]
  0x000001e8e9e1bb10 JavaThread "Unconstrained build operations Thread 25" [_thread_blocked, id=15160, stack(0x000000dbcae00000,0x000000dbcaf00000)]
  0x000001e8e96d9a10 JavaThread "Unconstrained build operations Thread 26" [_thread_blocked, id=5576, stack(0x000000dbcaf00000,0x000000dbcb000000)]
  0x000001e8e96d5b80 JavaThread "Unconstrained build operations Thread 27" [_thread_blocked, id=10116, stack(0x000000dbcb000000,0x000000dbcb100000)]
  0x000001e8e96d6050 JavaThread "Unconstrained build operations Thread 28" [_thread_blocked, id=15488, stack(0x000000dbcb100000,0x000000dbcb200000)]
  0x000001e8e96d9ee0 JavaThread "Unconstrained build operations Thread 29" [_thread_blocked, id=10028, stack(0x000000dbcb200000,0x000000dbcb300000)]
  0x000001e8e96d56b0 JavaThread "Unconstrained build operations Thread 30" [_thread_blocked, id=15304, stack(0x000000dbcb300000,0x000000dbcb400000)]
  0x000001e8e96d8ba0 JavaThread "Unconstrained build operations Thread 31" [_thread_blocked, id=12052, stack(0x000000dbcb400000,0x000000dbcb500000)]
  0x000001e8e96db220 JavaThread "Unconstrained build operations Thread 32" [_thread_blocked, id=12576, stack(0x000000dbcb500000,0x000000dbcb600000)]
  0x000001e8e96d7860 JavaThread "Unconstrained build operations Thread 33" [_thread_blocked, id=13832, stack(0x000000dbcb600000,0x000000dbcb700000)]
  0x000001e8e96d4370 JavaThread "Unconstrained build operations Thread 34" [_thread_blocked, id=15948, stack(0x000000dbcb700000,0x000000dbcb800000)]
  0x000001e8e96d4d10 JavaThread "Unconstrained build operations Thread 35" [_thread_blocked, id=7676, stack(0x000000dbcb800000,0x000000dbcb900000)]
  0x000001e8e96d51e0 JavaThread "Unconstrained build operations Thread 36" [_thread_blocked, id=4500, stack(0x000000dbcb900000,0x000000dbcba00000)]
  0x000001e8e96d7390 JavaThread "Unconstrained build operations Thread 37" [_thread_blocked, id=13536, stack(0x000000dbcba00000,0x000000dbcbb00000)]
  0x000001e8e96d8200 JavaThread "Unconstrained build operations Thread 38" [_thread_blocked, id=2560, stack(0x000000dbcbb00000,0x000000dbcbc00000)]
  0x000001e8e96d9540 JavaThread "Unconstrained build operations Thread 39" [_thread_blocked, id=13988, stack(0x000000dbcbc00000,0x000000dbcbd00000)]
  0x000001e8e96dad50 JavaThread "Unconstrained build operations Thread 40" [_thread_blocked, id=12844, stack(0x000000dbcbd00000,0x000000dbcbe00000)]
  0x000001e8e96dbbc0 JavaThread "Memory manager" [_thread_blocked, id=14968, stack(0x000000dbcbe00000,0x000000dbcbf00000)]

Other Threads:
=>0x000001e8e46991a0 VMThread "VM Thread" [stack: 0x000000dbc6b00000,0x000000dbc6c00000] [id=3632]
  0x000001e8e51b0010 WatcherThread [stack: 0x000000dbc7700000,0x000000dbc7800000] [id=2280]
  0x000001e8cb149850 GCTaskThread "GC Thread#0" [stack: 0x000000dbc6600000,0x000000dbc6700000] [id=14304]
  0x000001e8e53f6230 GCTaskThread "GC Thread#1" [stack: 0x000000dbc7800000,0x000000dbc7900000] [id=16304]
  0x000001e8e5ab28d0 GCTaskThread "GC Thread#2" [stack: 0x000000dbc7900000,0x000000dbc7a00000] [id=10744]
  0x000001e8e5e71fc0 GCTaskThread "GC Thread#3" [stack: 0x000000dbc7a00000,0x000000dbc7b00000] [id=12828]
  0x000001e8cb15a6a0 ConcurrentGCThread "G1 Main Marker" [stack: 0x000000dbc6700000,0x000000dbc6800000] [id=8988]
  0x000001e8cb15afc0 ConcurrentGCThread "G1 Conc#0" [stack: 0x000000dbc6800000,0x000000dbc6900000] [id=12424]
  0x000001e8cb1bd0e0 ConcurrentGCThread "G1 Refine#0" [stack: 0x000000dbc6900000,0x000000dbc6a00000] [id=6276]
  0x000001e8cb1bda10 ConcurrentGCThread "G1 Service" [stack: 0x000000dbc6a00000,0x000000dbc6b00000] [id=14520]

Threads with active compile tasks:
C2 CompilerThread0    28688 7741 %     4       org.gradle.internal.instantiation.generator.AbstractClassGenerator::inspectType @ 207 (560 bytes)

VM state: at safepoint (normal execution)

VM Mutex/Monitor currently owned by a thread:  ([mutex/lock_event])
[0x000001e8cb0e5550] Threads_lock - owner thread: 0x000001e8e46991a0
[0x000001e8cb0e5ca0] Heap_lock - owner thread: 0x000001e8e5d45720

Heap address: 0x0000000080000000, size: 2048 MB, Compressed Oops mode: 32-bit

CDS archive(s) not mapped
Compressed class space mapped at: 0x0000000100000000-0x0000000140000000, reserved size: 1073741824
Narrow klass base: 0x0000000000000000, Narrow klass shift: 3, Narrow klass range: 0x140000000

GC Precious Log:
 CPUs: 4 total, 4 available
 Memory: 8097M
 Large Page Support: Disabled
 NUMA Support: Disabled
 Compressed Oops: Enabled (32-bit)
 Heap Region Size: 1M
 Heap Min Capacity: 8M
 Heap Initial Capacity: 128M
 Heap Max Capacity: 2G
 Pre-touch: Disabled
 Parallel Workers: 4
 Concurrent Workers: 1
 Concurrent Refinement Workers: 4
 Periodic GC: Disabled

Heap:
 garbage-first heap   total 114688K, used 64998K [0x0000000080000000, 0x0000000100000000)
  region size 1024K, 5 young (5120K), 5 survivors (5120K)
 Metaspace       used 81189K, committed 81792K, reserved 1122304K
  class space    used 10881K, committed 11200K, reserved 1048576K

Heap Regions: E=young(eden), S=young(survivor), O=old, HS=humongous(starts), HC=humongous(continues), CS=collection set, F=free, OA=open archive, CA=closed archive, TAMS=top-at-mark-start (previous, next)
|   0|0x0000000080000000, 0x0000000080100000, 0x0000000080100000|100%|HS|  |TAMS 0x0000000080100000, 0x0000000080100000| Complete 
|   1|0x0000000080100000, 0x0000000080200000, 0x0000000080200000|100%|HC|  |TAMS 0x0000000080200000, 0x0000000080200000| Complete 
|   2|0x0000000080200000, 0x0000000080300000, 0x0000000080300000|100%|HC|  |TAMS 0x0000000080300000, 0x0000000080300000| Complete 
|   3|0x0000000080300000, 0x0000000080400000, 0x0000000080400000|100%| O|  |TAMS 0x0000000080400000, 0x0000000080400000| Untracked 
|   4|0x0000000080400000, 0x0000000080500000, 0x0000000080500000|100%| O|  |TAMS 0x0000000080500000, 0x0000000080500000| Untracked 
|   5|0x0000000080500000, 0x0000000080600000, 0x0000000080600000|100%| O|  |TAMS 0x0000000080600000, 0x0000000080600000| Untracked 
|   6|0x0000000080600000, 0x0000000080700000, 0x0000000080700000|100%| O|  |TAMS 0x0000000080700000, 0x0000000080700000| Untracked 
|   7|0x0000000080700000, 0x0000000080800000, 0x0000000080800000|100%| O|  |TAMS 0x0000000080800000, 0x0000000080800000| Untracked 
|   8|0x0000000080800000, 0x0000000080900000, 0x0000000080900000|100%| O|  |TAMS 0x0000000080900000, 0x0000000080900000| Untracked 
|   9|0x0000000080900000, 0x0000000080a00000, 0x0000000080a00000|100%| O|  |TAMS 0x0000000080a00000, 0x0000000080a00000| Untracked 
|  10|0x0000000080a00000, 0x0000000080afac00, 0x0000000080b00000| 97%| O|  |TAMS 0x0000000080afac00, 0x0000000080afac00| Untracked 
|  11|0x0000000080b00000, 0x0000000080c00000, 0x0000000080c00000|100%| O|  |TAMS 0x0000000080c00000, 0x0000000080c00000| Untracked 
|  12|0x0000000080c00000, 0x0000000080d00000, 0x0000000080d00000|100%| O|  |TAMS 0x0000000080d00000, 0x0000000080d00000| Untracked 
|  13|0x0000000080d00000, 0x0000000080e00000, 0x0000000080e00000|100%| O|  |TAMS 0x0000000080e00000, 0x0000000080e00000| Untracked 
|  14|0x0000000080e00000, 0x0000000080f00000, 0x0000000080f00000|100%| O|  |TAMS 0x0000000080f00000, 0x0000000080f00000| Untracked 
|  15|0x0000000080f00000, 0x0000000081000000, 0x0000000081000000|100%| O|  |TAMS 0x0000000081000000, 0x0000000081000000| Untracked 
|  16|0x0000000081000000, 0x0000000081100000, 0x0000000081100000|100%| O|  |TAMS 0x0000000081100000, 0x0000000081100000| Untracked 
|  17|0x0000000081100000, 0x0000000081200000, 0x0000000081200000|100%| O|  |TAMS 0x0000000081200000, 0x0000000081200000| Untracked 
|  18|0x0000000081200000, 0x0000000081300000, 0x0000000081300000|100%| O|  |TAMS 0x0000000081300000, 0x0000000081300000| Untracked 
|  19|0x0000000081300000, 0x0000000081400000, 0x0000000081400000|100%| O|  |TAMS 0x0000000081400000, 0x0000000081400000| Untracked 
|  20|0x0000000081400000, 0x0000000081500000, 0x0000000081500000|100%| O|  |TAMS 0x0000000081500000, 0x0000000081500000| Untracked 
|  21|0x0000000081500000, 0x0000000081600000, 0x0000000081600000|100%| O|  |TAMS 0x0000000081600000, 0x0000000081600000| Untracked 
|  22|0x0000000081600000, 0x0000000081700000, 0x0000000081700000|100%| O|  |TAMS 0x0000000081700000, 0x0000000081700000| Untracked 
|  23|0x0000000081700000, 0x0000000081800000, 0x0000000081800000|100%| O|  |TAMS 0x0000000081800000, 0x0000000081800000| Untracked 
|  24|0x0000000081800000, 0x0000000081900000, 0x0000000081900000|100%| O|  |TAMS 0x0000000081900000, 0x0000000081900000| Untracked 
|  25|0x0000000081900000, 0x0000000081a00000, 0x0000000081a00000|100%| O|  |TAMS 0x0000000081a00000, 0x0000000081a00000| Untracked 
|  26|0x0000000081a00000, 0x0000000081b00000, 0x0000000081b00000|100%| O|  |TAMS 0x0000000081b00000, 0x0000000081b00000| Untracked 
|  27|0x0000000081b00000, 0x0000000081c00000, 0x0000000081c00000|100%| O|  |TAMS 0x0000000081c00000, 0x0000000081c00000| Untracked 
|  28|0x0000000081c00000, 0x0000000081d00000, 0x0000000081d00000|100%| O|  |TAMS 0x0000000081d00000, 0x0000000081d00000| Untracked 
|  29|0x0000000081d00000, 0x0000000081e00000, 0x0000000081e00000|100%| O|  |TAMS 0x0000000081e00000, 0x0000000081e00000| Untracked 
|  30|0x0000000081e00000, 0x0000000081f00000, 0x0000000081f00000|100%| O|  |TAMS 0x0000000081f00000, 0x0000000081f00000| Untracked 
|  31|0x0000000081f00000, 0x0000000082000000, 0x0000000082000000|100%| O|  |TAMS 0x0000000082000000, 0x0000000082000000| Untracked 
|  32|0x0000000082000000, 0x0000000082100000, 0x0000000082100000|100%|HS|  |TAMS 0x0000000082100000, 0x0000000082100000| Complete 
|  33|0x0000000082100000, 0x0000000082200000, 0x0000000082200000|100%|HS|  |TAMS 0x0000000082200000, 0x0000000082200000| Complete 
|  34|0x0000000082200000, 0x0000000082300000, 0x0000000082300000|100%| O|  |TAMS 0x0000000082300000, 0x0000000082300000| Untracked 
|  35|0x0000000082300000, 0x0000000082400000, 0x0000000082400000|100%| O|  |TAMS 0x0000000082400000, 0x0000000082400000| Untracked 
|  36|0x0000000082400000, 0x0000000082500000, 0x0000000082500000|100%| O|  |TAMS 0x0000000082500000, 0x0000000082500000| Untracked 
|  37|0x0000000082500000, 0x0000000082600000, 0x0000000082600000|100%|HS|  |TAMS 0x0000000082600000, 0x0000000082600000| Complete 
|  38|0x0000000082600000, 0x0000000082700000, 0x0000000082700000|100%|HC|  |TAMS 0x0000000082700000, 0x0000000082700000| Complete 
|  39|0x0000000082700000, 0x0000000082800000, 0x0000000082800000|100%| O|  |TAMS 0x0000000082800000, 0x0000000082800000| Untracked 
|  40|0x0000000082800000, 0x0000000082900000, 0x0000000082900000|100%| O|  |TAMS 0x0000000082900000, 0x0000000082900000| Untracked 
|  41|0x0000000082900000, 0x0000000082a00000, 0x0000000082a00000|100%| O|  |TAMS 0x0000000082a00000, 0x0000000082a00000| Untracked 
|  42|0x0000000082a00000, 0x0000000082b00000, 0x0000000082b00000|100%| O|  |TAMS 0x0000000082b00000, 0x0000000082b00000| Untracked 
|  43|0x0000000082b00000, 0x0000000082c00000, 0x0000000082c00000|100%| O|  |TAMS 0x0000000082c00000, 0x0000000082c00000| Untracked 
|  44|0x0000000082c00000, 0x0000000082d00000, 0x0000000082d00000|100%| O|  |TAMS 0x0000000082d00000, 0x0000000082d00000| Untracked 
|  45|0x0000000082d00000, 0x0000000082e00000, 0x0000000082e00000|100%| O|  |TAMS 0x0000000082e00000, 0x0000000082e00000| Untracked 
|  46|0x0000000082e00000, 0x0000000082f00000, 0x0000000082f00000|100%| O|  |TAMS 0x0000000082f00000, 0x0000000082f00000| Untracked 
|  47|0x0000000082f00000, 0x0000000083000000, 0x0000000083000000|100%| O|  |TAMS 0x0000000083000000, 0x0000000083000000| Untracked 
|  48|0x0000000083000000, 0x0000000083100000, 0x0000000083100000|100%| O|  |TAMS 0x0000000083100000, 0x0000000083100000| Untracked 
|  49|0x0000000083100000, 0x0000000083200000, 0x0000000083200000|100%| O|  |TAMS 0x0000000083200000, 0x0000000083200000| Untracked 
|  50|0x0000000083200000, 0x0000000083300000, 0x0000000083300000|100%| O|  |TAMS 0x0000000083300000, 0x0000000083300000| Untracked 
|  51|0x0000000083300000, 0x0000000083400000, 0x0000000083400000|100%| O|  |TAMS 0x0000000083400000, 0x0000000083400000| Untracked 
|  52|0x0000000083400000, 0x0000000083500000, 0x0000000083500000|100%| O|  |TAMS 0x0000000083500000, 0x0000000083500000| Untracked 
|  53|0x0000000083500000, 0x0000000083600000, 0x0000000083600000|100%| O|  |TAMS 0x000000008355be00, 0x0000000083600000| Untracked 
|  54|0x0000000083600000, 0x0000000083700000, 0x0000000083700000|100%| O|  |TAMS 0x0000000083600000, 0x0000000083700000| Untracked 
|  55|0x0000000083700000, 0x0000000083800000, 0x0000000083800000|100%| O|  |TAMS 0x0000000083700000, 0x0000000083800000| Untracked 
|  56|0x0000000083800000, 0x0000000083900000, 0x0000000083900000|100%| O|  |TAMS 0x0000000083800000, 0x00000000838e6a00| Untracked 
|  57|0x0000000083900000, 0x0000000083a00000, 0x0000000083a00000|100%| O|  |TAMS 0x0000000083900000, 0x0000000083900000| Untracked 
|  58|0x0000000083a00000, 0x0000000083ad8600, 0x0000000083b00000| 84%| O|  |TAMS 0x0000000083a00000, 0x0000000083a00000| Untracked 
|  59|0x0000000083b00000, 0x0000000083b00000, 0x0000000083c00000|  0%| F|  |TAMS 0x0000000083b00000, 0x0000000083b00000| Untracked 
|  60|0x0000000083c00000, 0x0000000083c00000, 0x0000000083d00000|  0%| F|  |TAMS 0x0000000083c00000, 0x0000000083c00000| Untracked 
|  61|0x0000000083d00000, 0x0000000083d00000, 0x0000000083e00000|  0%| F|  |TAMS 0x0000000083d00000, 0x0000000083d00000| Untracked 
|  62|0x0000000083e00000, 0x0000000083e00000, 0x0000000083f00000|  0%| F|  |TAMS 0x0000000083e00000, 0x0000000083e00000| Untracked 
|  63|0x0000000083f00000, 0x0000000083f00000, 0x0000000084000000|  0%| F|  |TAMS 0x0000000083f00000, 0x0000000083f00000| Untracked 
|  64|0x0000000084000000, 0x0000000084000000, 0x0000000084100000|  0%| F|  |TAMS 0x0000000084000000, 0x0000000084000000| Untracked 
|  65|0x0000000084100000, 0x0000000084100000, 0x0000000084200000|  0%| F|  |TAMS 0x0000000084100000, 0x0000000084100000| Untracked 
|  66|0x0000000084200000, 0x0000000084200000, 0x0000000084300000|  0%| F|  |TAMS 0x0000000084200000, 0x0000000084200000| Untracked 
|  67|0x0000000084300000, 0x0000000084300000, 0x0000000084400000|  0%| F|  |TAMS 0x0000000084300000, 0x0000000084300000| Untracked 
|  68|0x0000000084400000, 0x0000000084400000, 0x0000000084500000|  0%| F|  |TAMS 0x0000000084400000, 0x0000000084400000| Untracked 
|  69|0x0000000084500000, 0x0000000084500000, 0x0000000084600000|  0%| F|  |TAMS 0x0000000084500000, 0x0000000084500000| Untracked 
|  70|0x0000000084600000, 0x0000000084600000, 0x0000000084700000|  0%| F|  |TAMS 0x0000000084600000, 0x0000000084600000| Untracked 
|  71|0x0000000084700000, 0x0000000084700000, 0x0000000084800000|  0%| F|  |TAMS 0x0000000084700000, 0x0000000084700000| Untracked 
|  72|0x0000000084800000, 0x0000000084800000, 0x0000000084900000|  0%| F|  |TAMS 0x0000000084800000, 0x0000000084800000| Untracked 
|  73|0x0000000084900000, 0x00000000849a6620, 0x0000000084a00000| 64%| S|CS|TAMS 0x0000000084900000, 0x0000000084900000| Complete 
|  74|0x0000000084a00000, 0x0000000084b00000, 0x0000000084b00000|100%| S|CS|TAMS 0x0000000084a00000, 0x0000000084a00000| Complete 
|  75|0x0000000084b00000, 0x0000000084c00000, 0x0000000084c00000|100%| S|CS|TAMS 0x0000000084b00000, 0x0000000084b00000| Complete 
|  76|0x0000000084c00000, 0x0000000084d00000, 0x0000000084d00000|100%| S|CS|TAMS 0x0000000084c00000, 0x0000000084c00000| Complete 
|  77|0x0000000084d00000, 0x0000000084e00000, 0x0000000084e00000|100%| S|CS|TAMS 0x0000000084d00000, 0x0000000084d00000| Complete 
|  78|0x0000000084e00000, 0x0000000084e00000, 0x0000000084f00000|  0%| F|  |TAMS 0x0000000084e00000, 0x0000000084e00000| Untracked 
|  79|0x0000000084f00000, 0x0000000084f00000, 0x0000000085000000|  0%| F|  |TAMS 0x0000000084f00000, 0x0000000084f00000| Untracked 
|  80|0x0000000085000000, 0x0000000085000000, 0x0000000085100000|  0%| F|  |TAMS 0x0000000085000000, 0x0000000085000000| Untracked 
|  81|0x0000000085100000, 0x0000000085100000, 0x0000000085200000|  0%| F|  |TAMS 0x0000000085100000, 0x0000000085100000| Untracked 
|  82|0x0000000085200000, 0x0000000085200000, 0x0000000085300000|  0%| F|  |TAMS 0x0000000085200000, 0x0000000085200000| Untracked 
|  83|0x0000000085300000, 0x0000000085300000, 0x0000000085400000|  0%| F|  |TAMS 0x0000000085300000, 0x0000000085300000| Untracked 
|  84|0x0000000085400000, 0x0000000085400000, 0x0000000085500000|  0%| F|  |TAMS 0x0000000085400000, 0x0000000085400000| Untracked 
|  85|0x0000000085500000, 0x0000000085500000, 0x0000000085600000|  0%| F|  |TAMS 0x0000000085500000, 0x0000000085500000| Untracked 
|  86|0x0000000085600000, 0x0000000085600000, 0x0000000085700000|  0%| F|  |TAMS 0x0000000085600000, 0x0000000085600000| Untracked 
|  87|0x0000000085700000, 0x0000000085700000, 0x0000000085800000|  0%| F|  |TAMS 0x0000000085700000, 0x0000000085700000| Untracked 
|  88|0x0000000085800000, 0x0000000085800000, 0x0000000085900000|  0%| F|  |TAMS 0x0000000085800000, 0x0000000085800000| Untracked 
|  89|0x0000000085900000, 0x0000000085900000, 0x0000000085a00000|  0%| F|  |TAMS 0x0000000085900000, 0x0000000085900000| Untracked 
|  90|0x0000000085a00000, 0x0000000085a00000, 0x0000000085b00000|  0%| F|  |TAMS 0x0000000085a00000, 0x0000000085a00000| Untracked 
|  91|0x0000000085b00000, 0x0000000085b00000, 0x0000000085c00000|  0%| F|  |TAMS 0x0000000085b00000, 0x0000000085b00000| Untracked 
|  92|0x0000000085c00000, 0x0000000085c00000, 0x0000000085d00000|  0%| F|  |TAMS 0x0000000085c00000, 0x0000000085c00000| Untracked 
|  93|0x0000000085d00000, 0x0000000085d00000, 0x0000000085e00000|  0%| F|  |TAMS 0x0000000085d00000, 0x0000000085d00000| Untracked 
|  94|0x0000000085e00000, 0x0000000085e00000, 0x0000000085f00000|  0%| F|  |TAMS 0x0000000085e00000, 0x0000000085e00000| Untracked 
|  95|0x0000000085f00000, 0x0000000085f00000, 0x0000000086000000|  0%| F|  |TAMS 0x0000000085f00000, 0x0000000085f00000| Untracked 
|  96|0x0000000086000000, 0x0000000086000000, 0x0000000086100000|  0%| F|  |TAMS 0x0000000086000000, 0x0000000086000000| Untracked 
|  97|0x0000000086100000, 0x0000000086100000, 0x0000000086200000|  0%| F|  |TAMS 0x0000000086100000, 0x0000000086100000| Untracked 
|  98|0x0000000086200000, 0x0000000086200000, 0x0000000086300000|  0%| F|  |TAMS 0x0000000086200000, 0x0000000086200000| Untracked 
|  99|0x0000000086300000, 0x0000000086300000, 0x0000000086400000|  0%| F|  |TAMS 0x0000000086300000, 0x0000000086300000| Untracked 
| 100|0x0000000086400000, 0x0000000086400000, 0x0000000086500000|  0%| F|  |TAMS 0x0000000086400000, 0x0000000086400000| Untracked 
| 101|0x0000000086500000, 0x0000000086500000, 0x0000000086600000|  0%| F|  |TAMS 0x0000000086500000, 0x0000000086500000| Untracked 
| 102|0x0000000086600000, 0x0000000086600000, 0x0000000086700000|  0%| F|  |TAMS 0x0000000086600000, 0x0000000086600000| Untracked 
| 103|0x0000000086700000, 0x0000000086700000, 0x0000000086800000|  0%| F|  |TAMS 0x0000000086700000, 0x0000000086700000| Untracked 
| 104|0x0000000086800000, 0x0000000086800000, 0x0000000086900000|  0%| F|  |TAMS 0x0000000086800000, 0x0000000086800000| Untracked 
| 105|0x0000000086900000, 0x0000000086900000, 0x0000000086a00000|  0%| F|  |TAMS 0x0000000086900000, 0x0000000086900000| Untracked 
| 106|0x0000000086a00000, 0x0000000086a00000, 0x0000000086b00000|  0%| F|  |TAMS 0x0000000086a00000, 0x0000000086a00000| Untracked 
| 107|0x0000000086b00000, 0x0000000086b00000, 0x0000000086c00000|  0%| F|  |TAMS 0x0000000086b00000, 0x0000000086b00000| Untracked 
| 108|0x0000000086c00000, 0x0000000086c00000, 0x0000000086d00000|  0%| F|  |TAMS 0x0000000086c00000, 0x0000000086c00000| Untracked 
| 109|0x0000000086d00000, 0x0000000086d00000, 0x0000000086e00000|  0%| F|  |TAMS 0x0000000086d00000, 0x0000000086d00000| Untracked 
| 110|0x0000000086e00000, 0x0000000086e00000, 0x0000000086f00000|  0%| F|  |TAMS 0x0000000086e00000, 0x0000000086e00000| Untracked 
| 127|0x0000000087f00000, 0x0000000087f00000, 0x0000000088000000|  0%| F|  |TAMS 0x0000000087f00000, 0x0000000087f00000| Untracked 

Card table byte_map: [0x000001e8dd9c0000,0x000001e8dddc0000] _byte_map_base: 0x000001e8dd5c0000

Marking Bits (Prev, Next): (CMBitMap*) 0x000001e8cb149db0, (CMBitMap*) 0x000001e8cb149d70
 Prev Bits: [0x000001e8e01c0000, 0x000001e8e21c0000)
 Next Bits: [0x000001e8de1c0000, 0x000001e8e01c0000)

Polling page: 0x000001e8ca8c0000

Metaspace:

Usage:
  Non-class:     68.66 MB used.
      Class:     10.63 MB used.
       Both:     79.29 MB used.

Virtual space:
  Non-class space:       72.00 MB reserved,      68.94 MB ( 96%) committed,  9 nodes.
      Class space:        1.00 GB reserved,      10.94 MB (  1%) committed,  1 nodes.
             Both:        1.07 GB reserved,      79.88 MB (  7%) committed. 

Chunk freelists:
   Non-Class:  2.18 MB
       Class:  1.06 MB
        Both:  3.24 MB

MaxMetaspaceSize: unlimited
CompressedClassSpaceSize: 1.00 GB
Initial GC threshold: 21.00 MB
Current GC threshold: 123.88 MB
CDS: off
MetaspaceReclaimPolicy: balanced
 - commit_granule_bytes: 65536.
 - commit_granule_words: 8192.
 - virtual_space_node_default_size: 1048576.
 - enlarge_chunks_in_place: 1.
 - new_chunks_are_fully_committed: 0.
 - uncommit_free_chunks: 1.
 - use_allocation_guard: 0.
 - handle_deallocations: 1.


Internal statistics:

num_allocs_failed_limit: 9.
num_arena_births: 648.
num_arena_deaths: 0.
num_vsnodes_births: 10.
num_vsnodes_deaths: 0.
num_space_committed: 1278.
num_space_uncommitted: 0.
num_chunks_returned_to_freelist: 9.
num_chunks_taken_from_freelist: 3442.
num_chunk_merges: 6.
num_chunk_splits: 2305.
num_chunks_enlarged: 1602.
num_purges: 0.
num_inconsistent_stats: 0.

CodeHeap 'non-profiled nmethods': size=120000Kb used=3062Kb max_used=3206Kb free=116937Kb
 bounds [0x000001e8d6090000, 0x000001e8d63c0000, 0x000001e8dd5c0000]
CodeHeap 'profiled nmethods': size=120000Kb used=12967Kb max_used=13113Kb free=107033Kb
 bounds [0x000001e8ce5c0000, 0x000001e8cf290000, 0x000001e8d5af0000]
CodeHeap 'non-nmethods': size=5760Kb used=2362Kb max_used=2403Kb free=3397Kb
 bounds [0x000001e8d5af0000, 0x000001e8d5d60000, 0x000001e8d6090000]
 total_blobs=7851 nmethods=6963 adapters=800
 compilation: enabled
              stopped_count=0, restarted_count=0
 full_count=0

Compilation events (20 events):
Event: 28.583 Thread 0x000001e8e46ee490 7877       1       java.lang.ClassLoader::getName (5 bytes)
Event: 28.583 Thread 0x000001e8e46ee490 nmethod 7877 0x000001e8d60dd190 code [0x000001e8d60dd320, 0x000001e8d60dd3f8]
Event: 28.585 Thread 0x000001e8e46ee490 7879       2       org.codehaus.groovy.util.ComplexKeyHashMap::resize (103 bytes)
Event: 28.586 Thread 0x000001e8e46ee490 nmethod 7879 0x000001e8ceb5ab90 code [0x000001e8ceb5ad40, 0x000001e8ceb5b1b8]
Event: 28.586 Thread 0x000001e8e46ee490 7878       2       java.lang.Module::isReflectivelyExportedOrOpen (182 bytes)
Event: 28.587 Thread 0x000001e8e46ee490 nmethod 7878 0x000001e8ceb59610 code [0x000001e8ceb59920, 0x000001e8ceb5a618]
Event: 28.589 Thread 0x000001e8e46ee490 7880       2       groovyjarjarasm.asm.SymbolTable$Entry::<init> (17 bytes)
Event: 28.589 Thread 0x000001e8e46ee490 nmethod 7880 0x000001e8ceb59210 code [0x000001e8ceb593a0, 0x000001e8ceb59508]
Event: 28.590 Thread 0x000001e8e46ee490 7881       2       groovyjarjarasm.asm.SymbolTable::put (150 bytes)
Event: 28.590 Thread 0x000001e8e46ee490 nmethod 7881 0x000001e8ceb58710 code [0x000001e8ceb588e0, 0x000001e8ceb58f18]
Event: 28.590 Thread 0x000001e8e46ee490 7882       2       groovyjarjarasm.asm.SymbolTable::addConstantUtf8 (98 bytes)
Event: 28.591 Thread 0x000001e8e46ee490 nmethod 7882 0x000001e8ceb57e90 code [0x000001e8ceb58080, 0x000001e8ceb58438]
Event: 28.591 Thread 0x000001e8e46ee490 7883       2       groovyjarjarasm.asm.Frame::push (109 bytes)
Event: 28.592 Thread 0x000001e8e46ee490 nmethod 7883 0x000001e8ceb57710 code [0x000001e8ceb578c0, 0x000001e8ceb57ce8]
Event: 28.592 Thread 0x000001e8e46ee490 7884       2       groovyjarjarasm.asm.Frame::execute (2318 bytes)
Event: 28.597 Thread 0x000001e8e46ee490 nmethod 7884 0x000001e8ce6d1a10 code [0x000001e8ce6d2660, 0x000001e8ce6d5b58]
Event: 28.597 Thread 0x000001e8e46ee490 7885       2       groovyjarjarasm.asm.ByteVector::putShort (52 bytes)
Event: 28.597 Thread 0x000001e8e46ee490 nmethod 7885 0x000001e8ceb57210 code [0x000001e8ceb573c0, 0x000001e8ceb57588]
Event: 28.607 Thread 0x000001e8e46ee490 7886   !   2       jdk.internal.reflect.GeneratedConstructorAccessor4::newInstance (53 bytes)
Event: 28.608 Thread 0x000001e8e46ee490 nmethod 7886 0x000001e8ce6d0f10 code [0x000001e8ce6d1120, 0x000001e8ce6d1688]

GC Heap History (20 events):
Event: 20.410 GC heap after
{Heap after GC invocations=29 (full 0):
 garbage-first heap   total 80896K, used 46139K [0x0000000080000000, 0x0000000100000000)
  region size 1024K, 2 young (2048K), 2 survivors (2048K)
 Metaspace       used 55950K, committed 56448K, reserved 1105920K
  class space    used 7370K, committed 7616K, reserved 1048576K
}
Event: 21.052 GC heap before
{Heap before GC invocations=30 (full 0):
 garbage-first heap   total 86016K, used 61499K [0x0000000080000000, 0x0000000100000000)
  region size 1024K, 17 young (17408K), 2 survivors (2048K)
 Metaspace       used 59146K, committed 59584K, reserved 1105920K
  class space    used 7673K, committed 7872K, reserved 1048576K
}
Event: 21.057 GC heap after
{Heap after GC invocations=31 (full 0):
 garbage-first heap   total 86016K, used 46809K [0x0000000080000000, 0x0000000100000000)
  region size 1024K, 3 young (3072K), 3 survivors (3072K)
 Metaspace       used 59146K, committed 59584K, reserved 1105920K
  class space    used 7673K, committed 7872K, reserved 1048576K
}
Event: 22.013 GC heap before
{Heap before GC invocations=31 (full 0):
 garbage-first heap   total 86016K, used 65241K [0x0000000080000000, 0x0000000100000000)
  region size 1024K, 21 young (21504K), 3 survivors (3072K)
 Metaspace       used 63008K, committed 63488K, reserved 1105920K
  class space    used 8188K, committed 8384K, reserved 1048576K
}
Event: 22.019 GC heap after
{Heap after GC invocations=32 (full 0):
 garbage-first heap   total 103424K, used 48977K [0x0000000080000000, 0x0000000100000000)
  region size 1024K, 3 young (3072K), 3 survivors (3072K)
 Metaspace       used 63008K, committed 63488K, reserved 1105920K
  class space    used 8188K, committed 8384K, reserved 1048576K
}
Event: 22.970 GC heap before
{Heap before GC invocations=33 (full 0):
 garbage-first heap   total 103424K, used 76625K [0x0000000080000000, 0x0000000100000000)
  region size 1024K, 31 young (31744K), 3 survivors (3072K)
 Metaspace       used 65478K, committed 65920K, reserved 1105920K
  class space    used 8492K, committed 8704K, reserved 1048576K
}
Event: 22.980 GC heap after
{Heap after GC invocations=34 (full 0):
 garbage-first heap   total 103424K, used 51438K [0x0000000080000000, 0x0000000100000000)
  region size 1024K, 4 young (4096K), 4 survivors (4096K)
 Metaspace       used 65478K, committed 65920K, reserved 1105920K
  class space    used 8492K, committed 8704K, reserved 1048576K
}
Event: 23.315 GC heap before
{Heap before GC invocations=34 (full 0):
 garbage-first heap   total 103424K, used 61678K [0x0000000080000000, 0x0000000100000000)
  region size 1024K, 15 young (15360K), 4 survivors (4096K)
 Metaspace       used 66513K, committed 66880K, reserved 1114112K
  class space    used 8606K, committed 8768K, reserved 1048576K
}
Event: 23.322 GC heap after
{Heap after GC invocations=35 (full 0):
 garbage-first heap   total 103424K, used 52971K [0x0000000080000000, 0x0000000100000000)
  region size 1024K, 2 young (2048K), 2 survivors (2048K)
 Metaspace       used 66513K, committed 66880K, reserved 1114112K
  class space    used 8606K, committed 8768K, reserved 1048576K
}
Event: 23.983 GC heap before
{Heap before GC invocations=36 (full 0):
 garbage-first heap   total 103424K, used 80619K [0x0000000080000000, 0x0000000100000000)
  region size 1024K, 28 young (28672K), 2 survivors (2048K)
 Metaspace       used 67315K, committed 67776K, reserved 1114112K
  class space    used 8739K, committed 8960K, reserved 1048576K
}
Event: 23.988 GC heap after
{Heap after GC invocations=37 (full 0):
 garbage-first heap   total 103424K, used 54651K [0x0000000080000000, 0x0000000100000000)
  region size 1024K, 3 young (3072K), 3 survivors (3072K)
 Metaspace       used 67315K, committed 67776K, reserved 1114112K
  class space    used 8739K, committed 8960K, reserved 1048576K
}
Event: 24.835 GC heap before
{Heap before GC invocations=37 (full 0):
 garbage-first heap   total 103424K, used 81275K [0x0000000080000000, 0x0000000100000000)
  region size 1024K, 29 young (29696K), 3 survivors (3072K)
 Metaspace       used 69626K, committed 70080K, reserved 1114112K
  class space    used 9064K, committed 9280K, reserved 1048576K
}
Event: 24.845 GC heap after
{Heap after GC invocations=38 (full 0):
 garbage-first heap   total 103424K, used 56796K [0x0000000080000000, 0x0000000100000000)
  region size 1024K, 3 young (3072K), 3 survivors (3072K)
 Metaspace       used 69626K, committed 70080K, reserved 1114112K
  class space    used 9064K, committed 9280K, reserved 1048576K
}
Event: 25.792 GC heap before
{Heap before GC invocations=39 (full 0):
 garbage-first heap   total 104448K, used 80348K [0x0000000080000000, 0x0000000100000000)
  region size 1024K, 27 young (27648K), 3 survivors (3072K)
 Metaspace       used 72982K, committed 73472K, reserved 1114112K
  class space    used 9694K, committed 9920K, reserved 1048576K
}
Event: 25.800 GC heap after
{Heap after GC invocations=40 (full 0):
 garbage-first heap   total 104448K, used 58331K [0x0000000080000000, 0x0000000100000000)
  region size 1024K, 4 young (4096K), 4 survivors (4096K)
 Metaspace       used 72982K, committed 73472K, reserved 1114112K
  class space    used 9694K, committed 9920K, reserved 1048576K
}
Event: 26.583 GC heap before
{Heap before GC invocations=40 (full 0):
 garbage-first heap   total 104448K, used 82907K [0x0000000080000000, 0x0000000100000000)
  region size 1024K, 29 young (29696K), 4 survivors (4096K)
 Metaspace       used 75067K, committed 75520K, reserved 1114112K
  class space    used 10021K, committed 10240K, reserved 1048576K
}
Event: 26.592 GC heap after
{Heap after GC invocations=41 (full 0):
 garbage-first heap   total 104448K, used 60324K [0x0000000080000000, 0x0000000100000000)
  region size 1024K, 4 young (4096K), 4 survivors (4096K)
 Metaspace       used 75067K, committed 75520K, reserved 1114112K
  class space    used 10021K, committed 10240K, reserved 1048576K
}
Event: 27.419 GC heap before
{Heap before GC invocations=42 (full 0):
 garbage-first heap   total 114688K, used 83876K [0x0000000080000000, 0x0000000100000000)
  region size 1024K, 27 young (27648K), 4 survivors (4096K)
 Metaspace       used 77714K, committed 78208K, reserved 1122304K
  class space    used 10404K, committed 10624K, reserved 1048576K
}
Event: 27.427 GC heap after
{Heap after GC invocations=43 (full 0):
 garbage-first heap   total 114688K, used 61812K [0x0000000080000000, 0x0000000100000000)
  region size 1024K, 4 young (4096K), 4 survivors (4096K)
 Metaspace       used 77714K, committed 78208K, reserved 1122304K
  class space    used 10404K, committed 10624K, reserved 1048576K
}
Event: 28.609 GC heap before
{Heap before GC invocations=43 (full 0):
 garbage-first heap   total 114688K, used 92532K [0x0000000080000000, 0x0000000100000000)
  region size 1024K, 34 young (34816K), 4 survivors (4096K)
 Metaspace       used 81189K, committed 81792K, reserved 1122304K
  class space    used 10881K, committed 11200K, reserved 1048576K
}

Dll operation events (2 events):
Event: 0.050 Loaded shared library C:\Program Files\Android\Android Studio\jbr\bin\java.dll
Event: 2.489 Loaded shared library C:\Program Files\Android\Android Studio\jbr\bin\verify.dll

Deoptimization events (20 events):
Event: 28.096 Thread 0x000001e8e5d45720 DEOPT PACKING pc=0x000001e8d61786d0 sp=0x000000dbc81f93d0
Event: 28.096 Thread 0x000001e8e5d45720 DEOPT UNPACKING pc=0x000001e8d5b469a3 sp=0x000000dbc81f91f0 mode 2
Event: 28.119 Thread 0x000001e8e5d45720 DEOPT PACKING pc=0x000001e8cf1aff02 sp=0x000000dbc81f8ef0
Event: 28.119 Thread 0x000001e8e5d45720 DEOPT UNPACKING pc=0x000001e8d5b47143 sp=0x000000dbc81f83b0 mode 0
Event: 28.121 Thread 0x000001e8e5d45720 DEOPT PACKING pc=0x000001e8cf1aff02 sp=0x000000dbc81f8ef0
Event: 28.121 Thread 0x000001e8e5d45720 DEOPT UNPACKING pc=0x000001e8d5b47143 sp=0x000000dbc81f83b0 mode 0
Event: 28.123 Thread 0x000001e8e5d45720 DEOPT PACKING pc=0x000001e8cf1aff02 sp=0x000000dbc81f8ef0
Event: 28.123 Thread 0x000001e8e5d45720 DEOPT UNPACKING pc=0x000001e8d5b47143 sp=0x000000dbc81f83b0 mode 0
Event: 28.135 Thread 0x000001e8e5d45720 DEOPT PACKING pc=0x000001e8cf1aff02 sp=0x000000dbc81f8ef0
Event: 28.135 Thread 0x000001e8e5d45720 DEOPT UNPACKING pc=0x000001e8d5b47143 sp=0x000000dbc81f83b0 mode 0
Event: 28.143 Thread 0x000001e8e5d45720 Uncommon trap: trap_request=0xffffff45 fr.pc=0x000001e8d6158af8 relative=0x00000000000000d8
Event: 28.143 Thread 0x000001e8e5d45720 Uncommon trap: reason=unstable_if action=reinterpret pc=0x000001e8d6158af8 method=java.lang.CharacterDataLatin1.digit(II)I @ 12 c2
Event: 28.143 Thread 0x000001e8e5d45720 DEOPT PACKING pc=0x000001e8d6158af8 sp=0x000000dbc81f92e0
Event: 28.143 Thread 0x000001e8e5d45720 DEOPT UNPACKING pc=0x000001e8d5b469a3 sp=0x000000dbc81f9198 mode 2
Event: 28.311 Thread 0x000001e8e5d45720 DEOPT PACKING pc=0x000001e8cf15d676 sp=0x000000dbc81f9190
Event: 28.312 Thread 0x000001e8e5d45720 DEOPT UNPACKING pc=0x000001e8d5b47143 sp=0x000000dbc81f8730 mode 0
Event: 28.597 Thread 0x000001e8e5d45720 Uncommon trap: trap_request=0xffffff45 fr.pc=0x000001e8d627d6d4 relative=0x0000000000000ad4
Event: 28.597 Thread 0x000001e8e5d45720 Uncommon trap: reason=unstable_if action=reinterpret pc=0x000001e8d627d6d4 method=java.lang.ClassLoader.loadClass(Ljava/lang/String;Z)Ljava/lang/Class; @ 29 c2
Event: 28.597 Thread 0x000001e8e5d45720 DEOPT PACKING pc=0x000001e8d627d6d4 sp=0x000000dbc81f3c20
Event: 28.597 Thread 0x000001e8e5d45720 DEOPT UNPACKING pc=0x000001e8d5b469a3 sp=0x000000dbc81f3be8 mode 2

Classes unloaded (0 events):
No events

Classes redefined (0 events):
No events

Internal exceptions (20 events):
Event: 28.105 Thread 0x000001e8e5d45720 Exception <a 'sun/nio/fs/WindowsException'{0x000000008637cd58}> (0x000000008637cd58) 
thrown [s\src\hotspot\share\prims\jni.cpp, line 517]
Event: 28.246 Thread 0x000001e8e5d45720 Exception <a 'java/lang/NoSuchMethodError'{0x0000000085fbb558}: 'java.lang.Object java.lang.invoke.DirectMethodHandle$Holder.invokeStatic(java.lang.Object, java.lang.Object, int, int)'> (0x0000000085fbb558) 
thrown [s\src\hotspot\share\interpreter\linkResolver.cpp, line 771]
Event: 28.247 Thread 0x000001e8e5d45720 Exception <a 'java/lang/NoSuchMethodError'{0x0000000085fc3810}: 'java.lang.Object java.lang.invoke.DirectMethodHandle$Holder.newInvokeSpecial(java.lang.Object, java.lang.Object, int, int)'> (0x0000000085fc3810) 
thrown [s\src\hotspot\share\interpreter\linkResolver.cpp, line 771]
Event: 28.509 Thread 0x000001e8e5d45720 Exception <a 'java/lang/ClassNotFoundException'{0x0000000085012d30}: com/google/common/collect/RegularImmutableListBeanInfo> (0x0000000085012d30) 
thrown [s\src\hotspot\share\classfile\systemDictionary.cpp, line 256]
Event: 28.519 Thread 0x000001e8e5d45720 Exception <a 'java/lang/ClassNotFoundException'{0x000000008501c6d0}: com/google/common/collect/ImmutableListBeanInfo> (0x000000008501c6d0) 
thrown [s\src\hotspot\share\classfile\systemDictionary.cpp, line 256]
Event: 28.520 Thread 0x000001e8e5d45720 Exception <a 'java/lang/ClassNotFoundException'{0x00000000850260d8}: com/google/common/collect/ImmutableCollectionBeanInfo> (0x00000000850260d8) 
thrown [s\src\hotspot\share\classfile\systemDictionary.cpp, line 256]
Event: 28.521 Thread 0x000001e8e5d45720 Exception <a 'java/lang/ClassNotFoundException'{0x000000008502fb38}: com/google/common/collect/ImmutableCollectionCustomizer> (0x000000008502fb38) 
thrown [s\src\hotspot\share\classfile\systemDictionary.cpp, line 256]
Event: 28.523 Thread 0x000001e8e5d45720 Exception <a 'java/lang/ClassNotFoundException'{0x0000000085049020}: com/google/common/collect/ImmutableListCustomizer> (0x0000000085049020) 
thrown [s\src\hotspot\share\classfile\systemDictionary.cpp, line 256]
Event: 28.551 Thread 0x000001e8e5d45720 Exception <a 'java/lang/ClassNotFoundException'{0x0000000085088b60}: com/google/common/collect/RegularImmutableListCustomizer> (0x0000000085088b60) 
thrown [s\src\hotspot\share\classfile\systemDictionary.cpp, line 256]
Event: 28.560 Thread 0x000001e8e5d45720 Exception <a 'java/lang/ClassNotFoundException'{0x00000000850db170}: org/gradle/api/DefaultTask_DecoratedBeanInfo> (0x00000000850db170) 
thrown [s\src\hotspot\share\classfile\systemDictionary.cpp, line 256]
Event: 28.561 Thread 0x000001e8e5d45720 Exception <a 'java/lang/ClassNotFoundException'{0x00000000850e5a18}: org/gradle/api/DefaultTask_DecoratedCustomizer> (0x00000000850e5a18) 
thrown [s\src\hotspot\share\classfile\systemDictionary.cpp, line 256]
Event: 28.570 Thread 0x000001e8e5d45720 Exception <a 'java/lang/ClassNotFoundException'{0x0000000084f67d20}: org/gradle/api/tasks/testing/AbstractTestTaskBeanInfo> (0x0000000084f67d20) 
thrown [s\src\hotspot\share\classfile\systemDictionary.cpp, line 256]
Event: 28.571 Thread 0x000001e8e5d45720 Exception <a 'java/lang/ClassNotFoundException'{0x0000000084f75640}: org/gradle/api/tasks/testing/AbstractTestTaskCustomizer> (0x0000000084f75640) 
thrown [s\src\hotspot\share\classfile\systemDictionary.cpp, line 256]
Event: 28.579 Thread 0x000001e8e5d45720 Exception <a 'java/lang/ClassNotFoundException'{0x0000000084fe1c98}: java/lang/ClassBeanInfo> (0x0000000084fe1c98) 
thrown [s\src\hotspot\share\classfile\systemDictionary.cpp, line 256]
Event: 28.580 Thread 0x000001e8e5d45720 Exception <a 'java/lang/ClassNotFoundException'{0x0000000084fe7a38}: java/lang/ClassCustomizer> (0x0000000084fe7a38) 
thrown [s\src\hotspot\share\classfile\systemDictionary.cpp, line 256]
Event: 28.603 Thread 0x000001e8e5d45720 Exception <a 'java/lang/ClassNotFoundException'{0x0000000084eb9588}: com/android/build/gradle/internal/tasks/AndroidVariantTask_DecoratedBeanInfo> (0x0000000084eb9588) 
thrown [s\src\hotspot\share\classfile\systemDictionary.cpp, line 256]
Event: 28.604 Thread 0x000001e8e5d45720 Exception <a 'java/lang/ClassNotFoundException'{0x0000000084ec5368}: com/android/build/gradle/internal/tasks/AndroidVariantTaskBeanInfo> (0x0000000084ec5368) 
thrown [s\src\hotspot\share\classfile\systemDictionary.cpp, line 256]
Event: 28.605 Thread 0x000001e8e5d45720 Exception <a 'java/lang/ClassNotFoundException'{0x0000000084ed0fe0}: com/android/build/gradle/internal/tasks/BaseTaskBeanInfo> (0x0000000084ed0fe0) 
thrown [s\src\hotspot\share\classfile\systemDictionary.cpp, line 256]
Event: 28.606 Thread 0x000001e8e5d45720 Exception <a 'java/lang/ClassNotFoundException'{0x0000000084edcc68}: com/android/build/gradle/internal/tasks/BaseTaskCustomizer> (0x0000000084edcc68) 
thrown [s\src\hotspot\share\classfile\systemDictionary.cpp, line 256]
Event: 28.609 Thread 0x000001e8e5d45720 Exception <a 'java/lang/ClassNotFoundException'{0x0000000084ef9c58}: com/android/build/gradle/internal/tasks/AndroidVariantTaskCustomizer> (0x0000000084ef9c58) 
thrown [s\src\hotspot\share\classfile\systemDictionary.cpp, line 256]

VM Operations (20 events):
Event: 26.505 Executing VM operation: ICBufferFull done
Event: 26.583 Executing VM operation: G1CollectForAllocation
Event: 26.592 Executing VM operation: G1CollectForAllocation done
Event: 26.762 Executing VM operation: G1Concurrent
Event: 26.769 Executing VM operation: G1Concurrent done
Event: 26.841 Executing VM operation: G1Concurrent
Event: 26.841 Executing VM operation: G1Concurrent done
Event: 27.266 Executing VM operation: HandshakeAllThreads
Event: 27.266 Executing VM operation: HandshakeAllThreads done
Event: 27.418 Executing VM operation: G1CollectForAllocation
Event: 27.427 Executing VM operation: G1CollectForAllocation done
Event: 28.155 Executing VM operation: HandshakeAllThreads
Event: 28.156 Executing VM operation: HandshakeAllThreads done
Event: 28.292 Executing VM operation: HandshakeAllThreads
Event: 28.292 Executing VM operation: HandshakeAllThreads done
Event: 28.300 Executing VM operation: ICBufferFull
Event: 28.300 Executing VM operation: ICBufferFull done
Event: 28.555 Executing VM operation: HandshakeAllThreads
Event: 28.555 Executing VM operation: HandshakeAllThreads done
Event: 28.609 Executing VM operation: G1CollectForAllocation

Events (20 events):
Event: 28.484 loading class java/util/function/IntBinaryOperator
Event: 28.484 loading class java/util/function/IntBinaryOperator done
Event: 28.485 loading class java/util/stream/ReduceOps$7
Event: 28.485 loading class java/util/stream/ReduceOps$7 done
Event: 28.485 loading class java/util/stream/ReduceOps$6ReducingSink
Event: 28.485 loading class java/util/stream/ReduceOps$6ReducingSink done
Event: 28.485 loading class java/util/stream/ReferencePipeline$4$1
Event: 28.485 loading class java/util/stream/ReferencePipeline$4$1 done
Event: 28.487 loading class java/util/IdentityHashMap$KeyIterator
Event: 28.487 loading class java/util/IdentityHashMap$IdentityHashMapIterator
Event: 28.488 loading class java/util/IdentityHashMap$IdentityHashMapIterator done
Event: 28.488 loading class java/util/IdentityHashMap$KeyIterator done
Event: 28.579 loading class java/lang/ClassBeanInfo
Event: 28.579 loading class java/lang/ClassBeanInfo done
Event: 28.579 loading class java/lang/ClassBeanInfo
Event: 28.579 loading class java/lang/ClassBeanInfo done
Event: 28.579 loading class java/lang/ClassCustomizer
Event: 28.579 loading class java/lang/ClassCustomizer done
Event: 28.580 loading class java/lang/ClassCustomizer
Event: 28.580 loading class java/lang/ClassCustomizer done


Dynamic libraries:
0x00007ff66e380000 - 0x00007ff66e38a000 	C:\Program Files\Android\Android Studio\jbr\bin\java.exe
0x00007ff81df70000 - 0x00007ff81e167000 	C:\Windows\SYSTEM32\ntdll.dll
0x00007ff81c150000 - 0x00007ff81c20d000 	C:\Windows\System32\KERNEL32.DLL
0x00007ff81b850000 - 0x00007ff81bb46000 	C:\Windows\System32\KERNELBASE.dll
0x00007ff81bb50000 - 0x00007ff81bc50000 	C:\Windows\System32\ucrtbase.dll
0x00007ff8053d0000 - 0x00007ff8053e7000 	C:\Program Files\Android\Android Studio\jbr\bin\jli.dll
0x00007ff81dc20000 - 0x00007ff81ddbe000 	C:\Windows\System32\USER32.dll
0x00007ff81be00000 - 0x00007ff81be22000 	C:\Windows\System32\win32u.dll
0x00007ff81c370000 - 0x00007ff81c39c000 	C:\Windows\System32\GDI32.dll
0x00007ff81beb0000 - 0x00007ff81bfca000 	C:\Windows\System32\gdi32full.dll
0x00007ff81b7b0000 - 0x00007ff81b84d000 	C:\Windows\System32\msvcp_win.dll
0x00007ff80c740000 - 0x00007ff80c75b000 	C:\Program Files\Android\Android Studio\jbr\bin\VCRUNTIME140.dll
0x00007ff80aaf0000 - 0x00007ff80ad8a000 	C:\Windows\WinSxS\amd64_microsoft.windows.common-controls_6595b64144ccf1df_6.0.19041.3570_none_60bb2a3971f3e41a\COMCTL32.dll
0x00007ff81cd20000 - 0x00007ff81cdbe000 	C:\Windows\System32\msvcrt.dll
0x00007ff81c210000 - 0x00007ff81c240000 	C:\Windows\System32\IMM32.DLL
0x00007ff80c730000 - 0x00007ff80c73c000 	C:\Program Files\Android\Android Studio\jbr\bin\vcruntime140_1.dll
0x00007ffff0f90000 - 0x00007ffff101d000 	C:\Program Files\Android\Android Studio\jbr\bin\msvcp140.dll
0x00007fffe6080000 - 0x00007fffe6cee000 	C:\Program Files\Android\Android Studio\jbr\bin\server\jvm.dll
0x00007ff81bfd0000 - 0x00007ff81c07e000 	C:\Windows\System32\ADVAPI32.dll
0x00007ff81d620000 - 0x00007ff81d6bc000 	C:\Windows\System32\sechost.dll
0x00007ff81d860000 - 0x00007ff81d986000 	C:\Windows\System32\RPCRT4.dll
0x00007ff816230000 - 0x00007ff816239000 	C:\Windows\SYSTEM32\WSOCK32.dll
0x00007ff81d990000 - 0x00007ff81d9fb000 	C:\Windows\System32\WS2_32.dll
0x00007ff816ab0000 - 0x00007ff816ad7000 	C:\Windows\SYSTEM32\WINMM.dll
0x00007ff80f6a0000 - 0x00007ff80f6aa000 	C:\Windows\SYSTEM32\VERSION.dll
0x00007ff819e80000 - 0x00007ff819e92000 	C:\Windows\SYSTEM32\kernel.appcore.dll
0x00007ff814310000 - 0x00007ff81431a000 	C:\Program Files\Android\Android Studio\jbr\bin\jimage.dll
0x00007ff80f930000 - 0x00007ff80fb14000 	C:\Windows\SYSTEM32\DBGHELP.DLL
0x00007ff80f6b0000 - 0x00007ff80f6e4000 	C:\Windows\SYSTEM32\dbgcore.DLL
0x00007ff81bd70000 - 0x00007ff81bdf2000 	C:\Windows\System32\bcryptPrimitives.dll
0x00007ff80cc90000 - 0x00007ff80ccb5000 	C:\Program Files\Android\Android Studio\jbr\bin\java.dll
0x00007ff8067e0000 - 0x00007ff8067f8000 	C:\Program Files\Android\Android Studio\jbr\bin\zip.dll
0x00007ff81ce70000 - 0x00007ff81d5b4000 	C:\Windows\System32\SHELL32.dll
0x00007ff8196d0000 - 0x00007ff819e6b000 	C:\Windows\SYSTEM32\windows.storage.dll
0x00007ff81c550000 - 0x00007ff81c8a4000 	C:\Windows\System32\combase.dll
0x00007ff81b090000 - 0x00007ff81b0bd000 	C:\Windows\SYSTEM32\Wldp.dll
0x00007ff81cdc0000 - 0x00007ff81ce6d000 	C:\Windows\System32\SHCORE.dll
0x00007ff81d5c0000 - 0x00007ff81d615000 	C:\Windows\System32\shlwapi.dll
0x00007ff81b580000 - 0x00007ff81b5a5000 	C:\Windows\SYSTEM32\profapi.dll
0x00007ff806770000 - 0x00007ff806789000 	C:\Program Files\Android\Android Studio\jbr\bin\net.dll
0x00007ff812fc0000 - 0x00007ff8130ca000 	C:\Windows\SYSTEM32\WINHTTP.dll
0x00007ff81adf0000 - 0x00007ff81ae5a000 	C:\Windows\system32\mswsock.dll
0x00007ff805ff0000 - 0x00007ff806006000 	C:\Program Files\Android\Android Studio\jbr\bin\nio.dll
0x00007ff814160000 - 0x00007ff814170000 	C:\Program Files\Android\Android Studio\jbr\bin\verify.dll
0x00007ffffc3f0000 - 0x00007ffffc417000 	C:\Users\admin\.gradle\native\e1d6ef7f7dcc3fd88c89a11ec53ec762bb8ba0a96d01ffa2cd45eb1d1d8dd5c5\windows-amd64\native-platform.dll
0x00007fffec820000 - 0x00007fffec964000 	C:\Users\admin\.gradle\native\5664cfc778a61ccfe75a443a1ab52a65af34e5dc3c78e0209fed803814484fcb\windows-amd64\native-platform-file-events.dll
0x00007ff80fd40000 - 0x00007ff80fd49000 	C:\Program Files\Android\Android Studio\jbr\bin\management.dll
0x00007ff80e760000 - 0x00007ff80e76b000 	C:\Program Files\Android\Android Studio\jbr\bin\management_ext.dll
0x00007ff81c240000 - 0x00007ff81c248000 	C:\Windows\System32\PSAPI.DLL
0x00007ff81aff0000 - 0x00007ff81b008000 	C:\Windows\SYSTEM32\CRYPTSP.dll
0x00007ff81a690000 - 0x00007ff81a6c4000 	C:\Windows\system32\rsaenh.dll
0x00007ff81be80000 - 0x00007ff81bea7000 	C:\Windows\System32\bcrypt.dll
0x00007ff81b540000 - 0x00007ff81b56e000 	C:\Windows\SYSTEM32\USERENV.dll
0x00007ff81afe0000 - 0x00007ff81afec000 	C:\Windows\SYSTEM32\CRYPTBASE.dll
0x00007ff81aa90000 - 0x00007ff81aacb000 	C:\Windows\SYSTEM32\IPHLPAPI.DLL
0x00007ff81dde0000 - 0x00007ff81dde8000 	C:\Windows\System32\NSI.dll
0x00007ff813d50000 - 0x00007ff813d67000 	C:\Windows\SYSTEM32\dhcpcsvc6.DLL
0x00007ff8139d0000 - 0x00007ff8139ed000 	C:\Windows\SYSTEM32\dhcpcsvc.DLL
0x00007ff81aad0000 - 0x00007ff81ab9a000 	C:\Windows\SYSTEM32\DNSAPI.dll
0x00007ff80d9c0000 - 0x00007ff80d9c7000 	C:\Windows\system32\wshunix.dll

dbghelp: loaded successfully - version: 4.0.5 - missing functions: none
symbol engine: initialized successfully - sym options: 0x614 - pdb path: .;C:\Program Files\Android\Android Studio\jbr\bin;C:\Windows\SYSTEM32;C:\Windows\WinSxS\amd64_microsoft.windows.common-controls_6595b64144ccf1df_6.0.19041.3570_none_60bb2a3971f3e41a;C:\Program Files\Android\Android Studio\jbr\bin\server;C:\Users\admin\.gradle\native\e1d6ef7f7dcc3fd88c89a11ec53ec762bb8ba0a96d01ffa2cd45eb1d1d8dd5c5\windows-amd64;C:\Users\admin\.gradle\native\5664cfc778a61ccfe75a443a1ab52a65af34e5dc3c78e0209fed803814484fcb\windows-amd64

VM Arguments:
jvm_args: --add-opens=java.base/java.util=ALL-UNNAMED --add-opens=java.base/java.lang=ALL-UNNAMED --add-opens=java.base/java.lang.invoke=ALL-UNNAMED --add-opens=java.base/java.util=ALL-UNNAMED --add-opens=java.prefs/java.util.prefs=ALL-UNNAMED --add-opens=java.prefs/java.util.prefs=ALL-UNNAMED --add-opens=java.base/java.nio.charset=ALL-UNNAMED --add-opens=java.base/java.net=ALL-UNNAMED --add-opens=java.base/java.util.concurrent.atomic=ALL-UNNAMED -Xmx2048m -Dfile.encoding=UTF-8 -Duser.country=US -Duser.language=en -Duser.variant 
java_command: org.gradle.launcher.daemon.bootstrap.GradleDaemon 7.3.3
java_class_path (initial): C:\Users\admin\.gradle\wrapper\dists\gradle-7.3.3-bin\6a41zxkdtcxs8rphpq6y0069z\gradle-7.3.3\lib\gradle-launcher-7.3.3.jar
Launcher Type: SUN_STANDARD

[Global flags]
     intx CICompilerCount                          = 3                                         {product} {ergonomic}
     uint ConcGCThreads                            = 1                                         {product} {ergonomic}
     uint G1ConcRefinementThreads                  = 4                                         {product} {ergonomic}
   size_t G1HeapRegionSize                         = 1048576                                   {product} {ergonomic}
    uintx GCDrainStackTargetSize                   = 64                                        {product} {ergonomic}
   size_t InitialHeapSize                          = 134217728                                 {product} {ergonomic}
   size_t MarkStackSize                            = 4194304                                   {product} {ergonomic}
   size_t MaxHeapSize                              = 2147483648                                {product} {command line}
   size_t MaxNewSize                               = 1287651328                                {product} {ergonomic}
   size_t MinHeapDeltaBytes                        = 1048576                                   {product} {ergonomic}
   size_t MinHeapSize                              = 8388608                                   {product} {ergonomic}
    uintx NonNMethodCodeHeapSize                   = 5832780                                {pd product} {ergonomic}
    uintx NonProfiledCodeHeapSize                  = 122912730                              {pd product} {ergonomic}
    uintx ProfiledCodeHeapSize                     = 122912730                              {pd product} {ergonomic}
    uintx ReservedCodeCacheSize                    = 251658240                              {pd product} {ergonomic}
     bool SegmentedCodeCache                       = true                                      {product} {ergonomic}
   size_t SoftMaxHeapSize                          = 2147483648                             {manageable} {ergonomic}
     bool UseCompressedClassPointers               = true                           {product lp64_product} {ergonomic}
     bool UseCompressedOops                        = true                           {product lp64_product} {ergonomic}
     bool UseG1GC                                  = true                                      {product} {ergonomic}
     bool UseLargePagesIndividualAllocation        = false                                  {pd product} {ergonomic}

Logging:
Log output configuration:
 #0: stdout all=warning uptime,level,tags
 #1: stderr all=off uptime,level,tags

Environment Variables:
JAVA_HOME=C:\Program Files\Java\jdk-20\
PATH=C:\Program Files (x86)\VMware\VMware Workstation\bin\;C:\Program Files\Common Files\Oracle\Java\javapath;C:\Windows\system32;C:\Windows;C:\Windows\System32\Wbem;C:\Windows\System32\WindowsPowerShell\v1.0\;C:\Windows\System32\OpenSSH\;C:\Program Files\Azure Data Studio\bin;C:\Program Files\Git\cmd;E:\;C:\Program Files\Microsoft SQL Server\130\Tools\Binn\;C:\Program Files\Microsoft SQL Server\Client SDK\ODBC\170\Tools\Binn\;C:\Program Files (x86)\Microsoft SQL Server\150\Tools\Binn\;C:\Program Files\Microsoft SQL Server\150\Tools\Binn\;C:\Program Files\Microsoft SQL Server\150\DTS\Binn\;C:\Program Files (x86)\Microsoft SQL Server\160\DTS\Binn\;C:\Users\admin\AppData\Local\Microsoft\WindowsApps;C:\Program Files\Azure Data Studio\bin;C:\Users\admin\AppData\Local\Programs\Microsoft VS Code\bin;C:\Users\admin\AppData\Roaming\npm
USERNAME=admin
OS=Windows_NT
PROCESSOR_IDENTIFIER=Intel64 Family 6 Model 69 Stepping 1, GenuineIntel
TMP=C:\Users\admin\AppData\Local\Temp
TEMP=C:\Users\admin\AppData\Local\Temp


JNI global refs:
JNI global refs: 24, weak refs: 9

JNI global refs memory usage: 843, weak refs: 841


---------------  S Y S T E M  ---------------

OS:
 Windows 10 , 64 bit Build 19041 (10.0.19041.3570)
OS uptime: 3 days 5:05 hours

CPU: total 4 (initial active 4) (2 cores per cpu, 2 threads per core) family 6 model 69 stepping 1 microcode 0x25, cx8, cmov, fxsr, ht, mmx, sse, sse2, sse3, ssse3, sse4.1, sse4.2, popcnt, lzcnt, tsc, tscinvbit, avx, avx2, aes, erms, clmul, bmi1, bmi2, fma, vzeroupper, clflush

Memory: 4k page, system-wide physical 8097M (106M free)
TotalPageFile size 13359M (AvailPageFile size 9M)
current process WorkingSet (physical memory assigned to process): 316M, peak: 316M
current process commit charge ("private bytes"): 343M, peak: 359M

vm_info: OpenJDK 64-Bit Server VM (17.0.6+0-b2043.56-10027231) for windows-amd64 JRE (17.0.6+0-b2043.56-10027231), built on Apr 28 2023 00:43:19 by "androidbuild" with MS VC++ 16.10 / 16.11 (VS2019)

END.
