#
# There is insufficient memory for the Java Runtime Environment to continue.
# Native memory allocation (malloc) failed to allocate 1736960 bytes for Chunk::new
# Possible reasons:
#   The system is out of physical RAM or swap space
#   The process is running with CompressedOops enabled, and the Java Heap may be blocking the growth of the native heap
# Possible solutions:
#   Reduce memory load on the system
#   Increase physical memory or swap space
#   Check if swap backing store is full
#   Decrease Java heap size (-Xmx/-Xms)
#   Decrease number of Java threads
#   Decrease Java thread stack sizes (-Xss)
#   Set larger code cache with -XX:ReservedCodeCacheSize=
#   JVM is running with Unscaled Compressed Oops mode in which the Java heap is
#     placed in the first 4GB address space. The Java Heap base address is the
#     maximum limit for the native heap growth. Please use -XX:HeapBaseMinAddress
#     to set the Java Heap base and to place the Java Heap above 4GB virtual address.
# This output file may be truncated or incomplete.
#
#  Out of Memory Error (arena.cpp:189), pid=14960, tid=13128
#
# JRE version: OpenJDK Runtime Environment (17.0.6) (build 17.0.6+0-b2043.56-10027231)
# Java VM: OpenJDK 64-Bit Server VM (17.0.6+0-b2043.56-10027231, mixed mode, tiered, compressed oops, compressed class ptrs, g1 gc, windows-amd64)
# No core dump will be written. Minidumps are not enabled by default on client versions of Windows
#

---------------  S U M M A R Y ------------

Command Line: --add-opens=java.base/java.util=ALL-UNNAMED --add-opens=java.base/java.lang=ALL-UNNAMED --add-opens=java.base/java.lang.invoke=ALL-UNNAMED --add-opens=java.base/java.util=ALL-UNNAMED --add-opens=java.prefs/java.util.prefs=ALL-UNNAMED --add-opens=java.prefs/java.util.prefs=ALL-UNNAMED --add-opens=java.base/java.nio.charset=ALL-UNNAMED --add-opens=java.base/java.net=ALL-UNNAMED --add-opens=java.base/java.util.concurrent.atomic=ALL-UNNAMED -Xmx2048m -Dfile.encoding=UTF-8 -Duser.country=US -Duser.language=en -Duser.variant org.gradle.launcher.daemon.bootstrap.GradleDaemon 7.3.3

Host: Intel(R) Core(TM) i7-4600U CPU @ 2.10GHz, 4 cores, 7G,  Windows 10 , 64 bit Build 19041 (10.0.19041.3570)
Time: Sat Oct 21 00:31:05 2023 SE Asia Standard Time elapsed time: 14.558914 seconds (0d 0h 0m 14s)

---------------  T H R E A D  ---------------

Current thread (0x0000017c7f0223a0):  JavaThread "C2 CompilerThread0" daemon [_thread_in_native, id=13128, stack(0x0000000101300000,0x0000000101400000)]


Current CompileTask:
C2:  14559 7542 %     4       org.gradle.internal.instantiation.generator.AbstractClassGenerator::inspectType @ 207 (560 bytes)

Stack: [0x0000000101300000,0x0000000101400000]
Native frames: (J=compiled Java code, j=interpreted, Vv=VM code, C=native code)
V  [jvm.dll+0x683c9a]
V  [jvm.dll+0x8427a4]
V  [jvm.dll+0x843f9e]
V  [jvm.dll+0x844603]
V  [jvm.dll+0x249b75]
V  [jvm.dll+0xabcac]
V  [jvm.dll+0xac27c]
V  [jvm.dll+0x368857]
V  [jvm.dll+0x332f31]
V  [jvm.dll+0x3323da]
V  [jvm.dll+0x21c201]
V  [jvm.dll+0x21b621]
V  [jvm.dll+0x1a4fdd]
V  [jvm.dll+0x22b098]
V  [jvm.dll+0x229159]
V  [jvm.dll+0x7f81ec]
V  [jvm.dll+0x7f274a]
V  [jvm.dll+0x682ad5]
C  [ucrtbase.dll+0x21bb2]
C  [KERNEL32.DLL+0x17344]
C  [ntdll.dll+0x526b1]


---------------  P R O C E S S  ---------------

Threads class SMR info:
_java_thread_list=0x0000017c552049e0, length=80, elements={
0x0000017c79fcbc40, 0x0000017c7e5ae620, 0x0000017c7e5afdc0, 0x0000017c7e598930,
0x0000017c7f01b010, 0x0000017c7f01bc80, 0x0000017c7f01cce0, 0x0000017c7f0223a0,
0x0000017c7f023440, 0x0000017c7f0268e0, 0x0000017c7f18cca0, 0x0000017c7f1ac0b0,
0x0000017c55745aa0, 0x0000017c55eb0080, 0x0000017c55efd590, 0x0000017c55c55830,
0x0000017c55efd050, 0x0000017c56a863e0, 0x0000017c56a868b0, 0x0000017c56a86d80,
0x0000017c56a87250, 0x0000017c56a84700, 0x0000017c56a87720, 0x0000017c56a84230,
0x0000017c56a84bd0, 0x0000017c56a850a0, 0x0000017c56a87bf0, 0x0000017c56a85a40,
0x0000017c588570f0, 0x0000017c588528c0, 0x0000017c58856c20, 0x0000017c58852d90,
0x0000017c588545a0, 0x0000017c588510b0, 0x0000017c58850710, 0x0000017c58856280,
0x0000017c588523f0, 0x0000017c58854a70, 0x0000017c58854f40, 0x0000017c588575c0,
0x0000017c58853c00, 0x0000017c58855db0, 0x0000017c5884fd70, 0x0000017c588540d0,
0x0000017c58850240, 0x0000017c58851f20, 0x0000017c58850be0, 0x0000017c58c4f4b0,
0x0000017c58c4f980, 0x0000017c58c507f0, 0x0000017c58c524d0, 0x0000017c58c554f0,
0x0000017c58c53340, 0x0000017c58c55020, 0x0000017c58c529a0, 0x0000017c58c50cc0,
0x0000017c58c51190, 0x0000017c58c50320, 0x0000017c58c53ce0, 0x0000017c58c541b0,
0x0000017c58c56830, 0x0000017c58c53810, 0x0000017c58c54680, 0x0000017c58c54b50,
0x0000017c58c559c0, 0x0000017c58c55e90, 0x0000017c58c52000, 0x0000017c58c51660,
0x0000017c58c4fe50, 0x0000017c58c51b30, 0x0000017c58c4efe0, 0x0000017c58c56360,
0x0000017c58c52e70, 0x0000017c58a9fb80, 0x0000017c58a9d030, 0x0000017c58a9f1e0,
0x0000017c58a9e370, 0x0000017c58aa0520, 0x0000017c58a9f6b0, 0x0000017c58a9e840
}

Java Threads: ( => current thread )
  0x0000017c79fcbc40 JavaThread "main" [_thread_blocked, id=9500, stack(0x0000000100600000,0x0000000100700000)]
  0x0000017c7e5ae620 JavaThread "Reference Handler" daemon [_thread_blocked, id=14996, stack(0x0000000100d00000,0x0000000100e00000)]
  0x0000017c7e5afdc0 JavaThread "Finalizer" daemon [_thread_blocked, id=10660, stack(0x0000000100e00000,0x0000000100f00000)]
  0x0000017c7e598930 JavaThread "Signal Dispatcher" daemon [_thread_blocked, id=11604, stack(0x0000000100f00000,0x0000000101000000)]
  0x0000017c7f01b010 JavaThread "Attach Listener" daemon [_thread_blocked, id=15996, stack(0x0000000101000000,0x0000000101100000)]
  0x0000017c7f01bc80 JavaThread "Service Thread" daemon [_thread_blocked, id=9744, stack(0x0000000101100000,0x0000000101200000)]
  0x0000017c7f01cce0 JavaThread "Monitor Deflation Thread" daemon [_thread_blocked, id=12332, stack(0x0000000101200000,0x0000000101300000)]
=>0x0000017c7f0223a0 JavaThread "C2 CompilerThread0" daemon [_thread_in_native, id=13128, stack(0x0000000101300000,0x0000000101400000)]
  0x0000017c7f023440 JavaThread "C1 CompilerThread0" daemon [_thread_blocked, id=13928, stack(0x0000000101400000,0x0000000101500000)]
  0x0000017c7f0268e0 JavaThread "Sweeper thread" daemon [_thread_blocked, id=8160, stack(0x0000000101500000,0x0000000101600000)]
  0x0000017c7f18cca0 JavaThread "Common-Cleaner" daemon [_thread_blocked, id=3028, stack(0x0000000101600000,0x0000000101700000)]
  0x0000017c7f1ac0b0 JavaThread "Notification Thread" daemon [_thread_blocked, id=6740, stack(0x0000000101700000,0x0000000101800000)]
  0x0000017c55745aa0 JavaThread "Daemon health stats" [_thread_blocked, id=4868, stack(0x0000000101c00000,0x0000000101d00000)]
  0x0000017c55eb0080 JavaThread "Incoming local TCP Connector on port 49258" [_thread_in_native, id=14364, stack(0x0000000101d00000,0x0000000101e00000)]
  0x0000017c55efd590 JavaThread "Daemon periodic checks" [_thread_blocked, id=15148, stack(0x0000000101e00000,0x0000000101f00000)]
  0x0000017c55c55830 JavaThread "Daemon" [_thread_blocked, id=6912, stack(0x0000000101f00000,0x0000000102000000)]
  0x0000017c55efd050 JavaThread "Handler for socket connection from /127.0.0.1:49258 to /127.0.0.1:49259" [_thread_in_native, id=14720, stack(0x0000000102000000,0x0000000102100000)]
  0x0000017c56a863e0 JavaThread "Cancel handler" [_thread_blocked, id=11976, stack(0x0000000102100000,0x0000000102200000)]
  0x0000017c56a868b0 JavaThread "Daemon worker" [_thread_in_Java, id=8508, stack(0x0000000102200000,0x0000000102300000)]
  0x0000017c56a86d80 JavaThread "Asynchronous log dispatcher for DefaultDaemonConnection: socket connection from /127.0.0.1:49258 to /127.0.0.1:49259" [_thread_blocked, id=12768, stack(0x0000000102300000,0x0000000102400000)]
  0x0000017c56a87250 JavaThread "Stdin handler" [_thread_blocked, id=12772, stack(0x0000000102400000,0x0000000102500000)]
  0x0000017c56a84700 JavaThread "Daemon client event forwarder" [_thread_blocked, id=11644, stack(0x0000000102500000,0x0000000102600000)]
  0x0000017c56a87720 JavaThread "Cache worker for journal cache (C:\Users\admin\.gradle\caches\journal-1)" [_thread_blocked, id=14972, stack(0x0000000102600000,0x0000000102700000)]
  0x0000017c56a84230 JavaThread "File lock request listener" [_thread_in_native, id=14040, stack(0x0000000102700000,0x0000000102800000)]
  0x0000017c56a84bd0 JavaThread "Cache worker for file hash cache (C:\Users\admin\.gradle\caches\7.3.3\fileHashes)" [_thread_blocked, id=4788, stack(0x0000000102800000,0x0000000102900000)]
  0x0000017c56a850a0 JavaThread "Cache worker for file hash cache (E:\Downloads\UngDungBanHang\AppBanHang\.gradle\7.3.3\fileHashes)" [_thread_blocked, id=2456, stack(0x0000000102900000,0x0000000102a00000)]
  0x0000017c56a87bf0 JavaThread "File watcher server" daemon [_thread_in_native, id=10940, stack(0x0000000102a00000,0x0000000102b00000)]
  0x0000017c56a85a40 JavaThread "File watcher consumer" daemon [_thread_blocked, id=10120, stack(0x0000000102b00000,0x0000000102c00000)]
  0x0000017c588570f0 JavaThread "Cache worker for checksums cache (E:\Downloads\UngDungBanHang\AppBanHang\.gradle\7.3.3\checksums)" [_thread_blocked, id=16348, stack(0x0000000102c00000,0x0000000102d00000)]
  0x0000017c588528c0 JavaThread "Cache worker for cache directory md-supplier (C:\Users\admin\.gradle\caches\7.3.3\md-supplier)" [_thread_blocked, id=15872, stack(0x0000000102d00000,0x0000000102e00000)]
  0x0000017c58856c20 JavaThread "Cache worker for cache directory md-rule (C:\Users\admin\.gradle\caches\7.3.3\md-rule)" [_thread_blocked, id=4800, stack(0x0000000102e00000,0x0000000102f00000)]
  0x0000017c58852d90 JavaThread "Cache worker for execution history cache (C:\Users\admin\.gradle\caches\7.3.3\executionHistory)" [_thread_blocked, id=15944, stack(0x0000000102f00000,0x0000000103000000)]
  0x0000017c588545a0 JavaThread "jar transforms" [_thread_blocked, id=3368, stack(0x0000000103000000,0x0000000103100000)]
  0x0000017c588510b0 JavaThread "jar transforms Thread 2" [_thread_blocked, id=15908, stack(0x0000000103100000,0x0000000103200000)]
  0x0000017c58850710 JavaThread "Cache worker for file content cache (C:\Users\admin\.gradle\caches\7.3.3\fileContent)" [_thread_blocked, id=12236, stack(0x0000000103400000,0x0000000103500000)]
  0x0000017c58856280 JavaThread "jar transforms Thread 3" [_thread_blocked, id=10836, stack(0x0000000103500000,0x0000000103600000)]
  0x0000017c588523f0 JavaThread "jar transforms Thread 4" [_thread_blocked, id=10396, stack(0x0000000103600000,0x0000000103700000)]
  0x0000017c58854a70 JavaThread "Cache worker for dependencies-accessors (E:\Downloads\UngDungBanHang\AppBanHang\.gradle\7.3.3\dependencies-accessors)" [_thread_blocked, id=584, stack(0x0000000103700000,0x0000000103800000)]
  0x0000017c58854f40 JavaThread "Cache worker for Build Output Cleanup Cache (E:\Downloads\UngDungBanHang\AppBanHang\.gradle\buildOutputCleanup)" [_thread_blocked, id=13700, stack(0x0000000103800000,0x0000000103900000)]
  0x0000017c588575c0 JavaThread "Unconstrained build operations" [_thread_blocked, id=13152, stack(0x0000000103900000,0x0000000103a00000)]
  0x0000017c58853c00 JavaThread "Unconstrained build operations Thread 2" [_thread_blocked, id=3116, stack(0x0000000103a00000,0x0000000103b00000)]
  0x0000017c58855db0 JavaThread "Unconstrained build operations Thread 3" [_thread_blocked, id=10924, stack(0x0000000103b00000,0x0000000103c00000)]
  0x0000017c5884fd70 JavaThread "Unconstrained build operations Thread 4" [_thread_blocked, id=6368, stack(0x0000000103c00000,0x0000000103d00000)]
  0x0000017c588540d0 JavaThread "Unconstrained build operations Thread 5" [_thread_blocked, id=3928, stack(0x0000000103d00000,0x0000000103e00000)]
  0x0000017c58850240 JavaThread "Unconstrained build operations Thread 6" [_thread_blocked, id=12600, stack(0x0000000103e00000,0x0000000103f00000)]
  0x0000017c58851f20 JavaThread "Unconstrained build operations Thread 7" [_thread_blocked, id=12460, stack(0x0000000103f00000,0x0000000104000000)]
  0x0000017c58850be0 JavaThread "Unconstrained build operations Thread 8" [_thread_blocked, id=11000, stack(0x0000000104000000,0x0000000104100000)]
  0x0000017c58c4f4b0 JavaThread "Unconstrained build operations Thread 9" [_thread_blocked, id=15732, stack(0x0000000104100000,0x0000000104200000)]
  0x0000017c58c4f980 JavaThread "Unconstrained build operations Thread 10" [_thread_blocked, id=15128, stack(0x0000000104200000,0x0000000104300000)]
  0x0000017c58c507f0 JavaThread "Unconstrained build operations Thread 11" [_thread_blocked, id=12688, stack(0x0000000104300000,0x0000000104400000)]
  0x0000017c58c524d0 JavaThread "Unconstrained build operations Thread 12" [_thread_blocked, id=6668, stack(0x0000000104400000,0x0000000104500000)]
  0x0000017c58c554f0 JavaThread "Unconstrained build operations Thread 13" [_thread_blocked, id=4560, stack(0x0000000104500000,0x0000000104600000)]
  0x0000017c58c53340 JavaThread "Unconstrained build operations Thread 14" [_thread_blocked, id=14576, stack(0x0000000104600000,0x0000000104700000)]
  0x0000017c58c55020 JavaThread "Unconstrained build operations Thread 15" [_thread_blocked, id=8984, stack(0x0000000104700000,0x0000000104800000)]
  0x0000017c58c529a0 JavaThread "Unconstrained build operations Thread 16" [_thread_blocked, id=16036, stack(0x0000000104800000,0x0000000104900000)]
  0x0000017c58c50cc0 JavaThread "Unconstrained build operations Thread 17" [_thread_blocked, id=72, stack(0x0000000104900000,0x0000000104a00000)]
  0x0000017c58c51190 JavaThread "Unconstrained build operations Thread 18" [_thread_blocked, id=12536, stack(0x0000000104a00000,0x0000000104b00000)]
  0x0000017c58c50320 JavaThread "Unconstrained build operations Thread 19" [_thread_blocked, id=3060, stack(0x0000000104b00000,0x0000000104c00000)]
  0x0000017c58c53ce0 JavaThread "Unconstrained build operations Thread 20" [_thread_blocked, id=15888, stack(0x0000000104c00000,0x0000000104d00000)]
  0x0000017c58c541b0 JavaThread "Unconstrained build operations Thread 21" [_thread_blocked, id=7224, stack(0x0000000104d00000,0x0000000104e00000)]
  0x0000017c58c56830 JavaThread "Unconstrained build operations Thread 22" [_thread_blocked, id=5280, stack(0x0000000104e00000,0x0000000104f00000)]
  0x0000017c58c53810 JavaThread "Unconstrained build operations Thread 23" [_thread_blocked, id=14804, stack(0x0000000104f00000,0x0000000105000000)]
  0x0000017c58c54680 JavaThread "Unconstrained build operations Thread 24" [_thread_blocked, id=9524, stack(0x0000000105000000,0x0000000105100000)]
  0x0000017c58c54b50 JavaThread "Unconstrained build operations Thread 25" [_thread_blocked, id=6292, stack(0x0000000105100000,0x0000000105200000)]
  0x0000017c58c559c0 JavaThread "Unconstrained build operations Thread 26" [_thread_blocked, id=13912, stack(0x0000000105200000,0x0000000105300000)]
  0x0000017c58c55e90 JavaThread "Unconstrained build operations Thread 27" [_thread_blocked, id=1072, stack(0x0000000105300000,0x0000000105400000)]
  0x0000017c58c52000 JavaThread "Unconstrained build operations Thread 28" [_thread_blocked, id=3724, stack(0x0000000105400000,0x0000000105500000)]
  0x0000017c58c51660 JavaThread "Unconstrained build operations Thread 29" [_thread_blocked, id=7740, stack(0x0000000105500000,0x0000000105600000)]
  0x0000017c58c4fe50 JavaThread "Unconstrained build operations Thread 30" [_thread_blocked, id=16380, stack(0x0000000105600000,0x0000000105700000)]
  0x0000017c58c51b30 JavaThread "Unconstrained build operations Thread 31" [_thread_blocked, id=8616, stack(0x0000000105700000,0x0000000105800000)]
  0x0000017c58c4efe0 JavaThread "Unconstrained build operations Thread 32" [_thread_blocked, id=3448, stack(0x0000000105800000,0x0000000105900000)]
  0x0000017c58c56360 JavaThread "Unconstrained build operations Thread 33" [_thread_blocked, id=11584, stack(0x0000000105900000,0x0000000105a00000)]
  0x0000017c58c52e70 JavaThread "Unconstrained build operations Thread 34" [_thread_blocked, id=2980, stack(0x0000000105a00000,0x0000000105b00000)]
  0x0000017c58a9fb80 JavaThread "Unconstrained build operations Thread 35" [_thread_blocked, id=2180, stack(0x0000000105b00000,0x0000000105c00000)]
  0x0000017c58a9d030 JavaThread "Unconstrained build operations Thread 36" [_thread_blocked, id=12268, stack(0x0000000105c00000,0x0000000105d00000)]
  0x0000017c58a9f1e0 JavaThread "Unconstrained build operations Thread 37" [_thread_blocked, id=15112, stack(0x0000000105d00000,0x0000000105e00000)]
  0x0000017c58a9e370 JavaThread "Unconstrained build operations Thread 38" [_thread_blocked, id=12084, stack(0x0000000105e00000,0x0000000105f00000)]
  0x0000017c58aa0520 JavaThread "Unconstrained build operations Thread 39" [_thread_blocked, id=12352, stack(0x0000000105f00000,0x0000000106000000)]
  0x0000017c58a9f6b0 JavaThread "Unconstrained build operations Thread 40" [_thread_blocked, id=9132, stack(0x0000000106000000,0x0000000106100000)]
  0x0000017c58a9e840 JavaThread "Memory manager" [_thread_blocked, id=912, stack(0x0000000106100000,0x0000000106200000)]

Other Threads:
  0x0000017c7e58a890 VMThread "VM Thread" [stack: 0x0000000100c00000,0x0000000100d00000] [id=15196]
  0x0000017c7f1ac580 WatcherThread [stack: 0x0000000101800000,0x0000000101900000] [id=8272]
  0x0000017c7a028220 GCTaskThread "GC Thread#0" [stack: 0x0000000100700000,0x0000000100800000] [id=7700]
  0x0000017c7f439720 GCTaskThread "GC Thread#1" [stack: 0x0000000101900000,0x0000000101a00000] [id=15896]
  0x0000017c7f55c060 GCTaskThread "GC Thread#2" [stack: 0x0000000101a00000,0x0000000101b00000] [id=9840]
  0x0000017c5525ec90 GCTaskThread "GC Thread#3" [stack: 0x0000000101b00000,0x0000000101c00000] [id=14196]
  0x0000017c7a039070 ConcurrentGCThread "G1 Main Marker" [stack: 0x0000000100800000,0x0000000100900000] [id=14764]
  0x0000017c7a03a130 ConcurrentGCThread "G1 Conc#0" [stack: 0x0000000100900000,0x0000000100a00000] [id=2372]
  0x0000017c7a09e2e0 ConcurrentGCThread "G1 Refine#0" [stack: 0x0000000100a00000,0x0000000100b00000] [id=2084]
  0x0000017c58a17d90 ConcurrentGCThread "G1 Refine#1" [stack: 0x0000000103200000,0x0000000103300000] [id=11712]
  0x0000017c5882fd70 ConcurrentGCThread "G1 Refine#2" [stack: 0x0000000103300000,0x0000000103400000] [id=16196]
  0x0000017c7a09ec10 ConcurrentGCThread "G1 Service" [stack: 0x0000000100b00000,0x0000000100c00000] [id=7308]

Threads with active compile tasks:
C2 CompilerThread0    14600 7542 %     4       org.gradle.internal.instantiation.generator.AbstractClassGenerator::inspectType @ 207 (560 bytes)
C1 CompilerThread0    14600 7810       2       org.gradle.internal.graph.CachingDirectedGraphWalker::doSearch (659 bytes)

VM state: not at safepoint (normal execution)

VM Mutex/Monitor currently owned by a thread: None

Heap address: 0x0000000080000000, size: 2048 MB, Compressed Oops mode: 32-bit

CDS archive(s) not mapped
Compressed class space mapped at: 0x0000017c15000000-0x0000017c55000000, reserved size: 1073741824
Narrow klass base: 0x0000017c15000000, Narrow klass shift: 0, Narrow klass range: 0x40000000

GC Precious Log:
 CPUs: 4 total, 4 available
 Memory: 8097M
 Large Page Support: Disabled
 NUMA Support: Disabled
 Compressed Oops: Enabled (32-bit)
 Heap Region Size: 1M
 Heap Min Capacity: 8M
 Heap Initial Capacity: 128M
 Heap Max Capacity: 2G
 Pre-touch: Disabled
 Parallel Workers: 4
 Concurrent Workers: 1
 Concurrent Refinement Workers: 4
 Periodic GC: Disabled

Heap:
 garbage-first heap   total 111616K, used 86128K [0x0000000080000000, 0x0000000100000000)
  region size 1024K, 29 young (29696K), 4 survivors (4096K)
 Metaspace       used 80772K, committed 81280K, reserved 1122304K
  class space    used 10839K, committed 11072K, reserved 1048576K

Heap Regions: E=young(eden), S=young(survivor), O=old, HS=humongous(starts), HC=humongous(continues), CS=collection set, F=free, OA=open archive, CA=closed archive, TAMS=top-at-mark-start (previous, next)
|   0|0x0000000080000000, 0x0000000080100000, 0x0000000080100000|100%|HS|  |TAMS 0x0000000080100000, 0x0000000080000000| Complete 
|   1|0x0000000080100000, 0x0000000080200000, 0x0000000080200000|100%|HC|  |TAMS 0x0000000080200000, 0x0000000080100000| Complete 
|   2|0x0000000080200000, 0x0000000080300000, 0x0000000080300000|100%|HC|  |TAMS 0x0000000080300000, 0x0000000080200000| Complete 
|   3|0x0000000080300000, 0x0000000080400000, 0x0000000080400000|100%| O|  |TAMS 0x0000000080400000, 0x0000000080300000| Untracked 
|   4|0x0000000080400000, 0x0000000080500000, 0x0000000080500000|100%| O|  |TAMS 0x0000000080500000, 0x0000000080400000| Untracked 
|   5|0x0000000080500000, 0x0000000080600000, 0x0000000080600000|100%| O|  |TAMS 0x0000000080600000, 0x0000000080500000| Untracked 
|   6|0x0000000080600000, 0x0000000080700000, 0x0000000080700000|100%| O|  |TAMS 0x0000000080700000, 0x0000000080600000| Untracked 
|   7|0x0000000080700000, 0x0000000080800000, 0x0000000080800000|100%| O|  |TAMS 0x0000000080800000, 0x0000000080700000| Untracked 
|   8|0x0000000080800000, 0x0000000080900000, 0x0000000080900000|100%| O|  |TAMS 0x0000000080900000, 0x0000000080800000| Untracked 
|   9|0x0000000080900000, 0x0000000080a00000, 0x0000000080a00000|100%| O|  |TAMS 0x0000000080a00000, 0x0000000080900000| Untracked 
|  10|0x0000000080a00000, 0x0000000080a47800, 0x0000000080b00000| 27%| O|  |TAMS 0x0000000080a47800, 0x0000000080a00000| Untracked 
|  11|0x0000000080b00000, 0x0000000080c00000, 0x0000000080c00000|100%| O|  |TAMS 0x0000000080c00000, 0x0000000080b00000| Untracked 
|  12|0x0000000080c00000, 0x0000000080d00000, 0x0000000080d00000|100%| O|  |TAMS 0x0000000080d00000, 0x0000000080c00000| Untracked 
|  13|0x0000000080d00000, 0x0000000080e00000, 0x0000000080e00000|100%| O|  |TAMS 0x0000000080e00000, 0x0000000080d00000| Untracked 
|  14|0x0000000080e00000, 0x0000000080f00000, 0x0000000080f00000|100%| O|  |TAMS 0x0000000080f00000, 0x0000000080e00000| Untracked 
|  15|0x0000000080f00000, 0x0000000081000000, 0x0000000081000000|100%| O|  |TAMS 0x0000000081000000, 0x0000000080f00000| Untracked 
|  16|0x0000000081000000, 0x0000000081100000, 0x0000000081100000|100%| O|  |TAMS 0x0000000081100000, 0x0000000081000000| Untracked 
|  17|0x0000000081100000, 0x0000000081200000, 0x0000000081200000|100%| O|  |TAMS 0x0000000081200000, 0x0000000081100000| Untracked 
|  18|0x0000000081200000, 0x0000000081300000, 0x0000000081300000|100%| O|  |TAMS 0x0000000081300000, 0x0000000081200000| Untracked 
|  19|0x0000000081300000, 0x0000000081400000, 0x0000000081400000|100%| O|  |TAMS 0x0000000081400000, 0x0000000081300000| Untracked 
|  20|0x0000000081400000, 0x0000000081500000, 0x0000000081500000|100%| O|  |TAMS 0x0000000081500000, 0x0000000081400000| Untracked 
|  21|0x0000000081500000, 0x0000000081600000, 0x0000000081600000|100%| O|  |TAMS 0x0000000081600000, 0x0000000081500000| Untracked 
|  22|0x0000000081600000, 0x0000000081700000, 0x0000000081700000|100%| O|  |TAMS 0x0000000081700000, 0x0000000081600000| Untracked 
|  23|0x0000000081700000, 0x0000000081800000, 0x0000000081800000|100%| O|  |TAMS 0x0000000081800000, 0x0000000081700000| Untracked 
|  24|0x0000000081800000, 0x0000000081900000, 0x0000000081900000|100%| O|  |TAMS 0x0000000081900000, 0x0000000081800000| Untracked 
|  25|0x0000000081900000, 0x0000000081a00000, 0x0000000081a00000|100%| O|  |TAMS 0x0000000081a00000, 0x0000000081900000| Untracked 
|  26|0x0000000081a00000, 0x0000000081b00000, 0x0000000081b00000|100%| O|  |TAMS 0x0000000081b00000, 0x0000000081a00000| Untracked 
|  27|0x0000000081b00000, 0x0000000081c00000, 0x0000000081c00000|100%| O|  |TAMS 0x0000000081c00000, 0x0000000081b00000| Untracked 
|  28|0x0000000081c00000, 0x0000000081d00000, 0x0000000081d00000|100%| O|  |TAMS 0x0000000081d00000, 0x0000000081c00000| Untracked 
|  29|0x0000000081d00000, 0x0000000081e00000, 0x0000000081e00000|100%| O|  |TAMS 0x0000000081e00000, 0x0000000081d00000| Untracked 
|  30|0x0000000081e00000, 0x0000000081f00000, 0x0000000081f00000|100%|HS|  |TAMS 0x0000000081f00000, 0x0000000081e00000| Complete 
|  31|0x0000000081f00000, 0x0000000082000000, 0x0000000082000000|100%|HS|  |TAMS 0x0000000082000000, 0x0000000081f00000| Complete 
|  32|0x0000000082000000, 0x0000000082100000, 0x0000000082100000|100%|HS|  |TAMS 0x0000000082100000, 0x0000000082000000| Complete 
|  33|0x0000000082100000, 0x0000000082200000, 0x0000000082200000|100%|HC|  |TAMS 0x0000000082200000, 0x0000000082100000| Complete 
|  34|0x0000000082200000, 0x0000000082300000, 0x0000000082300000|100%| O|  |TAMS 0x0000000082300000, 0x0000000082200000| Untracked 
|  35|0x0000000082300000, 0x0000000082400000, 0x0000000082400000|100%| O|  |TAMS 0x0000000082400000, 0x0000000082300000| Untracked 
|  36|0x0000000082400000, 0x0000000082500000, 0x0000000082500000|100%| O|  |TAMS 0x0000000082500000, 0x0000000082400000| Untracked 
|  37|0x0000000082500000, 0x0000000082600000, 0x0000000082600000|100%| O|  |TAMS 0x0000000082600000, 0x0000000082500000| Untracked 
|  38|0x0000000082600000, 0x0000000082700000, 0x0000000082700000|100%| O|  |TAMS 0x0000000082700000, 0x0000000082600000| Untracked 
|  39|0x0000000082700000, 0x0000000082800000, 0x0000000082800000|100%| O|  |TAMS 0x0000000082800000, 0x0000000082700000| Untracked 
|  40|0x0000000082800000, 0x0000000082900000, 0x0000000082900000|100%| O|  |TAMS 0x0000000082900000, 0x0000000082800000| Untracked 
|  41|0x0000000082900000, 0x0000000082a00000, 0x0000000082a00000|100%| O|  |TAMS 0x0000000082a00000, 0x0000000082900000| Untracked 
|  42|0x0000000082a00000, 0x0000000082b00000, 0x0000000082b00000|100%| O|  |TAMS 0x0000000082b00000, 0x0000000082a00000| Untracked 
|  43|0x0000000082b00000, 0x0000000082c00000, 0x0000000082c00000|100%| O|  |TAMS 0x0000000082c00000, 0x0000000082b00000| Untracked 
|  44|0x0000000082c00000, 0x0000000082d00000, 0x0000000082d00000|100%| O|  |TAMS 0x0000000082d00000, 0x0000000082c00000| Untracked 
|  45|0x0000000082d00000, 0x0000000082e00000, 0x0000000082e00000|100%| O|  |TAMS 0x0000000082e00000, 0x0000000082d00000| Untracked 
|  46|0x0000000082e00000, 0x0000000082f00000, 0x0000000082f00000|100%| O|  |TAMS 0x0000000082f00000, 0x0000000082e00000| Untracked 
|  47|0x0000000082f00000, 0x0000000083000000, 0x0000000083000000|100%| O|  |TAMS 0x0000000083000000, 0x0000000082f00000| Untracked 
|  48|0x0000000083000000, 0x0000000083100000, 0x0000000083100000|100%| O|  |TAMS 0x0000000083100000, 0x0000000083000000| Untracked 
|  49|0x0000000083100000, 0x0000000083200000, 0x0000000083200000|100%| O|  |TAMS 0x0000000083200000, 0x0000000083100000| Untracked 
|  50|0x0000000083200000, 0x0000000083300000, 0x0000000083300000|100%| O|  |TAMS 0x0000000083300000, 0x0000000083200000| Untracked 
|  51|0x0000000083300000, 0x0000000083400000, 0x0000000083400000|100%| O|  |TAMS 0x0000000083400000, 0x0000000083300000| Untracked 
|  52|0x0000000083400000, 0x0000000083500000, 0x0000000083500000|100%| O|  |TAMS 0x0000000083500000, 0x0000000083400000| Untracked 
|  53|0x0000000083500000, 0x0000000083600000, 0x0000000083600000|100%| O|  |TAMS 0x000000008357e400, 0x0000000083500000| Untracked 
|  54|0x0000000083600000, 0x0000000083700000, 0x0000000083700000|100%| O|  |TAMS 0x0000000083600000, 0x0000000083600000| Untracked 
|  55|0x0000000083700000, 0x0000000083800000, 0x0000000083800000|100%| O|  |TAMS 0x0000000083700000, 0x0000000083700000| Untracked 
|  56|0x0000000083800000, 0x0000000083900000, 0x0000000083900000|100%| O|  |TAMS 0x0000000083800000, 0x0000000083800000| Untracked 
|  57|0x0000000083900000, 0x000000008392f000, 0x0000000083a00000| 18%| O|  |TAMS 0x0000000083900000, 0x0000000083900000| Untracked 
|  58|0x0000000083a00000, 0x0000000083a00000, 0x0000000083b00000|  0%| F|  |TAMS 0x0000000083a00000, 0x0000000083a00000| Untracked 
|  59|0x0000000083b00000, 0x0000000083b00000, 0x0000000083c00000|  0%| F|  |TAMS 0x0000000083b00000, 0x0000000083b00000| Untracked 
|  60|0x0000000083c00000, 0x0000000083c00000, 0x0000000083d00000|  0%| F|  |TAMS 0x0000000083c00000, 0x0000000083c00000| Untracked 
|  61|0x0000000083d00000, 0x0000000083d00000, 0x0000000083e00000|  0%| F|  |TAMS 0x0000000083d00000, 0x0000000083d00000| Untracked 
|  62|0x0000000083e00000, 0x0000000083e00000, 0x0000000083f00000|  0%| F|  |TAMS 0x0000000083e00000, 0x0000000083e00000| Untracked 
|  63|0x0000000083f00000, 0x0000000083f00000, 0x0000000084000000|  0%| F|  |TAMS 0x0000000083f00000, 0x0000000083f00000| Untracked 
|  64|0x0000000084000000, 0x0000000084000000, 0x0000000084100000|  0%| F|  |TAMS 0x0000000084000000, 0x0000000084000000| Untracked 
|  65|0x0000000084100000, 0x0000000084100000, 0x0000000084200000|  0%| F|  |TAMS 0x0000000084100000, 0x0000000084100000| Untracked 
|  66|0x0000000084200000, 0x0000000084200000, 0x0000000084300000|  0%| F|  |TAMS 0x0000000084200000, 0x0000000084200000| Untracked 
|  67|0x0000000084300000, 0x0000000084300000, 0x0000000084400000|  0%| F|  |TAMS 0x0000000084300000, 0x0000000084300000| Untracked 
|  68|0x0000000084400000, 0x0000000084400000, 0x0000000084500000|  0%| F|  |TAMS 0x0000000084400000, 0x0000000084400000| Untracked 
|  69|0x0000000084500000, 0x0000000084500000, 0x0000000084600000|  0%| F|  |TAMS 0x0000000084500000, 0x0000000084500000| Untracked 
|  70|0x0000000084600000, 0x0000000084600000, 0x0000000084700000|  0%| F|  |TAMS 0x0000000084600000, 0x0000000084600000| Untracked 
|  71|0x0000000084700000, 0x0000000084700000, 0x0000000084800000|  0%| F|  |TAMS 0x0000000084700000, 0x0000000084700000| Untracked 
|  72|0x0000000084800000, 0x0000000084800000, 0x0000000084900000|  0%| F|  |TAMS 0x0000000084800000, 0x0000000084800000| Untracked 
|  73|0x0000000084900000, 0x0000000084900000, 0x0000000084a00000|  0%| F|  |TAMS 0x0000000084900000, 0x0000000084900000| Untracked 
|  74|0x0000000084a00000, 0x0000000084a00000, 0x0000000084b00000|  0%| F|  |TAMS 0x0000000084a00000, 0x0000000084a00000| Untracked 
|  75|0x0000000084b00000, 0x0000000084b00000, 0x0000000084c00000|  0%| F|  |TAMS 0x0000000084b00000, 0x0000000084b00000| Untracked 
|  76|0x0000000084c00000, 0x0000000084c00000, 0x0000000084d00000|  0%| F|  |TAMS 0x0000000084c00000, 0x0000000084c00000| Untracked 
|  77|0x0000000084d00000, 0x0000000084d00000, 0x0000000084e00000|  0%| F|  |TAMS 0x0000000084d00000, 0x0000000084d00000| Untracked 
|  78|0x0000000084e00000, 0x0000000084e00000, 0x0000000084f00000|  0%| F|  |TAMS 0x0000000084e00000, 0x0000000084e00000| Untracked 
|  79|0x0000000084f00000, 0x0000000084f00000, 0x0000000085000000|  0%| F|  |TAMS 0x0000000084f00000, 0x0000000084f00000| Untracked 
|  80|0x0000000085000000, 0x0000000085100000, 0x0000000085100000|100%| E|  |TAMS 0x0000000085000000, 0x0000000085000000| Complete 
|  81|0x0000000085100000, 0x0000000085200000, 0x0000000085200000|100%| E|CS|TAMS 0x0000000085100000, 0x0000000085100000| Complete 
|  82|0x0000000085200000, 0x00000000852a5900, 0x0000000085300000| 64%| S|CS|TAMS 0x0000000085200000, 0x0000000085200000| Complete 
|  83|0x0000000085300000, 0x0000000085400000, 0x0000000085400000|100%| S|CS|TAMS 0x0000000085300000, 0x0000000085300000| Complete 
|  84|0x0000000085400000, 0x0000000085500000, 0x0000000085500000|100%| S|CS|TAMS 0x0000000085400000, 0x0000000085400000| Complete 
|  85|0x0000000085500000, 0x0000000085600000, 0x0000000085600000|100%| S|CS|TAMS 0x0000000085500000, 0x0000000085500000| Complete 
|  86|0x0000000085600000, 0x0000000085700000, 0x0000000085700000|100%| E|CS|TAMS 0x0000000085600000, 0x0000000085600000| Complete 
|  87|0x0000000085700000, 0x0000000085800000, 0x0000000085800000|100%| E|CS|TAMS 0x0000000085700000, 0x0000000085700000| Complete 
|  88|0x0000000085800000, 0x0000000085900000, 0x0000000085900000|100%| E|CS|TAMS 0x0000000085800000, 0x0000000085800000| Complete 
|  89|0x0000000085900000, 0x0000000085a00000, 0x0000000085a00000|100%| E|CS|TAMS 0x0000000085900000, 0x0000000085900000| Complete 
|  90|0x0000000085a00000, 0x0000000085b00000, 0x0000000085b00000|100%| E|CS|TAMS 0x0000000085a00000, 0x0000000085a00000| Complete 
|  91|0x0000000085b00000, 0x0000000085c00000, 0x0000000085c00000|100%| E|CS|TAMS 0x0000000085b00000, 0x0000000085b00000| Complete 
|  92|0x0000000085c00000, 0x0000000085d00000, 0x0000000085d00000|100%| E|CS|TAMS 0x0000000085c00000, 0x0000000085c00000| Complete 
|  93|0x0000000085d00000, 0x0000000085e00000, 0x0000000085e00000|100%| E|CS|TAMS 0x0000000085d00000, 0x0000000085d00000| Complete 
|  94|0x0000000085e00000, 0x0000000085f00000, 0x0000000085f00000|100%| E|CS|TAMS 0x0000000085e00000, 0x0000000085e00000| Complete 
|  95|0x0000000085f00000, 0x0000000086000000, 0x0000000086000000|100%| E|CS|TAMS 0x0000000085f00000, 0x0000000085f00000| Complete 
|  96|0x0000000086000000, 0x0000000086100000, 0x0000000086100000|100%| E|CS|TAMS 0x0000000086000000, 0x0000000086000000| Complete 
|  97|0x0000000086100000, 0x0000000086200000, 0x0000000086200000|100%| E|CS|TAMS 0x0000000086100000, 0x0000000086100000| Complete 
|  98|0x0000000086200000, 0x0000000086300000, 0x0000000086300000|100%| E|CS|TAMS 0x0000000086200000, 0x0000000086200000| Complete 
|  99|0x0000000086300000, 0x0000000086400000, 0x0000000086400000|100%| E|CS|TAMS 0x0000000086300000, 0x0000000086300000| Complete 
| 100|0x0000000086400000, 0x0000000086500000, 0x0000000086500000|100%| E|CS|TAMS 0x0000000086400000, 0x0000000086400000| Complete 
| 101|0x0000000086500000, 0x0000000086600000, 0x0000000086600000|100%| E|CS|TAMS 0x0000000086500000, 0x0000000086500000| Complete 
| 102|0x0000000086600000, 0x0000000086700000, 0x0000000086700000|100%| E|CS|TAMS 0x0000000086600000, 0x0000000086600000| Complete 
| 103|0x0000000086700000, 0x0000000086800000, 0x0000000086800000|100%| E|CS|TAMS 0x0000000086700000, 0x0000000086700000| Complete 
| 104|0x0000000086800000, 0x0000000086900000, 0x0000000086900000|100%| E|CS|TAMS 0x0000000086800000, 0x0000000086800000| Complete 
| 105|0x0000000086900000, 0x0000000086a00000, 0x0000000086a00000|100%| E|CS|TAMS 0x0000000086900000, 0x0000000086900000| Complete 
| 106|0x0000000086a00000, 0x0000000086b00000, 0x0000000086b00000|100%| E|CS|TAMS 0x0000000086a00000, 0x0000000086a00000| Complete 
| 107|0x0000000086b00000, 0x0000000086c00000, 0x0000000086c00000|100%| E|CS|TAMS 0x0000000086b00000, 0x0000000086b00000| Complete 
| 127|0x0000000087f00000, 0x0000000088000000, 0x0000000088000000|100%| E|CS|TAMS 0x0000000087f00000, 0x0000000087f00000| Complete 

Card table byte_map: [0x0000017c7d8a0000,0x0000017c7dca0000] _byte_map_base: 0x0000017c7d4a0000

Marking Bits (Prev, Next): (CMBitMap*) 0x0000017c7a028740, (CMBitMap*) 0x0000017c7a028780
 Prev Bits: [0x0000017c0f000000, 0x0000017c11000000)
 Next Bits: [0x0000017c11000000, 0x0000017c13000000)

Polling page: 0x0000017c77ea0000

Metaspace:

Usage:
  Non-class:     68.30 MB used.
      Class:     10.59 MB used.
       Both:     78.88 MB used.

Virtual space:
  Non-class space:       72.00 MB reserved,      68.56 MB ( 95%) committed,  9 nodes.
      Class space:        1.00 GB reserved,      10.81 MB (  1%) committed,  1 nodes.
             Both:        1.07 GB reserved,      79.38 MB (  7%) committed. 

Chunk freelists:
   Non-Class:  3.47 MB
       Class:  1.23 MB
        Both:  4.70 MB

MaxMetaspaceSize: unlimited
CompressedClassSpaceSize: 1.00 GB
Initial GC threshold: 21.00 MB
Current GC threshold: 123.56 MB
CDS: off
MetaspaceReclaimPolicy: balanced
 - commit_granule_bytes: 65536.
 - commit_granule_words: 8192.
 - virtual_space_node_default_size: 1048576.
 - enlarge_chunks_in_place: 1.
 - new_chunks_are_fully_committed: 0.
 - uncommit_free_chunks: 1.
 - use_allocation_guard: 0.
 - handle_deallocations: 1.


Internal statistics:

num_allocs_failed_limit: 12.
num_arena_births: 642.
num_arena_deaths: 0.
num_vsnodes_births: 10.
num_vsnodes_deaths: 0.
num_space_committed: 1270.
num_space_uncommitted: 0.
num_chunks_returned_to_freelist: 12.
num_chunks_taken_from_freelist: 3438.
num_chunk_merges: 3.
num_chunk_splits: 2299.
num_chunks_enlarged: 1576.
num_purges: 0.
num_inconsistent_stats: 0.

CodeHeap 'non-profiled nmethods': size=120000Kb used=2819Kb max_used=3147Kb free=117180Kb
 bounds [0x0000017c07ad0000, 0x0000017c07df0000, 0x0000017c0f000000]
CodeHeap 'profiled nmethods': size=120000Kb used=13205Kb max_used=13733Kb free=106794Kb
 bounds [0x0000017c00000000, 0x0000017c00d70000, 0x0000017c07530000]
CodeHeap 'non-nmethods': size=5760Kb used=2363Kb max_used=2399Kb free=3397Kb
 bounds [0x0000017c07530000, 0x0000017c077a0000, 0x0000017c07ad0000]
 total_blobs=7779 nmethods=6891 adapters=800
 compilation: enabled
              stopped_count=0, restarted_count=0
 full_count=0

Compilation events (20 events):
Event: 14.547 Thread 0x0000017c7f023440 7760       2       com.google.common.collect.ImmutableSortedSet$Builder::add (79 bytes)
Event: 14.548 Thread 0x0000017c7f023440 nmethod 7760 0x0000017c00038410 code [0x0000017c00038600, 0x0000017c00038ac8]
Event: 14.548 Thread 0x0000017c7f023440 7763       2       org.gradle.internal.reflect.annotations.impl.DefaultTypeAnnotationMetadataStore$PropertyAnnotationMetadataBuilder::build (20 bytes)
Event: 14.548 Thread 0x0000017c7f023440 nmethod 7763 0x0000017c0025b110 code [0x0000017c0025b2c0, 0x0000017c0025b5f8]
Event: 14.548 Thread 0x0000017c7f023440 7765       2       org.gradle.internal.reflect.annotations.impl.DefaultPropertyAnnotationMetadata::<init> (28 bytes)
Event: 14.548 Thread 0x0000017c7f023440 nmethod 7765 0x0000017c00037f10 code [0x0000017c000380c0, 0x0000017c00038368]
Event: 14.548 Thread 0x0000017c7f023440 7761       2       com.google.common.collect.SingletonImmutableBiMap::inverse (45 bytes)
Event: 14.549 Thread 0x0000017c7f023440 nmethod 7761 0x0000017c00037910 code [0x0000017c00037ac0, 0x0000017c00037e38]
Event: 14.549 Thread 0x0000017c7f023440 7762       2       com.google.common.collect.SingletonImmutableBiMap::<init> (20 bytes)
Event: 14.549 Thread 0x0000017c7f023440 nmethod 7762 0x0000017c00037490 code [0x0000017c00037620, 0x0000017c00037838]
Event: 14.549 Thread 0x0000017c7f023440 7757       1       org.gradle.api.internal.tasks.properties.annotations.InputPropertyAnnotationHandler::shouldVisit (2 bytes)
Event: 14.549 Thread 0x0000017c7f023440 nmethod 7757 0x0000017c07c66010 code [0x0000017c07c661a0, 0x0000017c07c66278]
Event: 14.549 Thread 0x0000017c7f023440 7758       2       org.gradle.internal.graph.CachingDirectedGraphWalker$GraphWithEmptyEdges::getNodeValues (13 bytes)
Event: 14.549 Thread 0x0000017c7f023440 nmethod 7758 0x0000017c00037110 code [0x0000017c000372a0, 0x0000017c000373c8]
Event: 14.549 Thread 0x0000017c7f023440 7766       1       org.gradle.api.internal.DefaultNamedDomainObjectCollection$AbstractDomainObjectCreatingProvider::wasElementRemovedBeforeRealized (5 bytes)
Event: 14.549 Thread 0x0000017c7f023440 nmethod 7766 0x0000017c07c65d10 code [0x0000017c07c65ea0, 0x0000017c07c65f78]
Event: 14.550 Thread 0x0000017c7f023440 7767       2       org.gradle.internal.instantiation.generator.AbstractClassGenerator$InjectionAnnotationValidator::validateMethod (502 bytes)
Event: 14.553 Thread 0x0000017c7f023440 nmethod 7767 0x0000017c0024d490 code [0x0000017c0024dae0, 0x0000017c0024fa28]
Event: 14.555 Thread 0x0000017c7f023440 7768       2       org.gradle.internal.snapshot.impl.IsolatedImmutableManagedValue::hashCode (5 bytes)
Event: 14.555 Thread 0x0000017c7f023440 nmethod 7768 0x0000017c0024d110 code [0x0000017c0024d2a0, 0x0000017c0024d3c8]

GC Heap History (20 events):
Event: 9.214 GC heap before
{Heap before GC invocations=16 (full 0):
 garbage-first heap   total 78848K, used 60774K [0x0000000080000000, 0x0000000100000000)
  region size 1024K, 20 young (20480K), 4 survivors (4096K)
 Metaspace       used 53741K, committed 54080K, reserved 1097728K
  class space    used 7071K, committed 7232K, reserved 1048576K
}
Event: 9.218 GC heap after
{Heap after GC invocations=17 (full 0):
 garbage-first heap   total 95232K, used 45575K [0x0000000080000000, 0x0000000100000000)
  region size 1024K, 1 young (1024K), 1 survivors (1024K)
 Metaspace       used 53741K, committed 54080K, reserved 1097728K
  class space    used 7071K, committed 7232K, reserved 1048576K
}
Event: 10.217 GC heap before
{Heap before GC invocations=18 (full 0):
 garbage-first heap   total 95232K, used 72199K [0x0000000080000000, 0x0000000100000000)
  region size 1024K, 28 young (28672K), 1 survivors (1024K)
 Metaspace       used 59037K, committed 59456K, reserved 1105920K
  class space    used 7677K, committed 7872K, reserved 1048576K
}
Event: 10.222 GC heap after
{Heap after GC invocations=19 (full 0):
 garbage-first heap   total 95232K, used 46656K [0x0000000080000000, 0x0000000100000000)
  region size 1024K, 2 young (2048K), 2 survivors (2048K)
 Metaspace       used 59037K, committed 59456K, reserved 1105920K
  class space    used 7677K, committed 7872K, reserved 1048576K
}
Event: 10.972 GC heap before
{Heap before GC invocations=19 (full 0):
 garbage-first heap   total 95232K, used 73280K [0x0000000080000000, 0x0000000100000000)
  region size 1024K, 29 young (29696K), 2 survivors (2048K)
 Metaspace       used 63500K, committed 63936K, reserved 1105920K
  class space    used 8267K, committed 8448K, reserved 1048576K
}
Event: 10.981 GC heap after
{Heap after GC invocations=20 (full 0):
 garbage-first heap   total 95232K, used 49580K [0x0000000080000000, 0x0000000100000000)
  region size 1024K, 4 young (4096K), 4 survivors (4096K)
 Metaspace       used 63500K, committed 63936K, reserved 1105920K
  class space    used 8267K, committed 8448K, reserved 1048576K
}
Event: 11.482 GC heap before
{Heap before GC invocations=21 (full 0):
 garbage-first heap   total 95232K, used 74156K [0x0000000080000000, 0x0000000100000000)
  region size 1024K, 28 young (28672K), 4 survivors (4096K)
 Metaspace       used 65801K, committed 66304K, reserved 1114112K
  class space    used 8552K, committed 8768K, reserved 1048576K
}
Event: 11.492 GC heap after
{Heap after GC invocations=22 (full 0):
 garbage-first heap   total 95232K, used 51659K [0x0000000080000000, 0x0000000100000000)
  region size 1024K, 2 young (2048K), 2 survivors (2048K)
 Metaspace       used 65801K, committed 66304K, reserved 1114112K
  class space    used 8552K, committed 8768K, reserved 1048576K
}
Event: 11.590 GC heap before
{Heap before GC invocations=22 (full 0):
 garbage-first heap   total 95232K, used 56779K [0x0000000080000000, 0x0000000100000000)
  region size 1024K, 9 young (9216K), 2 survivors (2048K)
 Metaspace       used 66463K, committed 66944K, reserved 1114112K
  class space    used 8615K, committed 8832K, reserved 1048576K
}
Event: 11.594 GC heap after
{Heap after GC invocations=23 (full 0):
 garbage-first heap   total 95232K, used 52328K [0x0000000080000000, 0x0000000100000000)
  region size 1024K, 3 young (3072K), 3 survivors (3072K)
 Metaspace       used 66463K, committed 66944K, reserved 1114112K
  class space    used 8615K, committed 8832K, reserved 1048576K
}
Event: 11.988 GC heap before
{Heap before GC invocations=24 (full 0):
 garbage-first heap   total 99328K, used 76904K [0x0000000080000000, 0x0000000100000000)
  region size 1024K, 26 young (26624K), 3 survivors (3072K)
 Metaspace       used 67261K, committed 67712K, reserved 1114112K
  class space    used 8747K, committed 8960K, reserved 1048576K
}
Event: 11.998 GC heap after
{Heap after GC invocations=25 (full 0):
 garbage-first heap   total 99328K, used 54065K [0x0000000080000000, 0x0000000100000000)
  region size 1024K, 3 young (3072K), 3 survivors (3072K)
 Metaspace       used 67261K, committed 67712K, reserved 1114112K
  class space    used 8747K, committed 8960K, reserved 1048576K
}
Event: 12.359 GC heap before
{Heap before GC invocations=25 (full 0):
 garbage-first heap   total 99328K, used 80689K [0x0000000080000000, 0x0000000100000000)
  region size 1024K, 29 young (29696K), 3 survivors (3072K)
 Metaspace       used 69225K, committed 69696K, reserved 1114112K
  class space    used 9022K, committed 9216K, reserved 1048576K
}
Event: 12.366 GC heap after
{Heap after GC invocations=26 (full 0):
 garbage-first heap   total 99328K, used 56113K [0x0000000080000000, 0x0000000100000000)
  region size 1024K, 4 young (4096K), 4 survivors (4096K)
 Metaspace       used 69225K, committed 69696K, reserved 1114112K
  class space    used 9022K, committed 9216K, reserved 1048576K
}
Event: 12.969 GC heap before
{Heap before GC invocations=27 (full 0):
 garbage-first heap   total 102400K, used 80689K [0x0000000080000000, 0x0000000100000000)
  region size 1024K, 28 young (28672K), 4 survivors (4096K)
 Metaspace       used 72669K, committed 73152K, reserved 1114112K
  class space    used 9667K, committed 9856K, reserved 1048576K
}
Event: 12.981 GC heap after
{Heap after GC invocations=28 (full 0):
 garbage-first heap   total 102400K, used 58000K [0x0000000080000000, 0x0000000100000000)
  region size 1024K, 4 young (4096K), 4 survivors (4096K)
 Metaspace       used 72669K, committed 73152K, reserved 1114112K
  class space    used 9667K, committed 9856K, reserved 1048576K
}
Event: 13.406 GC heap before
{Heap before GC invocations=28 (full 0):
 garbage-first heap   total 102400K, used 82576K [0x0000000080000000, 0x0000000100000000)
  region size 1024K, 29 young (29696K), 4 survivors (4096K)
 Metaspace       used 74909K, committed 75392K, reserved 1114112K
  class space    used 10016K, committed 10240K, reserved 1048576K
}
Event: 13.415 GC heap after
{Heap after GC invocations=29 (full 0):
 garbage-first heap   total 102400K, used 59758K [0x0000000080000000, 0x0000000100000000)
  region size 1024K, 4 young (4096K), 4 survivors (4096K)
 Metaspace       used 74909K, committed 75392K, reserved 1114112K
  class space    used 10016K, committed 10240K, reserved 1048576K
}
Event: 14.176 GC heap before
{Heap before GC invocations=30 (full 0):
 garbage-first heap   total 111616K, used 83310K [0x0000000080000000, 0x0000000100000000)
  region size 1024K, 27 young (27648K), 4 survivors (4096K)
 Metaspace       used 78915K, committed 79360K, reserved 1122304K
  class space    used 10609K, committed 10816K, reserved 1048576K
}
Event: 14.185 GC heap after
{Heap after GC invocations=31 (full 0):
 garbage-first heap   total 111616K, used 61552K [0x0000000080000000, 0x0000000100000000)
  region size 1024K, 4 young (4096K), 4 survivors (4096K)
 Metaspace       used 78915K, committed 79360K, reserved 1122304K
  class space    used 10609K, committed 10816K, reserved 1048576K
}

Dll operation events (2 events):
Event: 0.008 Loaded shared library C:\Program Files\Android\Android Studio\jbr\bin\java.dll
Event: 0.549 Loaded shared library C:\Program Files\Android\Android Studio\jbr\bin\verify.dll

Deoptimization events (20 events):
Event: 14.190 Thread 0x0000017c56a868b0 DEOPT PACKING pc=0x0000017c07ba62d0 sp=0x00000001022f9320
Event: 14.190 Thread 0x0000017c56a868b0 DEOPT UNPACKING pc=0x0000017c075869a3 sp=0x00000001022f9140 mode 2
Event: 14.220 Thread 0x0000017c56a868b0 DEOPT PACKING pc=0x0000017c00d1084c sp=0x00000001022f8dd0
Event: 14.220 Thread 0x0000017c56a868b0 DEOPT UNPACKING pc=0x0000017c07587143 sp=0x00000001022f8278 mode 0
Event: 14.224 Thread 0x0000017c56a868b0 Uncommon trap: trap_request=0xffffff45 fr.pc=0x0000017c07b839c8 relative=0x00000000000000a8
Event: 14.224 Thread 0x0000017c56a868b0 Uncommon trap: reason=unstable_if action=reinterpret pc=0x0000017c07b839c8 method=java.lang.CharacterDataLatin1.digit(II)I @ 12 c2
Event: 14.224 Thread 0x0000017c56a868b0 DEOPT PACKING pc=0x0000017c07b839c8 sp=0x00000001022f91e0
Event: 14.224 Thread 0x0000017c56a868b0 DEOPT UNPACKING pc=0x0000017c075869a3 sp=0x00000001022f9158 mode 2
Event: 14.287 Thread 0x0000017c56a868b0 Uncommon trap: trap_request=0xffffff45 fr.pc=0x0000017c07d0ea18 relative=0x0000000000000738
Event: 14.287 Thread 0x0000017c56a868b0 Uncommon trap: reason=unstable_if action=reinterpret pc=0x0000017c07d0ea18 method=java.util.HashMap.putVal(ILjava/lang/Object;Ljava/lang/Object;ZZ)Ljava/lang/Object; @ 109 c2
Event: 14.287 Thread 0x0000017c56a868b0 DEOPT PACKING pc=0x0000017c07d0ea18 sp=0x00000001022f7820
Event: 14.287 Thread 0x0000017c56a868b0 DEOPT UNPACKING pc=0x0000017c075869a3 sp=0x00000001022f7738 mode 2
Event: 14.287 Thread 0x0000017c56a868b0 Uncommon trap: trap_request=0xffffff45 fr.pc=0x0000017c07ce099c relative=0x00000000000006bc
Event: 14.287 Thread 0x0000017c56a868b0 Uncommon trap: reason=unstable_if action=reinterpret pc=0x0000017c07ce099c method=java.util.HashMap.putVal(ILjava/lang/Object;Ljava/lang/Object;ZZ)Ljava/lang/Object; @ 109 c2
Event: 14.287 Thread 0x0000017c56a868b0 DEOPT PACKING pc=0x0000017c07ce099c sp=0x00000001022f7770
Event: 14.287 Thread 0x0000017c56a868b0 DEOPT UNPACKING pc=0x0000017c075869a3 sp=0x00000001022f7728 mode 2
Event: 14.482 Thread 0x0000017c56a868b0 DEOPT PACKING pc=0x0000017c003c8b23 sp=0x00000001022f7de0
Event: 14.482 Thread 0x0000017c56a868b0 DEOPT UNPACKING pc=0x0000017c07587143 sp=0x00000001022f7250 mode 0
Event: 14.496 Thread 0x0000017c56a868b0 DEOPT PACKING pc=0x0000017c00002b5d sp=0x00000001022f9340
Event: 14.496 Thread 0x0000017c56a868b0 DEOPT UNPACKING pc=0x0000017c07587143 sp=0x00000001022f8860 mode 0

Classes unloaded (0 events):
No events

Classes redefined (0 events):
No events

Internal exceptions (20 events):
Event: 12.080 Thread 0x0000017c56a868b0 Exception <a 'java/lang/ClassNotFoundException'{0x00000000856de560}: org/gradle/api/internal/artifacts/dsl/dependencies/DefaultDependencyHandlerBeanInfo> (0x00000000856de560) 
thrown [s\src\hotspot\share\classfile\systemDictionary.cpp, line 256]
Event: 12.081 Thread 0x0000017c56a868b0 Exception <a 'java/lang/ClassNotFoundException'{0x00000000856f4000}: org/gradle/api/internal/artifacts/dsl/dependencies/DefaultDependencyHandlerCustomizer> (0x00000000856f4000) 
thrown [s\src\hotspot\share\classfile\systemDictionary.cpp, line 256]
Event: 12.083 Thread 0x0000017c56a868b0 Exception <a 'java/lang/ClassNotFoundException'{0x000000008552e808}: org/gradle/api/internal/artifacts/dsl/dependencies/DefaultDependencyHandler_DecoratedCustomizer> (0x000000008552e808) 
thrown [s\src\hotspot\share\classfile\systemDictionary.cpp, line 256]
Event: 13.078 Thread 0x0000017c56a868b0 Exception <a 'java/lang/ClassNotFoundException'{0x0000000085d27050}: com/android/build/gradle/internal/api/ApkVariantOutputImpl_DecoratedBeanInfo> (0x0000000085d27050) 
thrown [s\src\hotspot\share\classfile\systemDictionary.cpp, line 256]
Event: 13.078 Thread 0x0000017c56a868b0 Exception <a 'java/lang/ClassNotFoundException'{0x0000000085d32650}: com/android/build/gradle/internal/api/ApkVariantOutputImplBeanInfo> (0x0000000085d32650) 
thrown [s\src\hotspot\share\classfile\systemDictionary.cpp, line 256]
Event: 13.079 Thread 0x0000017c56a868b0 Exception <a 'java/lang/ClassNotFoundException'{0x0000000085d3dc60}: com/android/build/gradle/internal/api/BaseVariantOutputImplBeanInfo> (0x0000000085d3dc60) 
thrown [s\src\hotspot\share\classfile\systemDictionary.cpp, line 256]
Event: 13.080 Thread 0x0000017c56a868b0 Exception <a 'java/lang/ClassNotFoundException'{0x0000000085d49248}: com/android/build/gradle/internal/api/BaseVariantOutputImplCustomizer> (0x0000000085d49248) 
thrown [s\src\hotspot\share\classfile\systemDictionary.cpp, line 256]
Event: 13.081 Thread 0x0000017c56a868b0 Exception <a 'java/lang/ClassNotFoundException'{0x0000000085d67730}: com/android/build/gradle/internal/api/ApkVariantOutputImplCustomizer> (0x0000000085d67730) 
thrown [s\src\hotspot\share\classfile\systemDictionary.cpp, line 256]
Event: 13.081 Thread 0x0000017c56a868b0 Exception <a 'java/lang/ClassNotFoundException'{0x0000000085d81860}: com/android/build/gradle/internal/api/ApkVariantOutputImpl_DecoratedCustomizer> (0x0000000085d81860) 
thrown [s\src\hotspot\share\classfile\systemDictionary.cpp, line 256]
Event: 13.092 Thread 0x0000017c56a868b0 Exception <a 'java/lang/NoClassDefFoundError'{0x0000000085c736b8}: org/jetbrains/kotlin/gradle/plugin/KotlinBasePluginWrapper> (0x0000000085c736b8) 
thrown [s\src\hotspot\share\classfile\systemDictionary.cpp, line 245]
Event: 13.473 Thread 0x0000017c56a868b0 Exception <a 'sun/nio/fs/WindowsException'{0x00000000861601c8}> (0x00000000861601c8) 
thrown [s\src\hotspot\share\prims\jni.cpp, line 517]
Event: 13.473 Thread 0x0000017c56a868b0 Exception <a 'sun/nio/fs/WindowsException'{0x00000000861606d8}> (0x00000000861606d8) 
thrown [s\src\hotspot\share\prims\jni.cpp, line 517]
Event: 13.704 Thread 0x0000017c56a868b0 Exception <a 'java/lang/NullPointerException'{0x0000000086768548}> (0x0000000086768548) 
thrown [s\src\hotspot\share\interpreter\linkResolver.cpp, line 1447]
Event: 14.078 Thread 0x0000017c56a868b0 Exception <a 'java/lang/NoSuchMethodError'{0x0000000085646be0}: 'java.lang.Object java.lang.invoke.DirectMethodHandle$Holder.newInvokeSpecial(java.lang.Object, java.lang.Object, int)'> (0x0000000085646be0) 
thrown [s\src\hotspot\share\interpreter\linkResolver.cpp, line 771]
Event: 14.201 Thread 0x0000017c56a868b0 Exception <a 'sun/nio/fs/WindowsException'{0x0000000087f56788}> (0x0000000087f56788) 
thrown [s\src\hotspot\share\prims\jni.cpp, line 517]
Event: 14.201 Thread 0x0000017c56a868b0 Exception <a 'sun/nio/fs/WindowsException'{0x0000000087f57b18}> (0x0000000087f57b18) 
thrown [s\src\hotspot\share\prims\jni.cpp, line 517]
Event: 14.202 Thread 0x0000017c56a868b0 Exception <a 'sun/nio/fs/WindowsException'{0x0000000087f58ee0}> (0x0000000087f58ee0) 
thrown [s\src\hotspot\share\prims\jni.cpp, line 517]
Event: 14.202 Thread 0x0000017c56a868b0 Exception <a 'sun/nio/fs/WindowsException'{0x0000000087f5a2a8}> (0x0000000087f5a2a8) 
thrown [s\src\hotspot\share\prims\jni.cpp, line 517]
Event: 14.493 Thread 0x0000017c56a868b0 Exception <a 'java/lang/NoSuchMethodError'{0x0000000085a604b0}: 'java.lang.Object java.lang.invoke.DirectMethodHandle$Holder.invokeStatic(java.lang.Object, java.lang.Object, int, int)'> (0x0000000085a604b0) 
thrown [s\src\hotspot\share\interpreter\linkResolver.cpp, line 771]
Event: 14.494 Thread 0x0000017c56a868b0 Exception <a 'java/lang/NoSuchMethodError'{0x0000000085a68768}: 'java.lang.Object java.lang.invoke.DirectMethodHandle$Holder.newInvokeSpecial(java.lang.Object, java.lang.Object, int, int)'> (0x0000000085a68768) 
thrown [s\src\hotspot\share\interpreter\linkResolver.cpp, line 771]

VM Operations (20 events):
Event: 12.843 Executing VM operation: HandshakeAllThreads
Event: 12.844 Executing VM operation: HandshakeAllThreads done
Event: 12.969 Executing VM operation: G1CollectForAllocation
Event: 12.981 Executing VM operation: G1CollectForAllocation done
Event: 13.406 Executing VM operation: G1CollectForAllocation
Event: 13.415 Executing VM operation: G1CollectForAllocation done
Event: 13.561 Executing VM operation: G1Concurrent
Event: 13.569 Executing VM operation: G1Concurrent done
Event: 13.628 Executing VM operation: G1Concurrent
Event: 13.628 Executing VM operation: G1Concurrent done
Event: 13.638 Executing VM operation: HandshakeAllThreads
Event: 13.638 Executing VM operation: HandshakeAllThreads done
Event: 13.821 Executing VM operation: HandshakeAllThreads
Event: 13.821 Executing VM operation: HandshakeAllThreads done
Event: 14.176 Executing VM operation: G1CollectForAllocation
Event: 14.185 Executing VM operation: G1CollectForAllocation done
Event: 14.229 Executing VM operation: HandshakeAllThreads
Event: 14.229 Executing VM operation: HandshakeAllThreads done
Event: 14.536 Executing VM operation: HandshakeAllThreads
Event: 14.537 Executing VM operation: HandshakeAllThreads done

Events (20 events):
Event: 14.141 loading class com/sun/org/apache/xerces/internal/impl/Constants$ArrayEnumeration
Event: 14.141 loading class com/sun/org/apache/xerces/internal/impl/Constants$ArrayEnumeration done
Event: 14.142 loading class org/xml/sax/helpers/AttributesImpl
Event: 14.142 loading class org/xml/sax/helpers/AttributesImpl done
Event: 14.143 loading class java/util/regex/Pattern$Behind
Event: 14.144 loading class java/util/regex/Pattern$Behind done
Event: 14.144 loading class java/util/regex/Pattern$Neg
Event: 14.144 loading class java/util/regex/Pattern$Neg done
Event: 14.189 loading class javax/xml/datatype/DatatypeConfigurationException
Event: 14.189 loading class javax/xml/datatype/DatatypeConfigurationException done
Event: 14.193 loading class com/sun/org/apache/xerces/internal/impl/io/MalformedByteSequenceException
Event: 14.193 loading class com/sun/org/apache/xerces/internal/impl/io/MalformedByteSequenceException done
Event: 14.202 loading class java/util/EnumMap$EntrySet
Event: 14.202 loading class java/util/EnumMap$EntrySet done
Event: 14.202 loading class java/util/EnumMap$EntryIterator
Event: 14.202 loading class java/util/EnumMap$EnumMapIterator
Event: 14.203 loading class java/util/EnumMap$EnumMapIterator done
Event: 14.203 loading class java/util/EnumMap$EntryIterator done
Event: 14.203 loading class java/util/EnumMap$EntryIterator$Entry
Event: 14.203 loading class java/util/EnumMap$EntryIterator$Entry done


Dynamic libraries:
0x00007ff6504c0000 - 0x00007ff6504ca000 	C:\Program Files\Android\Android Studio\jbr\bin\java.exe
0x00007ff81df70000 - 0x00007ff81e167000 	C:\Windows\SYSTEM32\ntdll.dll
0x00007ff81c150000 - 0x00007ff81c20d000 	C:\Windows\System32\KERNEL32.DLL
0x00007ff81b850000 - 0x00007ff81bb46000 	C:\Windows\System32\KERNELBASE.dll
0x00007ff81bb50000 - 0x00007ff81bc50000 	C:\Windows\System32\ucrtbase.dll
0x00007ff8053d0000 - 0x00007ff8053e7000 	C:\Program Files\Android\Android Studio\jbr\bin\jli.dll
0x00007ff806940000 - 0x00007ff80695b000 	C:\Program Files\Android\Android Studio\jbr\bin\VCRUNTIME140.dll
0x00007ff81dc20000 - 0x00007ff81ddbe000 	C:\Windows\System32\USER32.dll
0x00007ff81be00000 - 0x00007ff81be22000 	C:\Windows\System32\win32u.dll
0x00007ff80aaf0000 - 0x00007ff80ad8a000 	C:\Windows\WinSxS\amd64_microsoft.windows.common-controls_6595b64144ccf1df_6.0.19041.3570_none_60bb2a3971f3e41a\COMCTL32.dll
0x00007ff81c370000 - 0x00007ff81c39c000 	C:\Windows\System32\GDI32.dll
0x00007ff81cd20000 - 0x00007ff81cdbe000 	C:\Windows\System32\msvcrt.dll
0x00007ff81beb0000 - 0x00007ff81bfca000 	C:\Windows\System32\gdi32full.dll
0x00007ff81b7b0000 - 0x00007ff81b84d000 	C:\Windows\System32\msvcp_win.dll
0x00007ff81c210000 - 0x00007ff81c240000 	C:\Windows\System32\IMM32.DLL
0x00007ff806930000 - 0x00007ff80693c000 	C:\Program Files\Android\Android Studio\jbr\bin\vcruntime140_1.dll
0x00007fffec8e0000 - 0x00007fffec96d000 	C:\Program Files\Android\Android Studio\jbr\bin\msvcp140.dll
0x00007fffe6080000 - 0x00007fffe6cee000 	C:\Program Files\Android\Android Studio\jbr\bin\server\jvm.dll
0x00007ff81bfd0000 - 0x00007ff81c07e000 	C:\Windows\System32\ADVAPI32.dll
0x00007ff81d620000 - 0x00007ff81d6bc000 	C:\Windows\System32\sechost.dll
0x00007ff81d860000 - 0x00007ff81d986000 	C:\Windows\System32\RPCRT4.dll
0x00007ff816230000 - 0x00007ff816239000 	C:\Windows\SYSTEM32\WSOCK32.dll
0x00007ff816ab0000 - 0x00007ff816ad7000 	C:\Windows\SYSTEM32\WINMM.dll
0x00007ff81d990000 - 0x00007ff81d9fb000 	C:\Windows\System32\WS2_32.dll
0x00007ff80f6a0000 - 0x00007ff80f6aa000 	C:\Windows\SYSTEM32\VERSION.dll
0x00007ff819e80000 - 0x00007ff819e92000 	C:\Windows\SYSTEM32\kernel.appcore.dll
0x00007ff814310000 - 0x00007ff81431a000 	C:\Program Files\Android\Android Studio\jbr\bin\jimage.dll
0x00007ff80f930000 - 0x00007ff80fb14000 	C:\Windows\SYSTEM32\DBGHELP.DLL
0x00007ff80f6b0000 - 0x00007ff80f6e4000 	C:\Windows\SYSTEM32\dbgcore.DLL
0x00007ff81bd70000 - 0x00007ff81bdf2000 	C:\Windows\System32\bcryptPrimitives.dll
0x00007ff80cc90000 - 0x00007ff80ccb5000 	C:\Program Files\Android\Android Studio\jbr\bin\java.dll
0x00007ff8067e0000 - 0x00007ff8067f8000 	C:\Program Files\Android\Android Studio\jbr\bin\zip.dll
0x00007ff81ce70000 - 0x00007ff81d5b4000 	C:\Windows\System32\SHELL32.dll
0x00007ff8196d0000 - 0x00007ff819e6b000 	C:\Windows\SYSTEM32\windows.storage.dll
0x00007ff81c550000 - 0x00007ff81c8a4000 	C:\Windows\System32\combase.dll
0x00007ff81b090000 - 0x00007ff81b0bd000 	C:\Windows\SYSTEM32\Wldp.dll
0x00007ff81cdc0000 - 0x00007ff81ce6d000 	C:\Windows\System32\SHCORE.dll
0x00007ff81d5c0000 - 0x00007ff81d615000 	C:\Windows\System32\shlwapi.dll
0x00007ff81b580000 - 0x00007ff81b5a5000 	C:\Windows\SYSTEM32\profapi.dll
0x00007ff806770000 - 0x00007ff806789000 	C:\Program Files\Android\Android Studio\jbr\bin\net.dll
0x00007ff812fc0000 - 0x00007ff8130ca000 	C:\Windows\SYSTEM32\WINHTTP.dll
0x00007ff81adf0000 - 0x00007ff81ae5a000 	C:\Windows\system32\mswsock.dll
0x00007ff805ff0000 - 0x00007ff806006000 	C:\Program Files\Android\Android Studio\jbr\bin\nio.dll
0x00007ff814160000 - 0x00007ff814170000 	C:\Program Files\Android\Android Studio\jbr\bin\verify.dll
0x00007ffffc3f0000 - 0x00007ffffc417000 	C:\Users\admin\.gradle\native\e1d6ef7f7dcc3fd88c89a11ec53ec762bb8ba0a96d01ffa2cd45eb1d1d8dd5c5\windows-amd64\native-platform.dll
0x00007fffec790000 - 0x00007fffec8d4000 	C:\Users\admin\.gradle\native\5664cfc778a61ccfe75a443a1ab52a65af34e5dc3c78e0209fed803814484fcb\windows-amd64\native-platform-file-events.dll
0x00007ff80fd40000 - 0x00007ff80fd49000 	C:\Program Files\Android\Android Studio\jbr\bin\management.dll
0x00007ff80e760000 - 0x00007ff80e76b000 	C:\Program Files\Android\Android Studio\jbr\bin\management_ext.dll
0x00007ff81c240000 - 0x00007ff81c248000 	C:\Windows\System32\PSAPI.DLL
0x00007ff81aff0000 - 0x00007ff81b008000 	C:\Windows\SYSTEM32\CRYPTSP.dll
0x00007ff81a690000 - 0x00007ff81a6c4000 	C:\Windows\system32\rsaenh.dll
0x00007ff81be80000 - 0x00007ff81bea7000 	C:\Windows\System32\bcrypt.dll
0x00007ff81b540000 - 0x00007ff81b56e000 	C:\Windows\SYSTEM32\USERENV.dll
0x00007ff81afe0000 - 0x00007ff81afec000 	C:\Windows\SYSTEM32\CRYPTBASE.dll
0x00007ff81aa90000 - 0x00007ff81aacb000 	C:\Windows\SYSTEM32\IPHLPAPI.DLL
0x00007ff81dde0000 - 0x00007ff81dde8000 	C:\Windows\System32\NSI.dll
0x00007ff813d50000 - 0x00007ff813d67000 	C:\Windows\SYSTEM32\dhcpcsvc6.DLL
0x00007ff8139d0000 - 0x00007ff8139ed000 	C:\Windows\SYSTEM32\dhcpcsvc.DLL
0x00007ff81aad0000 - 0x00007ff81ab9a000 	C:\Windows\SYSTEM32\DNSAPI.dll
0x00007ff80d9c0000 - 0x00007ff80d9c7000 	C:\Windows\system32\wshunix.dll

dbghelp: loaded successfully - version: 4.0.5 - missing functions: none
symbol engine: initialized successfully - sym options: 0x614 - pdb path: .;C:\Program Files\Android\Android Studio\jbr\bin;C:\Windows\SYSTEM32;C:\Windows\WinSxS\amd64_microsoft.windows.common-controls_6595b64144ccf1df_6.0.19041.3570_none_60bb2a3971f3e41a;C:\Program Files\Android\Android Studio\jbr\bin\server;C:\Users\admin\.gradle\native\e1d6ef7f7dcc3fd88c89a11ec53ec762bb8ba0a96d01ffa2cd45eb1d1d8dd5c5\windows-amd64;C:\Users\admin\.gradle\native\5664cfc778a61ccfe75a443a1ab52a65af34e5dc3c78e0209fed803814484fcb\windows-amd64

VM Arguments:
jvm_args: --add-opens=java.base/java.util=ALL-UNNAMED --add-opens=java.base/java.lang=ALL-UNNAMED --add-opens=java.base/java.lang.invoke=ALL-UNNAMED --add-opens=java.base/java.util=ALL-UNNAMED --add-opens=java.prefs/java.util.prefs=ALL-UNNAMED --add-opens=java.prefs/java.util.prefs=ALL-UNNAMED --add-opens=java.base/java.nio.charset=ALL-UNNAMED --add-opens=java.base/java.net=ALL-UNNAMED --add-opens=java.base/java.util.concurrent.atomic=ALL-UNNAMED -Xmx2048m -Dfile.encoding=UTF-8 -Duser.country=US -Duser.language=en -Duser.variant 
java_command: org.gradle.launcher.daemon.bootstrap.GradleDaemon 7.3.3
java_class_path (initial): C:\Users\admin\.gradle\wrapper\dists\gradle-7.3.3-bin\6a41zxkdtcxs8rphpq6y0069z\gradle-7.3.3\lib\gradle-launcher-7.3.3.jar
Launcher Type: SUN_STANDARD

[Global flags]
     intx CICompilerCount                          = 3                                         {product} {ergonomic}
     uint ConcGCThreads                            = 1                                         {product} {ergonomic}
     uint G1ConcRefinementThreads                  = 4                                         {product} {ergonomic}
   size_t G1HeapRegionSize                         = 1048576                                   {product} {ergonomic}
    uintx GCDrainStackTargetSize                   = 64                                        {product} {ergonomic}
   size_t InitialHeapSize                          = 134217728                                 {product} {ergonomic}
   size_t MarkStackSize                            = 4194304                                   {product} {ergonomic}
   size_t MaxHeapSize                              = 2147483648                                {product} {command line}
   size_t MaxNewSize                               = 1287651328                                {product} {ergonomic}
   size_t MinHeapDeltaBytes                        = 1048576                                   {product} {ergonomic}
   size_t MinHeapSize                              = 8388608                                   {product} {ergonomic}
    uintx NonNMethodCodeHeapSize                   = 5832780                                {pd product} {ergonomic}
    uintx NonProfiledCodeHeapSize                  = 122912730                              {pd product} {ergonomic}
    uintx ProfiledCodeHeapSize                     = 122912730                              {pd product} {ergonomic}
    uintx ReservedCodeCacheSize                    = 251658240                              {pd product} {ergonomic}
     bool SegmentedCodeCache                       = true                                      {product} {ergonomic}
   size_t SoftMaxHeapSize                          = 2147483648                             {manageable} {ergonomic}
     bool UseCompressedClassPointers               = true                           {product lp64_product} {ergonomic}
     bool UseCompressedOops                        = true                           {product lp64_product} {ergonomic}
     bool UseG1GC                                  = true                                      {product} {ergonomic}
     bool UseLargePagesIndividualAllocation        = false                                  {pd product} {ergonomic}

Logging:
Log output configuration:
 #0: stdout all=warning uptime,level,tags
 #1: stderr all=off uptime,level,tags

Environment Variables:
JAVA_HOME=C:\Program Files\Java\jdk-20\
PATH=C:\Program Files (x86)\VMware\VMware Workstation\bin\;C:\Program Files\Common Files\Oracle\Java\javapath;C:\Windows\system32;C:\Windows;C:\Windows\System32\Wbem;C:\Windows\System32\WindowsPowerShell\v1.0\;C:\Windows\System32\OpenSSH\;C:\Program Files\Azure Data Studio\bin;C:\Program Files\Git\cmd;E:\;C:\Program Files\Microsoft SQL Server\130\Tools\Binn\;C:\Program Files\Microsoft SQL Server\Client SDK\ODBC\170\Tools\Binn\;C:\Program Files (x86)\Microsoft SQL Server\150\Tools\Binn\;C:\Program Files\Microsoft SQL Server\150\Tools\Binn\;C:\Program Files\Microsoft SQL Server\150\DTS\Binn\;C:\Program Files (x86)\Microsoft SQL Server\160\DTS\Binn\;C:\Users\admin\AppData\Local\Microsoft\WindowsApps;C:\Program Files\Azure Data Studio\bin;C:\Users\admin\AppData\Local\Programs\Microsoft VS Code\bin;C:\Users\admin\AppData\Roaming\npm
USERNAME=admin
OS=Windows_NT
PROCESSOR_IDENTIFIER=Intel64 Family 6 Model 69 Stepping 1, GenuineIntel
TMP=C:\Users\admin\AppData\Local\Temp
TEMP=C:\Users\admin\AppData\Local\Temp


JNI global refs:
JNI global refs: 24, weak refs: 5

JNI global refs memory usage: 843, weak refs: 841


---------------  S Y S T E M  ---------------

OS:
 Windows 10 , 64 bit Build 19041 (10.0.19041.3570)
OS uptime: 3 days 5:06 hours

CPU: total 4 (initial active 4) (2 cores per cpu, 2 threads per core) family 6 model 69 stepping 1 microcode 0x25, cx8, cmov, fxsr, ht, mmx, sse, sse2, sse3, ssse3, sse4.1, sse4.2, popcnt, lzcnt, tsc, tscinvbit, avx, avx2, aes, erms, clmul, bmi1, bmi2, fma, vzeroupper, clflush

Memory: 4k page, system-wide physical 8097M (86M free)
TotalPageFile size 13359M (AvailPageFile size 5M)
current process WorkingSet (physical memory assigned to process): 314M, peak: 314M
current process commit charge ("private bytes"): 341M, peak: 343M

vm_info: OpenJDK 64-Bit Server VM (17.0.6+0-b2043.56-10027231) for windows-amd64 JRE (17.0.6+0-b2043.56-10027231), built on Apr 28 2023 00:43:19 by "androidbuild" with MS VC++ 16.10 / 16.11 (VS2019)

END.
